#
# There is insufficient memory for the Java Runtime Environment to continue.
# Native memory allocation (mmap) failed to map 4194304 bytes. Error detail: G1 virtual space
# Possible reasons:
#   The system is out of physical RAM or swap space
#   This process is running with CompressedOops enabled, and the Java Heap may be blocking the growth of the native heap
# Possible solutions:
#   Reduce memory load on the system
#   Increase physical memory or swap space
#   Check if swap backing store is full
#   Decrease Java heap size (-Xmx/-Xms)
#   Decrease number of Java threads
#   Decrease Java thread stack sizes (-Xss)
#   Set larger code cache with -XX:ReservedCodeCacheSize=
#   JVM is running with Zero Based Compressed Oops mode in which the Java heap is
#     placed in the first 32GB address space. The Java Heap base address is the
#     maximum limit for the native heap growth. Please use -XX:HeapBaseMinAddress
#     to set the Java Heap base and to place the Java Heap above 32GB virtual address.
# This output file may be truncated or incomplete.
#
#  Out of Memory Error (os_windows.cpp:3714), pid=31548, tid=10928
#
# JRE version: OpenJDK Runtime Environment Temurin-21.0.10+7 (21.0.10+7) (build 21.0.10+7-LTS)
# Java VM: OpenJDK 64-Bit Server VM Temurin-21.0.10+7 (21.0.10+7-LTS, mixed mode, sharing, tiered, compressed oops, compressed class ptrs, g1 gc, windows-amd64)
# No core dump will be written. Minidumps are not enabled by default on client versions of Windows
#

---------------  S U M M A R Y ------------

Command Line: --add-opens=java.base/java.lang=ALL-UNNAMED --add-opens=java.base/java.lang.invoke=ALL-UNNAMED --add-opens=java.base/java.util=ALL-UNNAMED --add-opens=java.prefs/java.util.prefs=ALL-UNNAMED --add-exports=jdk.compiler/com.sun.tools.javac.api=ALL-UNNAMED --add-exports=jdk.compiler/com.sun.tools.javac.util=ALL-UNNAMED --add-opens=java.base/java.util=ALL-UNNAMED --add-opens=java.prefs/java.util.prefs=ALL-UNNAMED --add-opens=java.base/java.nio.charset=ALL-UNNAMED --add-opens=java.base/java.net=ALL-UNNAMED --add-opens=java.base/java.util.concurrent.atomic=ALL-UNNAMED --add-opens=java.xml/javax.xml.namespace=ALL-UNNAMED -XX:MaxMetaspaceSize=4G -XX:ReservedCodeCacheSize=512m -XX:+HeapDumpOnOutOfMemoryError -Xmx8G -Dfile.encoding=UTF-8 -Duser.country=US -Duser.language=en -Duser.variant -javaagent:C:\Users\LENOVO\.gradle\wrapper\dists\gradle-8.14-all\c2qonpi39x1mddn7hk5gh9iqj\gradle-8.14\lib\agents\gradle-instrumentation-agent-8.14.jar -Dsun.java2d.d3d=false -Dsun.java2d.opengl=false org.gradle.launcher.daemon.bootstrap.GradleDaemon 8.14

Host: AMD Ryzen 5 5600U with Radeon Graphics         , 12 cores, 5G,  Windows 11 , 64 bit Build 26100 (10.0.26100.8521)
Time: Fri Jun 19 16:59:04 2026 SE Asia Standard Time elapsed time: 31.851801 seconds (0d 0h 0m 31s)

---------------  T H R E A D  ---------------

Current thread (0x0000015dc65f8080):  WorkerThread "GC Thread#7"    [id=10928, stack(0x0000002d1a500000,0x0000002d1a600000) (1024K)]

Stack: [0x0000002d1a500000,0x0000002d1a600000]
Native frames: (J=compiled Java code, j=interpreted, Vv=VM code, C=native code)
V  [jvm.dll+0x6d7a39]
V  [jvm.dll+0x8b4b26]
V  [jvm.dll+0x8b70de]
V  [jvm.dll+0x8b77c3]
V  [jvm.dll+0x284346]
V  [jvm.dll+0x6d4355]
V  [jvm.dll+0x6c808a]
V  [jvm.dll+0x35edb8]
V  [jvm.dll+0x3669f6]
V  [jvm.dll+0x3b77ff]
V  [jvm.dll+0x3b7e94]
V  [jvm.dll+0x3b7f5f]
V  [jvm.dll+0x33454c]
V  [jvm.dll+0x3342a5]
V  [jvm.dll+0x322eb6]
V  [jvm.dll+0x323cca]
V  [jvm.dll+0x3240b2]
V  [jvm.dll+0x323b2d]
V  [jvm.dll+0x360bf6]
V  [jvm.dll+0x360f6a]
V  [jvm.dll+0x362053]
V  [jvm.dll+0x361ccb]
V  [jvm.dll+0x375e09]
V  [jvm.dll+0x3764ba]
V  [jvm.dll+0x3765a7]
V  [jvm.dll+0x37745b]
V  [jvm.dll+0x8e2b41]
V  [jvm.dll+0x85f59d]
V  [jvm.dll+0x6d626d]
C  [ucrtbase.dll+0x2cd30]
C  [KERNEL32.DLL+0x2e957]
C  [ntdll.dll+0x87c1c]


---------------  P R O C E S S  ---------------

Threads class SMR info:
_java_thread_list=0x0000015dc9827c40, length=69, elements={
0x0000015dcfa051f0, 0x0000015dfd5255c0, 0x0000015dfd528030, 0x0000015dfd52b4a0,
0x0000015dfd52d910, 0x0000015dfd52f600, 0x0000015dfd530060, 0x0000015dfd535230,
0x0000015dfd535cd0, 0x0000015d802b4250, 0x0000015d80312b00, 0x0000015dc6d99d80,
0x0000015dc6e447a0, 0x0000015dc704a880, 0x0000015dc7097400, 0x0000015dc709cd00,
0x0000015dc7002290, 0x0000015dc7000f80, 0x0000015dc6f98610, 0x0000015dc6f9b400,
0x0000015dc6f97f80, 0x0000015dc6f98ca0, 0x0000015dc6f9a050, 0x0000015dc6f9ad70,
0x0000015dc6f9a6e0, 0x0000015dc6f999c0, 0x0000015dc7e4b8c0, 0x0000015dc7e4e020,
0x0000015dc7e4c5e0, 0x0000015dc7e4bf50, 0x0000015dc7e4cc70, 0x0000015dc7e4d990,
0x0000015dc9652cf0, 0x0000015dc96540a0, 0x0000015dc9653380, 0x0000015dc9654730,
0x0000015dc9655450, 0x0000015dc9652660, 0x0000015dc9658240, 0x0000015dc9657bb0,
0x0000015dc9656e90, 0x0000015dc96588d0, 0x0000015dc9656170, 0x0000015dc9657520,
0x0000015dc9658f60, 0x0000015dc9659c80, 0x0000015dc96595f0, 0x0000015dc9656800,
0x0000015dc9825940, 0x0000015dc9823f00, 0x0000015dc9824590, 0x0000015dc9824c20,
0x0000015dc9822b50, 0x0000015dc9825fd0, 0x0000015dc98231e0, 0x0000015dc9823870,
0x0000015dc98252b0, 0x0000015dc838ab00, 0x0000015dc838cbd0, 0x0000015dc838b190,
0x0000015dc838b820, 0x0000015dc838d260, 0x0000015dc8389de0, 0x0000015dc838beb0,
0x0000015dc838c540, 0x0000015dc838a470, 0x0000015dc86462e0, 0x0000015dc8644f30,
0x0000015dc86434f0
}

Java Threads: ( => current thread )
  0x0000015dcfa051f0 JavaThread "main"                              [_thread_blocked, id=21340, stack(0x0000002d18300000,0x0000002d18400000) (1024K)]
  0x0000015dfd5255c0 JavaThread "Reference Handler"          daemon [_thread_blocked, id=22160, stack(0x0000002d18b00000,0x0000002d18c00000) (1024K)]
  0x0000015dfd528030 JavaThread "Finalizer"                  daemon [_thread_blocked, id=15368, stack(0x0000002d18c00000,0x0000002d18d00000) (1024K)]
  0x0000015dfd52b4a0 JavaThread "Signal Dispatcher"          daemon [_thread_blocked, id=29284, stack(0x0000002d18d00000,0x0000002d18e00000) (1024K)]
  0x0000015dfd52d910 JavaThread "Attach Listener"            daemon [_thread_blocked, id=12472, stack(0x0000002d18e00000,0x0000002d18f00000) (1024K)]
  0x0000015dfd52f600 JavaThread "Service Thread"             daemon [_thread_blocked, id=328, stack(0x0000002d18f00000,0x0000002d19000000) (1024K)]
  0x0000015dfd530060 JavaThread "Monitor Deflation Thread"   daemon [_thread_blocked, id=21268, stack(0x0000002d19000000,0x0000002d19100000) (1024K)]
  0x0000015dfd535230 JavaThread "C2 CompilerThread0"         daemon [_thread_blocked, id=9364, stack(0x0000002d19100000,0x0000002d19200000) (1024K)]
  0x0000015dfd535cd0 JavaThread "C1 CompilerThread0"         daemon [_thread_blocked, id=28120, stack(0x0000002d19200000,0x0000002d19300000) (1024K)]
  0x0000015d802b4250 JavaThread "Common-Cleaner"             daemon [_thread_blocked, id=11968, stack(0x0000002d19300000,0x0000002d19400000) (1024K)]
  0x0000015d80312b00 JavaThread "Notification Thread"        daemon [_thread_blocked, id=24664, stack(0x0000002d19400000,0x0000002d19500000) (1024K)]
  0x0000015dc6d99d80 JavaThread "Daemon health stats"               [_thread_blocked, id=27708, stack(0x0000002d19700000,0x0000002d19800000) (1024K)]
  0x0000015dc6e447a0 JavaThread "Incoming local TCP Connector on port 65334"        [_thread_in_native, id=23004, stack(0x0000002d19a00000,0x0000002d19b00000) (1024K)]
  0x0000015dc704a880 JavaThread "Daemon periodic checks"            [_thread_blocked, id=32736, stack(0x0000002d19b00000,0x0000002d19c00000) (1024K)]
  0x0000015dc7097400 JavaThread "Daemon"                            [_thread_blocked, id=4888, stack(0x0000002d19c00000,0x0000002d19d00000) (1024K)]
  0x0000015dc709cd00 JavaThread "Handler for socket connection from /127.0.0.1:65334 to /127.0.0.1:65335"        [_thread_in_native, id=25112, stack(0x0000002d19d00000,0x0000002d19e00000) (1024K)]
  0x0000015dc7002290 JavaThread "Cancel handler"                    [_thread_blocked, id=13820, stack(0x0000002d19e00000,0x0000002d19f00000) (1024K)]
  0x0000015dc7000f80 JavaThread "Daemon worker"                     [_thread_blocked, id=29780, stack(0x0000002d19f00000,0x0000002d1a000000) (1024K)]
  0x0000015dc6f98610 JavaThread "Asynchronous log dispatcher for DefaultDaemonConnection: socket connection from /127.0.0.1:65334 to /127.0.0.1:65335"        [_thread_blocked, id=6268, stack(0x0000002d1a000000,0x0000002d1a100000) (1024K)]
  0x0000015dc6f9b400 JavaThread "Stdin handler"                     [_thread_blocked, id=16192, stack(0x0000002d1a100000,0x0000002d1a200000) (1024K)]
  0x0000015dc6f97f80 JavaThread "Daemon client event forwarder"        [_thread_blocked, id=3040, stack(0x0000002d1a200000,0x0000002d1a300000) (1024K)]
  0x0000015dc6f98ca0 JavaThread "Cache worker for journal cache (C:\Users\LENOVO\.gradle\caches\journal-1)"        [_thread_blocked, id=22056, stack(0x0000002d1a800000,0x0000002d1a900000) (1024K)]
  0x0000015dc6f9a050 JavaThread "File lock request listener"        [_thread_in_native, id=8232, stack(0x0000002d1a900000,0x0000002d1aa00000) (1024K)]
  0x0000015dc6f9ad70 JavaThread "Cache worker for file hash cache (C:\Users\LENOVO\.gradle\caches\8.14\fileHashes)"        [_thread_blocked, id=28340, stack(0x0000002d1aa00000,0x0000002d1ab00000) (1024K)]
  0x0000015dc6f9a6e0 JavaThread "Cache worker for file hash cache (C:\DOANTOTNGHIEP\CODE_CHO_DOAN\doantotnghiep\android\.gradle\8.14\fileHashes)"        [_thread_blocked, id=4628, stack(0x0000002d1ad00000,0x0000002d1ae00000) (1024K)]
  0x0000015dc6f999c0 JavaThread "Cache worker for Build Output Cleanup Cache (C:\DOANTOTNGHIEP\CODE_CHO_DOAN\doantotnghiep\android\.gradle\buildOutputCleanup)"        [_thread_blocked, id=28072, stack(0x0000002d1ae00000,0x0000002d1af00000) (1024K)]
  0x0000015dc7e4b8c0 JavaThread "File watcher server"        daemon [_thread_in_native, id=32456, stack(0x0000002d1af00000,0x0000002d1b000000) (1024K)]
  0x0000015dc7e4e020 JavaThread "File watcher consumer"      daemon [_thread_blocked, id=27780, stack(0x0000002d1b000000,0x0000002d1b100000) (1024K)]
  0x0000015dc7e4c5e0 JavaThread "jar transforms"                    [_thread_blocked, id=32636, stack(0x0000002d1b100000,0x0000002d1b200000) (1024K)]
  0x0000015dc7e4bf50 JavaThread "jar transforms Thread 2"           [_thread_blocked, id=14896, stack(0x0000002d1b200000,0x0000002d1b300000) (1024K)]
  0x0000015dc7e4cc70 JavaThread "Cache worker for checksums cache (C:\DOANTOTNGHIEP\CODE_CHO_DOAN\doantotnghiep\android\.gradle\8.14\checksums)"        [_thread_blocked, id=29112, stack(0x0000002d1b300000,0x0000002d1b400000) (1024K)]
  0x0000015dc7e4d990 JavaThread "Cache worker for file content cache (C:\Users\LENOVO\.gradle\caches\8.14\fileContent)"        [_thread_blocked, id=31240, stack(0x0000002d1b400000,0x0000002d1b500000) (1024K)]
  0x0000015dc9652cf0 JavaThread "Cache worker for cache directory md-supplier (C:\Users\LENOVO\.gradle\caches\8.14\md-supplier)"        [_thread_blocked, id=11920, stack(0x0000002d1b500000,0x0000002d1b600000) (1024K)]
  0x0000015dc96540a0 JavaThread "Cache worker for cache directory md-rule (C:\Users\LENOVO\.gradle\caches\8.14\md-rule)"        [_thread_blocked, id=8032, stack(0x0000002d1b600000,0x0000002d1b700000) (1024K)]
  0x0000015dc9653380 JavaThread "Cache worker for Build Output Cleanup Cache (C:\development\flutter\packages\flutter_tools\gradle\.gradle\buildOutputCleanup)"        [_thread_blocked, id=33036, stack(0x0000002d1b800000,0x0000002d1b900000) (1024K)]
  0x0000015dc9654730 JavaThread "Unconstrained build operations"        [_thread_blocked, id=32600, stack(0x0000002d1ba00000,0x0000002d1bb00000) (1024K)]
  0x0000015dc9655450 JavaThread "Unconstrained build operations Thread 2"        [_thread_blocked, id=33780, stack(0x0000002d1bb00000,0x0000002d1bc00000) (1024K)]
  0x0000015dc9652660 JavaThread "Unconstrained build operations Thread 3"        [_thread_blocked, id=33516, stack(0x0000002d1bc00000,0x0000002d1bd00000) (1024K)]
  0x0000015dc9658240 JavaThread "Unconstrained build operations Thread 4"        [_thread_blocked, id=18668, stack(0x0000002d1bd00000,0x0000002d1be00000) (1024K)]
  0x0000015dc9657bb0 JavaThread "Unconstrained build operations Thread 5"        [_thread_blocked, id=33392, stack(0x0000002d1be00000,0x0000002d1bf00000) (1024K)]
  0x0000015dc9656e90 JavaThread "Unconstrained build operations Thread 6"        [_thread_blocked, id=33016, stack(0x0000002d1bf00000,0x0000002d1c000000) (1024K)]
  0x0000015dc96588d0 JavaThread "Unconstrained build operations Thread 7"        [_thread_blocked, id=33756, stack(0x0000002d1c000000,0x0000002d1c100000) (1024K)]
  0x0000015dc9656170 JavaThread "Unconstrained build operations Thread 8"        [_thread_blocked, id=8412, stack(0x0000002d1c100000,0x0000002d1c200000) (1024K)]
  0x0000015dc9657520 JavaThread "Unconstrained build operations Thread 9"        [_thread_blocked, id=27756, stack(0x0000002d1c200000,0x0000002d1c300000) (1024K)]
  0x0000015dc9658f60 JavaThread "Unconstrained build operations Thread 10"        [_thread_blocked, id=33760, stack(0x0000002d1c300000,0x0000002d1c400000) (1024K)]
  0x0000015dc9659c80 JavaThread "Unconstrained build operations Thread 11"        [_thread_blocked, id=2388, stack(0x0000002d1c400000,0x0000002d1c500000) (1024K)]
  0x0000015dc96595f0 JavaThread "Unconstrained build operations Thread 12"        [_thread_blocked, id=30388, stack(0x0000002d1c500000,0x0000002d1c600000) (1024K)]
  0x0000015dc9656800 JavaThread "Unconstrained build operations Thread 13"        [_thread_blocked, id=32948, stack(0x0000002d1c600000,0x0000002d1c700000) (1024K)]
  0x0000015dc9825940 JavaThread "Unconstrained build operations Thread 14"        [_thread_blocked, id=33232, stack(0x0000002d1c700000,0x0000002d1c800000) (1024K)]
  0x0000015dc9823f00 JavaThread "Unconstrained build operations Thread 15"        [_thread_blocked, id=32984, stack(0x0000002d1c800000,0x0000002d1c900000) (1024K)]
  0x0000015dc9824590 JavaThread "Unconstrained build operations Thread 16"        [_thread_blocked, id=33024, stack(0x0000002d1c900000,0x0000002d1ca00000) (1024K)]
  0x0000015dc9824c20 JavaThread "Unconstrained build operations Thread 17"        [_thread_blocked, id=33736, stack(0x0000002d1ca00000,0x0000002d1cb00000) (1024K)]
  0x0000015dc9822b50 JavaThread "Unconstrained build operations Thread 18"        [_thread_blocked, id=33616, stack(0x0000002d1cb00000,0x0000002d1cc00000) (1024K)]
  0x0000015dc9825fd0 JavaThread "Unconstrained build operations Thread 19"        [_thread_blocked, id=26120, stack(0x0000002d1cc00000,0x0000002d1cd00000) (1024K)]
  0x0000015dc98231e0 JavaThread "Unconstrained build operations Thread 20"        [_thread_blocked, id=33552, stack(0x0000002d1cd00000,0x0000002d1ce00000) (1024K)]
  0x0000015dc9823870 JavaThread "Unconstrained build operations Thread 21"        [_thread_blocked, id=33612, stack(0x0000002d1ce00000,0x0000002d1cf00000) (1024K)]
  0x0000015dc98252b0 JavaThread "Unconstrained build operations Thread 22"        [_thread_blocked, id=4656, stack(0x0000002d1cf00000,0x0000002d1d000000) (1024K)]
  0x0000015dc838ab00 JavaThread "Unconstrained build operations Thread 23"        [_thread_blocked, id=33608, stack(0x0000002d1d000000,0x0000002d1d100000) (1024K)]
  0x0000015dc838cbd0 JavaThread "Unconstrained build operations Thread 24"        [_thread_blocked, id=14752, stack(0x0000002d1d100000,0x0000002d1d200000) (1024K)]
  0x0000015dc838b190 JavaThread "Unconstrained build operations Thread 25"        [_thread_blocked, id=33636, stack(0x0000002d1d200000,0x0000002d1d300000) (1024K)]
  0x0000015dc838b820 JavaThread "Unconstrained build operations Thread 26"        [_thread_blocked, id=33052, stack(0x0000002d1d300000,0x0000002d1d400000) (1024K)]
  0x0000015dc838d260 JavaThread "Unconstrained build operations Thread 27"        [_thread_blocked, id=33556, stack(0x0000002d1d400000,0x0000002d1d500000) (1024K)]
  0x0000015dc8389de0 JavaThread "Unconstrained build operations Thread 28"        [_thread_blocked, id=33056, stack(0x0000002d1d500000,0x0000002d1d600000) (1024K)]
  0x0000015dc838beb0 JavaThread "Unconstrained build operations Thread 29"        [_thread_blocked, id=32996, stack(0x0000002d1d600000,0x0000002d1d700000) (1024K)]
  0x0000015dc838c540 JavaThread "Unconstrained build operations Thread 30"        [_thread_blocked, id=33540, stack(0x0000002d1d700000,0x0000002d1d800000) (1024K)]
  0x0000015dc838a470 JavaThread "Unconstrained build operations Thread 31"        [_thread_blocked, id=33584, stack(0x0000002d1d800000,0x0000002d1d900000) (1024K)]
  0x0000015dc86462e0 JavaThread "Unconstrained build operations Thread 32"        [_thread_blocked, id=30600, stack(0x0000002d1d900000,0x0000002d1da00000) (1024K)]
  0x0000015dc8644f30 JavaThread "Unconstrained build operations Thread 33"        [_thread_blocked, id=33660, stack(0x0000002d1da00000,0x0000002d1db00000) (1024K)]
  0x0000015dc86434f0 JavaThread "Memory manager"                    [_thread_blocked, id=29608, stack(0x0000002d1db00000,0x0000002d1dc00000) (1024K)]
Total: 69

Other Threads:
  0x0000015dfd5060e0 VMThread "VM Thread"                           [id=7200, stack(0x0000002d18a00000,0x0000002d18b00000) (1024K)]
  0x0000015dfd4ee320 WatcherThread "VM Periodic Task Thread"        [id=28508, stack(0x0000002d18900000,0x0000002d18a00000) (1024K)]
  0x0000015dcfaae560 WorkerThread "GC Thread#0"                     [id=10656, stack(0x0000002d18400000,0x0000002d18500000) (1024K)]
  0x0000015d80445dc0 WorkerThread "GC Thread#1"                     [id=32212, stack(0x0000002d19500000,0x0000002d19600000) (1024K)]
  0x0000015d804cca10 WorkerThread "GC Thread#2"                     [id=30288, stack(0x0000002d19600000,0x0000002d19700000) (1024K)]
  0x0000015d80a98c20 WorkerThread "GC Thread#3"                     [id=6288, stack(0x0000002d19800000,0x0000002d19900000) (1024K)]
  0x0000015d807edde0 WorkerThread "GC Thread#4"                     [id=28824, stack(0x0000002d19900000,0x0000002d19a00000) (1024K)]
  0x0000015dc65f87e0 WorkerThread "GC Thread#5"                     [id=11772, stack(0x0000002d1a300000,0x0000002d1a400000) (1024K)]
  0x0000015dc65f7cd0 WorkerThread "GC Thread#6"                     [id=31224, stack(0x0000002d1a400000,0x0000002d1a500000) (1024K)]
=>0x0000015dc65f8080 WorkerThread "GC Thread#7"                     [id=10928, stack(0x0000002d1a500000,0x0000002d1a600000) (1024K)]
  0x0000015dc65f8f40 WorkerThread "GC Thread#8"                     [id=31912, stack(0x0000002d1a600000,0x0000002d1a700000) (1024K)]
  0x0000015dc657d610 WorkerThread "GC Thread#9"                     [id=17784, stack(0x0000002d1a700000,0x0000002d1a800000) (1024K)]
  0x0000015dfd374090 ConcurrentGCThread "G1 Main Marker"            [id=30664, stack(0x0000002d18500000,0x0000002d18600000) (1024K)]
  0x0000015dfd374ab0 WorkerThread "G1 Conc#0"                       [id=27748, stack(0x0000002d18600000,0x0000002d18700000) (1024K)]
  0x0000015dc657d260 WorkerThread "G1 Conc#1"                       [id=16484, stack(0x0000002d1ab00000,0x0000002d1ac00000) (1024K)]
  0x0000015dc657a9d0 WorkerThread "G1 Conc#2"                       [id=7632, stack(0x0000002d1ac00000,0x0000002d1ad00000) (1024K)]
  0x0000015dfd3b8c60 ConcurrentGCThread "G1 Refine#0"               [id=18580, stack(0x0000002d18700000,0x0000002d18800000) (1024K)]
  0x0000015dfd3b96f0 ConcurrentGCThread "G1 Service"                [id=14800, stack(0x0000002d18800000,0x0000002d18900000) (1024K)]
Total: 18

Threads with active compile tasks:
Total: 0

VM state: at safepoint (normal execution)

VM Mutex/Monitor currently owned by a thread:  ([mutex/lock_event])
[0x00007ffa947bbfe0] FreeList_lock - owner thread: 0x0000015dc65f8080
[0x00007ffa947be560] Threads_lock - owner thread: 0x0000015dfd5060e0
[0x00007ffa947be660] Heap_lock - owner thread: 0x0000015dc7000f80

Heap address: 0x0000000600000000, size: 8192 MB, Compressed Oops mode: Zero based, Oop shift amount: 3

CDS archive(s) mapped at: [0x0000015d81000000-0x0000015d81ba0000-0x0000015d81ba0000), size 12189696, SharedBaseAddress: 0x0000015d81000000, ArchiveRelocationMode: 1.
Compressed class space mapped at: 0x0000015d82000000-0x0000015dc2000000, reserved size: 1073741824
Narrow klass base: 0x0000015d81000000, Narrow klass shift: 0, Narrow klass range: 0x100000000

GC Precious Log:
 CardTable entry size: 512
 Card Set container configuration: InlinePtr #cards 4 size 8 Array Of Cards #cards 32 size 80 Howl #buckets 8 coarsen threshold 7372 Howl Bitmap #cards 1024 size 144 coarsen threshold 921 Card regions per heap region 1 cards per card region 8192
 CPUs: 12 total, 12 available
 Memory: 5996M
 Large Page Support: Disabled
 NUMA Support: Disabled
 Compressed Oops: Enabled (Zero based)
 Heap Region Size: 4M
 Heap Min Capacity: 8M
 Heap Initial Capacity: 96M
 Heap Max Capacity: 8G
 Pre-touch: Disabled
 Parallel Workers: 10
 Concurrent Workers: 3
 Concurrent Refinement Workers: 10
 Periodic GC: Disabled

Heap:
 garbage-first heap   total 102400K, used 90935K [0x0000000600000000, 0x0000000800000000)
  region size 4096K, 9 young (36864K), 1 survivors (4096K)
 Metaspace       used 64752K, committed 66688K, reserved 1114112K
  class space    used 9399K, committed 10368K, reserved 1048576K

Heap Regions: E=young(eden), S=young(survivor), O=old, HS=humongous(starts), HC=humongous(continues), CS=collection set, F=free, TAMS=top-at-mark-start, PB=parsable bottom
|   0|0x0000000600000000, 0x0000000600400000, 0x0000000600400000|100%|HS|  |TAMS 0x0000000600000000| PB 0x0000000600000000| Complete 
|   1|0x0000000600400000, 0x0000000600800000, 0x0000000600800000|100%| O|  |TAMS 0x0000000600400000| PB 0x0000000600400000| Untracked 
|   2|0x0000000600800000, 0x0000000600c00000, 0x0000000600c00000|100%| O|  |TAMS 0x0000000600800000| PB 0x0000000600800000| Untracked 
|   3|0x0000000600c00000, 0x0000000601000000, 0x0000000601000000|100%| O|  |TAMS 0x0000000600c00000| PB 0x0000000600c00000| Untracked 
|   4|0x0000000601000000, 0x0000000601400000, 0x0000000601400000|100%| O|  |TAMS 0x0000000601000000| PB 0x0000000601000000| Untracked 
|   5|0x0000000601400000, 0x0000000601800000, 0x0000000601800000|100%| O|  |TAMS 0x0000000601400000| PB 0x0000000601400000| Untracked 
|   6|0x0000000601800000, 0x0000000601c00000, 0x0000000601c00000|100%| O|  |TAMS 0x0000000601800000| PB 0x0000000601800000| Untracked 
|   7|0x0000000601c00000, 0x0000000602000000, 0x0000000602000000|100%| O|  |TAMS 0x0000000601c00000| PB 0x0000000601c00000| Untracked 
|   8|0x0000000602000000, 0x0000000602400000, 0x0000000602400000|100%|HS|  |TAMS 0x0000000602000000| PB 0x0000000602000000| Complete 
|   9|0x0000000602400000, 0x0000000602800000, 0x0000000602800000|100%| O|  |TAMS 0x0000000602400000| PB 0x0000000602400000| Untracked 
|  10|0x0000000602800000, 0x0000000602c00000, 0x0000000602c00000|100%| O|  |TAMS 0x0000000602800000| PB 0x0000000602800000| Untracked 
|  11|0x0000000602c00000, 0x0000000602f329d8, 0x0000000603000000| 79%| E|CS|TAMS 0x0000000602c00000| PB 0x0000000602c00000| Complete 
|  12|0x0000000603000000, 0x0000000603400000, 0x0000000603400000|100%| O|  |TAMS 0x0000000603000000| PB 0x0000000603000000| Untracked 
|  13|0x0000000603400000, 0x0000000603800000, 0x0000000603800000|100%| E|CS|TAMS 0x0000000603400000| PB 0x0000000603400000| Complete 
|  14|0x0000000603800000, 0x0000000603c00000, 0x0000000603c00000|100%| O|  |TAMS 0x0000000603800000| PB 0x0000000603800000| Untracked 
|  15|0x0000000603c00000, 0x0000000603d77a20, 0x0000000604000000| 36%| S|  |TAMS 0x0000000603c00000| PB 0x0000000603c00000| Complete 
|  16|0x0000000604000000, 0x0000000604400000, 0x0000000604400000|100%| E|CS|TAMS 0x0000000604000000| PB 0x0000000604000000| Complete 
|  17|0x0000000604400000, 0x0000000604800000, 0x0000000604800000|100%| E|CS|TAMS 0x0000000604400000| PB 0x0000000604400000| Complete 
|  18|0x0000000604800000, 0x0000000604c00000, 0x0000000604c00000|100%| E|CS|TAMS 0x0000000604800000| PB 0x0000000604800000| Complete 
|  19|0x0000000604c00000, 0x0000000605000000, 0x0000000605000000|100%| E|CS|TAMS 0x0000000604c00000| PB 0x0000000604c00000| Complete 
|  20|0x0000000605000000, 0x0000000605400000, 0x0000000605400000|100%| E|CS|TAMS 0x0000000605000000| PB 0x0000000605000000| Complete 
|  21|0x0000000605400000, 0x0000000605800000, 0x0000000605800000|100%| E|CS|TAMS 0x0000000605400000| PB 0x0000000605400000| Complete 
|  22|0x0000000605800000, 0x0000000605c00000, 0x0000000605c00000|100%| E|CS|TAMS 0x0000000605800000| PB 0x0000000605800000| Complete 
|  23|0x0000000605c00000, 0x0000000606000000, 0x0000000606000000|100%| E|CS|TAMS 0x0000000605c00000| PB 0x0000000605c00000| Complete 
|2047|0x00000007ffc00000, 0x0000000800000000, 0x0000000800000000|100%| O|  |TAMS 0x00000007ffc00000| PB 0x00000007ffc00000| Untracked 

Card table byte_map: [0x0000015df4370000,0x0000015df5370000] _byte_map_base: 0x0000015df1370000

Marking Bits: (CMBitMap*) 0x0000015dcfaaeb80
 Bits: [0x0000015df5370000, 0x0000015dfd370000)

Polling page: 0x0000015dcd870000

Metaspace:

Usage:
  Non-class:     54.06 MB used.
      Class:      9.18 MB used.
       Both:     63.24 MB used.

Virtual space:
  Non-class space:       64.00 MB reserved,      55.00 MB ( 86%) committed,  1 nodes.
      Class space:        1.00 GB reserved,      10.12 MB ( <1%) committed,  1 nodes.
             Both:        1.06 GB reserved,      65.12 MB (  6%) committed. 

Chunk freelists:
   Non-Class:  9.00 MB
       Class:  5.77 MB
        Both:  14.77 MB

MaxMetaspaceSize: 4.00 GB
CompressedClassSpaceSize: 1.00 GB
Initial GC threshold: 21.00 MB
Current GC threshold: 102.75 MB
CDS: on
 - commit_granule_bytes: 65536.
 - commit_granule_words: 8192.
 - virtual_space_node_default_size: 8388608.
 - enlarge_chunks_in_place: 1.
 - use_allocation_guard: 0.


Internal statistics:

num_allocs_failed_limit: 9.
num_arena_births: 3532.
num_arena_deaths: 0.
num_vsnodes_births: 2.
num_vsnodes_deaths: 0.
num_space_committed: 1042.
num_space_uncommitted: 0.
num_chunks_returned_to_freelist: 9.
num_chunks_taken_from_freelist: 6482.
num_chunk_merges: 9.
num_chunk_splits: 4196.
num_chunks_enlarged: 2557.
num_inconsistent_stats: 0.

CodeHeap 'non-profiled nmethods': size=259264Kb used=3266Kb max_used=3546Kb free=255997Kb
 bounds [0x0000015de2ed0000, 0x0000015de3250000, 0x0000015df2c00000]
CodeHeap 'profiled nmethods': size=259264Kb used=11458Kb max_used=13096Kb free=247806Kb
 bounds [0x0000015dd2c00000, 0x0000015dd38e0000, 0x0000015de2930000]
CodeHeap 'non-nmethods': size=5760Kb used=2694Kb max_used=2715Kb free=3065Kb
 bounds [0x0000015de2930000, 0x0000015de2be0000, 0x0000015de2ed0000]
CodeCache: size=524288Kb, used=17418Kb, max_used=19357Kb, free=506868Kb
 total_blobs=7189, nmethods=6238, adapters=854, full_count=0
Compilation: enabled, stopped_count=0, restarted_count=0

Compilation events (20 events):
Event: 29.236 Thread 0x0000015dfd535cd0 7567       3       kotlin.LazyKt__LazyJVMKt::lazy (102 bytes)
Event: 29.238 Thread 0x0000015dfd535cd0 nmethod 7567 0x0000015dd3444d10 code [0x0000015dd3445120, 0x0000015dd3446bb0]
Event: 29.238 Thread 0x0000015dfd535cd0 7568       3       kotlin.reflect.jvm.internal.ReflectProperties$Val::<init> (5 bytes)
Event: 29.238 Thread 0x0000015dfd535cd0 nmethod 7568 0x0000015dd2cfd810 code [0x0000015dd2cfd9c0, 0x0000015dd2cfdb28]
Event: 29.238 Thread 0x0000015dfd535cd0 7569       3       kotlin.reflect.jvm.internal.ReflectProperties::lazySoft (14 bytes)
Event: 29.238 Thread 0x0000015dfd535cd0 nmethod 7569 0x0000015dd2d66c10 code [0x0000015dd2d66de0, 0x0000015dd2d670a0]
Event: 29.238 Thread 0x0000015dfd535cd0 7570       3       kotlin.SafePublicationLazyImpl::<init> (30 bytes)
Event: 29.239 Thread 0x0000015dfd535cd0 nmethod 7570 0x0000015dd2c5b010 code [0x0000015dd2c5b240, 0x0000015dd2c5b998]
Event: 29.259 Thread 0x0000015dfd535cd0 7571       3       kotlin.reflect.jvm.internal.impl.renderer.DescriptorRendererOptionsImpl::property (20 bytes)
Event: 29.259 Thread 0x0000015dfd535cd0 nmethod 7571 0x0000015dd2cb8d90 code [0x0000015dd2cb8f40, 0x0000015dd2cb9288]
Event: 29.259 Thread 0x0000015dfd535cd0 7572       3       kotlin.reflect.jvm.internal.impl.renderer.DescriptorRendererOptionsImpl$property$$inlined$vetoable$1::<init> (11 bytes)
Event: 29.260 Thread 0x0000015dfd535cd0 nmethod 7572 0x0000015dd2cf8790 code [0x0000015dd2cf8940, 0x0000015dd2cf8bd0]
Event: 29.328 Thread 0x0000015dfd535cd0 7574       3       java.util.Formatter$Flags::contains (13 bytes)
Event: 29.329 Thread 0x0000015dfd535cd0 nmethod 7574 0x0000015dd2c6cb10 code [0x0000015dd2c6cca0, 0x0000015dd2c6cde0]
Event: 29.329 Thread 0x0000015dfd535cd0 7573       1       java.util.Formatter$FormatSpecifier::index (5 bytes)
Event: 29.329 Thread 0x0000015dfd535cd0 nmethod 7573 0x0000015de31a0c90 code [0x0000015de31a0e20, 0x0000015de31a0ee8]
Event: 29.554 Thread 0x0000015dfd535cd0 7575       1       kotlin.reflect.jvm.internal.KClassImpl::getJClass (5 bytes)
Event: 29.554 Thread 0x0000015dfd535cd0 nmethod 7575 0x0000015de31dde90 code [0x0000015de31de020, 0x0000015de31de0f0]
Event: 29.554 Thread 0x0000015dfd535cd0 7576       3       kotlin.jvm.internal.Intrinsics::checkNotNull (9 bytes)
Event: 29.555 Thread 0x0000015dfd535cd0 nmethod 7576 0x0000015dd2c12290 code [0x0000015dd2c124a0, 0x0000015dd2c12970]

GC Heap History (20 events):
Event: 9.815 GC heap after
{Heap after GC invocations=8 (full 0):
 garbage-first heap   total 98304K, used 28396K [0x0000000600000000, 0x0000000800000000)
  region size 4096K, 2 young (8192K), 2 survivors (8192K)
 Metaspace       used 27720K, committed 28672K, reserved 1114112K
  class space    used 4216K, committed 4672K, reserved 1048576K
}
Event: 11.051 GC heap before
{Heap before GC invocations=8 (full 0):
 garbage-first heap   total 98304K, used 73452K [0x0000000600000000, 0x0000000800000000)
  region size 4096K, 14 young (57344K), 2 survivors (8192K)
 Metaspace       used 33406K, committed 34432K, reserved 1114112K
  class space    used 4830K, committed 5312K, reserved 1048576K
}
Event: 11.060 GC heap after
{Heap after GC invocations=9 (full 0):
 garbage-first heap   total 98304K, used 33240K [0x0000000600000000, 0x0000000800000000)
  region size 4096K, 2 young (8192K), 2 survivors (8192K)
 Metaspace       used 33406K, committed 34432K, reserved 1114112K
  class space    used 4830K, committed 5312K, reserved 1048576K
}
Event: 11.388 GC heap before
{Heap before GC invocations=9 (full 0):
 garbage-first heap   total 98304K, used 41432K [0x0000000600000000, 0x0000000800000000)
  region size 4096K, 5 young (20480K), 2 survivors (8192K)
 Metaspace       used 34940K, committed 35968K, reserved 1114112K
  class space    used 4964K, committed 5504K, reserved 1048576K
}
Event: 11.394 GC heap after
{Heap after GC invocations=10 (full 0):
 garbage-first heap   total 98304K, used 34770K [0x0000000600000000, 0x0000000800000000)
  region size 4096K, 1 young (4096K), 1 survivors (4096K)
 Metaspace       used 34940K, committed 35968K, reserved 1114112K
  class space    used 4964K, committed 5504K, reserved 1048576K
}
Event: 12.343 GC heap before
{Heap before GC invocations=11 (full 0):
 garbage-first heap   total 98304K, used 75730K [0x0000000600000000, 0x0000000800000000)
  region size 4096K, 12 young (49152K), 1 survivors (4096K)
 Metaspace       used 37789K, committed 38976K, reserved 1114112K
  class space    used 5315K, committed 5888K, reserved 1048576K
}
Event: 12.346 GC heap after
{Heap after GC invocations=12 (full 0):
 garbage-first heap   total 98304K, used 35698K [0x0000000600000000, 0x0000000800000000)
  region size 4096K, 1 young (4096K), 1 survivors (4096K)
 Metaspace       used 37789K, committed 38976K, reserved 1114112K
  class space    used 5315K, committed 5888K, reserved 1048576K
}
Event: 13.876 GC heap before
{Heap before GC invocations=12 (full 0):
 garbage-first heap   total 98304K, used 80754K [0x0000000600000000, 0x0000000800000000)
  region size 4096K, 12 young (49152K), 1 survivors (4096K)
 Metaspace       used 43031K, committed 44544K, reserved 1114112K
  class space    used 6191K, committed 6912K, reserved 1048576K
}
Event: 13.881 GC heap after
{Heap after GC invocations=13 (full 0):
 garbage-first heap   total 98304K, used 38239K [0x0000000600000000, 0x0000000800000000)
  region size 4096K, 2 young (8192K), 2 survivors (8192K)
 Metaspace       used 43031K, committed 44544K, reserved 1114112K
  class space    used 6191K, committed 6912K, reserved 1048576K
}
Event: 14.835 GC heap before
{Heap before GC invocations=13 (full 0):
 garbage-first heap   total 98304K, used 79199K [0x0000000600000000, 0x0000000800000000)
  region size 4096K, 12 young (49152K), 2 survivors (8192K)
 Metaspace       used 44943K, committed 46528K, reserved 1114112K
  class space    used 6507K, committed 7296K, reserved 1048576K
}
Event: 14.840 GC heap after
{Heap after GC invocations=14 (full 0):
 garbage-first heap   total 98304K, used 39855K [0x0000000600000000, 0x0000000800000000)
  region size 4096K, 2 young (8192K), 2 survivors (8192K)
 Metaspace       used 44943K, committed 46528K, reserved 1114112K
  class space    used 6507K, committed 7296K, reserved 1048576K
}
Event: 18.387 GC heap before
{Heap before GC invocations=14 (full 0):
 garbage-first heap   total 98304K, used 80815K [0x0000000600000000, 0x0000000800000000)
  region size 4096K, 12 young (49152K), 2 survivors (8192K)
 Metaspace       used 49302K, committed 51072K, reserved 1114112K
  class space    used 7217K, committed 8128K, reserved 1048576K
}
Event: 18.402 GC heap after
{Heap after GC invocations=15 (full 0):
 garbage-first heap   total 98304K, used 41790K [0x0000000600000000, 0x0000000800000000)
  region size 4096K, 2 young (8192K), 2 survivors (8192K)
 Metaspace       used 49302K, committed 51072K, reserved 1114112K
  class space    used 7217K, committed 8128K, reserved 1048576K
}
Event: 22.666 GC heap before
{Heap before GC invocations=15 (full 0):
 garbage-first heap   total 98304K, used 82750K [0x0000000600000000, 0x0000000800000000)
  region size 4096K, 13 young (53248K), 2 survivors (8192K)
 Metaspace       used 56936K, committed 58752K, reserved 1114112K
  class space    used 8209K, committed 9088K, reserved 1048576K
}
Event: 22.686 GC heap after
{Heap after GC invocations=16 (full 0):
 garbage-first heap   total 102400K, used 46600K [0x0000000600000000, 0x0000000800000000)
  region size 4096K, 2 young (8192K), 2 survivors (8192K)
 Metaspace       used 56936K, committed 58752K, reserved 1114112K
  class space    used 8209K, committed 9088K, reserved 1048576K
}
Event: 23.832 GC heap before
{Heap before GC invocations=16 (full 0):
 garbage-first heap   total 102400K, used 67080K [0x0000000600000000, 0x0000000800000000)
  region size 4096K, 9 young (36864K), 2 survivors (8192K)
 Metaspace       used 58301K, committed 60096K, reserved 1114112K
  class space    used 8419K, committed 9280K, reserved 1048576K
}
Event: 23.850 GC heap after
{Heap after GC invocations=17 (full 0):
 garbage-first heap   total 102400K, used 49340K [0x0000000600000000, 0x0000000800000000)
  region size 4096K, 1 young (4096K), 1 survivors (4096K)
 Metaspace       used 58301K, committed 60096K, reserved 1114112K
  class space    used 8419K, committed 9280K, reserved 1048576K
}
Event: 28.320 GC heap before
{Heap before GC invocations=18 (full 0):
 garbage-first heap   total 102400K, used 82108K [0x0000000600000000, 0x0000000800000000)
  region size 4096K, 10 young (40960K), 1 survivors (4096K)
 Metaspace       used 61149K, committed 63104K, reserved 1114112K
  class space    used 8916K, committed 9856K, reserved 1048576K
}
Event: 28.324 GC heap after
{Heap after GC invocations=19 (full 0):
 garbage-first heap   total 102400K, used 54071K [0x0000000600000000, 0x0000000800000000)
  region size 4096K, 2 young (8192K), 2 survivors (8192K)
 Metaspace       used 61149K, committed 63104K, reserved 1114112K
  class space    used 8916K, committed 9856K, reserved 1048576K
}
Event: 29.558 GC heap before
{Heap before GC invocations=20 (full 0):
 garbage-first heap   total 102400K, used 90935K [0x0000000600000000, 0x0000000800000000)
  region size 4096K, 10 young (40960K), 2 survivors (8192K)
 Metaspace       used 64752K, committed 66688K, reserved 1114112K
  class space    used 9399K, committed 10368K, reserved 1048576K
}

Dll operation events (14 events):
Event: 0.041 Loaded shared library C:\Users\LENOVO\.vscode\extensions\redhat.java-1.54.0-win32-x64\jre\21.0.10-win32-x86_64\bin\java.dll
Event: 0.173 Loaded shared library C:\Users\LENOVO\.vscode\extensions\redhat.java-1.54.0-win32-x64\jre\21.0.10-win32-x86_64\bin\zip.dll
Event: 0.211 Loaded shared library C:\Users\LENOVO\.vscode\extensions\redhat.java-1.54.0-win32-x64\jre\21.0.10-win32-x86_64\bin\instrument.dll
Event: 0.223 Loaded shared library C:\Users\LENOVO\.vscode\extensions\redhat.java-1.54.0-win32-x64\jre\21.0.10-win32-x86_64\bin\net.dll
Event: 0.228 Loaded shared library C:\Users\LENOVO\.vscode\extensions\redhat.java-1.54.0-win32-x64\jre\21.0.10-win32-x86_64\bin\nio.dll
Event: 0.234 Loaded shared library C:\Users\LENOVO\.vscode\extensions\redhat.java-1.54.0-win32-x64\jre\21.0.10-win32-x86_64\bin\zip.dll
Event: 0.875 Loaded shared library C:\Users\LENOVO\.vscode\extensions\redhat.java-1.54.0-win32-x64\jre\21.0.10-win32-x86_64\bin\jimage.dll
Event: 1.243 Loaded shared library C:\Users\LENOVO\.vscode\extensions\redhat.java-1.54.0-win32-x64\jre\21.0.10-win32-x86_64\bin\verify.dll
Event: 1.446 Loaded shared library C:\Users\LENOVO\.gradle\native\1def1411415f61bf3af743bc5b6707747c0891f09f0c88961ee8f79bc544acac\windows-amd64\native-platform.dll
Event: 1.491 Loaded shared library C:\Users\LENOVO\.gradle\native\0.2.7\x86_64-windows-gnu\gradle-fileevents.dll
Event: 3.656 Loaded shared library C:\Users\LENOVO\.vscode\extensions\redhat.java-1.54.0-win32-x64\jre\21.0.10-win32-x86_64\bin\management.dll
Event: 3.661 Loaded shared library C:\Users\LENOVO\.vscode\extensions\redhat.java-1.54.0-win32-x64\jre\21.0.10-win32-x86_64\bin\management_ext.dll
Event: 3.981 Loaded shared library C:\Users\LENOVO\.vscode\extensions\redhat.java-1.54.0-win32-x64\jre\21.0.10-win32-x86_64\bin\extnet.dll
Event: 4.545 Loaded shared library C:\Users\LENOVO\.vscode\extensions\redhat.java-1.54.0-win32-x64\jre\21.0.10-win32-x86_64\bin\sunmscapi.dll

Deoptimization events (20 events):
Event: 28.857 Thread 0x0000015dc7000f80 Uncommon trap: trap_request=0xffffffbe fr.pc=0x0000015de2f977c8 relative=0x00000000000002e8
Event: 28.857 Thread 0x0000015dc7000f80 Uncommon trap: reason=profile_predicate action=maybe_recompile pc=0x0000015de2f977c8 method=sun.instrument.TransformerManager.transform(Ljava/lang/Module;Ljava/lang/ClassLoader;Ljava/lang/String;Ljava/lang/Class;Ljava/security/ProtectionDomain;[B)[B @ 21 
Event: 28.857 Thread 0x0000015dc7000f80 DEOPT PACKING pc=0x0000015de2f977c8 sp=0x0000002d19feece0
Event: 28.857 Thread 0x0000015dc7000f80 DEOPT UNPACKING pc=0x0000015de2984422 sp=0x0000002d19feec98 mode 2
Event: 28.860 Thread 0x0000015dc7000f80 Uncommon trap: trap_request=0xffffffbe fr.pc=0x0000015de2f977c8 relative=0x00000000000002e8
Event: 28.860 Thread 0x0000015dc7000f80 Uncommon trap: reason=profile_predicate action=maybe_recompile pc=0x0000015de2f977c8 method=sun.instrument.TransformerManager.transform(Ljava/lang/Module;Ljava/lang/ClassLoader;Ljava/lang/String;Ljava/lang/Class;Ljava/security/ProtectionDomain;[B)[B @ 21 
Event: 28.860 Thread 0x0000015dc7000f80 DEOPT PACKING pc=0x0000015de2f977c8 sp=0x0000002d19feecd0
Event: 28.860 Thread 0x0000015dc7000f80 DEOPT UNPACKING pc=0x0000015de2984422 sp=0x0000002d19feec88 mode 2
Event: 28.875 Thread 0x0000015dc7000f80 Uncommon trap: trap_request=0xffffff54 fr.pc=0x0000015de2fc4cf4 relative=0x0000000000001674
Event: 28.875 Thread 0x0000015dc7000f80 Uncommon trap: reason=speculate_null_assert action=make_not_entrant pc=0x0000015de2fc4cf4 method=java.util.jar.JarFile.getVersionedEntry(Ljava/lang/String;Ljava/util/jar/JarEntry;)Ljava/util/jar/JarEntry; @ 115 c2
Event: 28.875 Thread 0x0000015dc7000f80 DEOPT PACKING pc=0x0000015de2fc4cf4 sp=0x0000002d19ff0d80
Event: 28.875 Thread 0x0000015dc7000f80 DEOPT UNPACKING pc=0x0000015de2984422 sp=0x0000002d19ff0d88 mode 2
Event: 28.875 Thread 0x0000015dc7000f80 Uncommon trap: trap_request=0xffffff45 fr.pc=0x0000015de2f32758 relative=0x0000000000000ff8
Event: 28.875 Thread 0x0000015dc7000f80 Uncommon trap: reason=unstable_if action=reinterpret pc=0x0000015de2f32758 method=java.util.jar.JarFile.getEntry(Ljava/lang/String;)Ljava/util/zip/ZipEntry; @ 15 c2
Event: 28.875 Thread 0x0000015dc7000f80 DEOPT PACKING pc=0x0000015de2f32758 sp=0x0000002d19ff0e50
Event: 28.875 Thread 0x0000015dc7000f80 DEOPT UNPACKING pc=0x0000015de2984422 sp=0x0000002d19ff0e48 mode 2
Event: 29.222 Thread 0x0000015dc86434f0 Uncommon trap: trap_request=0xffffffd6 fr.pc=0x0000015de31c308c relative=0x00000000000003cc
Event: 29.222 Thread 0x0000015dc86434f0 Uncommon trap: reason=array_check action=maybe_recompile pc=0x0000015de31c308c method=java.util.LinkedHashMap.keysToArray([Ljava/lang/Object;Z)[Ljava/lang/Object; @ 67 c2
Event: 29.222 Thread 0x0000015dc86434f0 DEOPT PACKING pc=0x0000015de31c308c sp=0x0000002d1dbfd150
Event: 29.222 Thread 0x0000015dc86434f0 DEOPT UNPACKING pc=0x0000015de2984422 sp=0x0000002d1dbfd0f0 mode 2

Classes loaded (20 events):
Event: 23.978 Loading class com/sun/org/apache/xerces/internal/utils/XMLSecurityPropertyManager$State
Event: 23.978 Loading class com/sun/org/apache/xerces/internal/utils/XMLSecurityPropertyManager$State done
Event: 23.978 Loading class com/sun/org/apache/xerces/internal/utils/XMLSecurityPropertyManager$Property
Event: 23.979 Loading class com/sun/org/apache/xerces/internal/utils/XMLSecurityPropertyManager$Property done
Event: 23.979 Loading class javax/xml/parsers/DocumentBuilderFactory
Event: 23.979 Loading class javax/xml/parsers/DocumentBuilderFactory done
Event: 23.980 Loading class javax/xml/parsers/FactoryFinder
Event: 23.980 Loading class javax/xml/parsers/FactoryFinder done
Event: 23.980 Loading class javax/xml/parsers/FactoryFinder$1
Event: 23.980 Loading class javax/xml/parsers/FactoryFinder$1 done
Event: 23.983 Loading class com/sun/org/apache/xerces/internal/jaxp/DocumentBuilderFactoryImpl
Event: 23.984 Loading class com/sun/org/apache/xerces/internal/jaxp/DocumentBuilderFactoryImpl done
Event: 24.063 Loading class java/util/ArrayList$SubList$1
Event: 24.063 Loading class java/util/ArrayList$SubList$1 done
Event: 24.737 Loading class java/lang/Character$UnicodeBlock
Event: 24.742 Loading class java/lang/Character$Subset
Event: 24.742 Loading class java/lang/Character$Subset done
Event: 24.742 Loading class java/lang/Character$UnicodeBlock done
Event: 29.484 Loading class java/lang/Override
Event: 29.485 Loading class java/lang/Override done

Classes unloaded (0 events):
No events

Classes redefined (0 events):
No events

Internal exceptions (20 events):
Event: 17.071 Thread 0x0000015dc7000f80 Exception <a 'java/lang/NoSuchMethodError'{0x0000000604256480}: 'java.lang.Object java.lang.invoke.Invokers$Holder.linkToTargetMethod(java.lang.Object, java.lang.Object, int, java.lang.Object)'> (0x0000000604256480) 
thrown [s\src\hotspot\share\interpreter\linkResolver.cpp, line 773]
Event: 17.666 Thread 0x0000015dc7000f80 Exception <a 'java/lang/NoSuchMethodError'{0x0000000603cd9840}: 'int java.lang.invoke.DirectMethodHandle$Holder.invokeSpecialIFC(java.lang.Object, java.lang.Object, java.lang.Object)'> (0x0000000603cd9840) 
thrown [s\src\hotspot\share\interpreter\linkResolver.cpp, line 773]
Event: 18.270 Thread 0x0000015dc7000f80 Exception <a 'java/lang/NoSuchMethodError'{0x000000060394f070}: 'java.lang.Object java.lang.invoke.DirectMethodHandle$Holder.newInvokeSpecial(java.lang.Object, java.lang.Object, long, java.lang.Object)'> (0x000000060394f070) 
thrown [s\src\hotspot\share\interpreter\linkResolver.cpp, line 773]
Event: 18.271 Thread 0x0000015dc7000f80 Exception <a 'java/lang/NoSuchMethodError'{0x0000000603954360}: 'java.lang.Object java.lang.invoke.DirectMethodHandle$Holder.invokeSpecial(java.lang.Object, java.lang.Object, java.lang.Object, long, java.lang.Object)'> (0x0000000603954360) 
thrown [s\src\hotspot\share\interpreter\linkResolver.cpp, line 773]
Event: 18.273 Thread 0x0000015dc7000f80 Exception <a 'java/lang/NoSuchMethodError'{0x0000000603958fe0}: 'java.lang.Object java.lang.invoke.Invokers$Holder.linkToTargetMethod(java.lang.Object, long, java.lang.Object, java.lang.Object)'> (0x0000000603958fe0) 
thrown [s\src\hotspot\share\interpreter\linkResolver.cpp, line 773]
Event: 18.287 Thread 0x0000015dc7000f80 Exception <a 'java/lang/NoSuchMethodError'{0x0000000603982f00}: 'void java.lang.invoke.DirectMethodHandle$Holder.invokeStatic(java.lang.Object, java.lang.Object, java.lang.Object, int, java.lang.Object)'> (0x0000000603982f00) 
thrown [s\src\hotspot\share\interpreter\linkResolver.cpp, line 773]
Event: 18.353 Thread 0x0000015dc7000f80 Exception <a 'java/lang/NoSuchMethodError'{0x0000000603b5ba98}: 'int java.lang.invoke.DirectMethodHandle$Holder.invokeInterface(java.lang.Object, java.lang.Object, java.lang.Object, java.lang.Object, java.lang.Object)'> (0x0000000603b5ba98) 
thrown [s\src\hotspot\share\interpreter\linkResolver.cpp, line 773]
Event: 18.591 Thread 0x0000015dc7000f80 Exception <a 'sun/nio/fs/WindowsException'{0x0000000605e0cae8}> (0x0000000605e0cae8) 
thrown [s\src\hotspot\share\prims\jni.cpp, line 520]
Event: 18.739 Thread 0x0000015dc7000f80 Exception <a 'java/lang/NoSuchMethodError'{0x0000000605955b08}: 'void java.lang.invoke.DirectMethodHandle$Holder.invokeVirtual(java.lang.Object, java.lang.Object)'> (0x0000000605955b08) 
thrown [s\src\hotspot\share\interpreter\linkResolver.cpp, line 773]
Event: 21.018 Thread 0x0000015dc7000f80 Implicit null exception at 0x0000015de2f3aca0 to 0x0000015de2f3b244
Event: 21.481 Thread 0x0000015dc7000f80 Exception <a 'java/lang/NoSuchMethodError'{0x00000006041cd8e0}: 'java.lang.Object java.lang.invoke.DirectMethodHandle$Holder.invokeSpecial(java.lang.Object, java.lang.Object, long, java.lang.Object, java.lang.Object)'> (0x00000006041cd8e0) 
thrown [s\src\hotspot\share\interpreter\linkResolver.cpp, line 773]
Event: 22.305 Thread 0x0000015dc7000f80 Exception <a 'java/lang/IncompatibleClassChangeError'{0x0000000603832ef8}: Found class java.lang.Object, but interface was expected> (0x0000000603832ef8) 
thrown [s\src\hotspot\share\interpreter\linkResolver.cpp, line 840]
Event: 22.574 Thread 0x0000015dc7000f80 Exception <a 'java/lang/NoSuchMethodError'{0x00000006034be5a8}: 'java.lang.Object java.lang.invoke.DirectMethodHandle$Holder.newInvokeSpecial(java.lang.Object, java.lang.Object, java.lang.Object, java.lang.Object, int, java.lang.Object)'> (0x00000006034be5a8) 
thrown [s\src\hotspot\share\interpreter\linkResolver.cpp, line 773]
Event: 22.576 Thread 0x0000015dc7000f80 Exception <a 'java/lang/NoSuchMethodError'{0x00000006034c7648}: 'java.lang.Object java.lang.invoke.Invokers$Holder.linkToTargetMethod(java.lang.Object, java.lang.Object, java.lang.Object, int, java.lang.Object, java.lang.Object)'> (0x00000006034c7648) 
thrown [s\src\hotspot\share\interpreter\linkResolver.cpp, line 773]
Event: 22.693 Thread 0x0000015dfd528030 Implicit null exception at 0x0000015de2f86a87 to 0x0000015de2f86b68
Event: 23.235 Thread 0x0000015dc7000f80 Exception <a 'java/lang/NoSuchMethodError'{0x0000000605b21bb0}: 'java.lang.Object java.lang.invoke.DirectMethodHandle$Holder.invokeSpecialIFC(java.lang.Object, java.lang.Object, java.lang.Object)'> (0x0000000605b21bb0) 
thrown [s\src\hotspot\share\interpreter\linkResolver.cpp, line 773]
Event: 24.039 Thread 0x0000015dc7000f80 Exception <a 'java/lang/NoSuchMethodError'{0x000000060587d2f8}: 'java.lang.Object java.lang.invoke.DirectMethodHandle$Holder.newInvokeSpecial(java.lang.Object, java.lang.Object, java.lang.Object, java.lang.Object, java.lang.Object, java.lang.Object, java.lang.Object, java.lang.Object, java.lang.Object, java.lang.Object, java.lang.Object, java.lang.Object, java.lang.Object, java.lang.Object, java.lang.Object, java.lang.Object)'> (0x000000060587d2f8) 
thrown [s\src\hotspot\share\interpreter\linkResolver.cpp,
Event: 24.039 Thread 0x0000015dc7000f80 Exception <a 'java/lang/NoSuchMethodError'{0x00000006058847c8}: 'java.lang.Object java.lang.invoke.DirectMethodHandle$Holder.invokeSpecial(java.lang.Object, java.lang.Object, java.lang.Object, java.lang.Object, java.lang.Object, java.lang.Object, java.lang.Object, java.lang.Object, java.lang.Object, java.lang.Object, java.lang.Object, java.lang.Object, java.lang.Object, java.lang.Object, java.lang.Object, java.lang.Object, java.lang.Object)'> (0x00000006058847c8) 
thrown [s\src\hotspot\share\interpreter\li
Event: 24.040 Thread 0x0000015dc7000f80 Exception <a 'java/lang/NoSuchMethodError'{0x000000060588abb8}: 'java.lang.Object java.lang.invoke.DelegatingMethodHandle$Holder.reinvoke_L(java.lang.Object, java.lang.Object, java.lang.Object, java.lang.Object, java.lang.Object, java.lang.Object, java.lang.Object, java.lang.Object, java.lang.Object, java.lang.Object, java.lang.Object, java.lang.Object, java.lang.Object, java.lang.Object, java.lang.Object, java.lang.Object)'> (0x000000060588abb8) 
thrown [s\src\hotspot\share\interpreter\linkResolver.cpp, l
Event: 24.632 Thread 0x0000015dc7000f80 Exception <a 'java/lang/NoSuchMethodError'{0x0000000604f262d0}: 'java.lang.Object java.lang.invoke.DirectMethodHandle$Holder.newInvokeSpecial(java.lang.Object, java.lang.Object, java.lang.Object, java.lang.Object, java.lang.Object, java.lang.Object, java.lang.Object, java.lang.Object, java.lang.Object, java.lang.Object, java.lang.Object, java.lang.Object, java.lang.Object, java.lang.Object, java.lang.Object, java.lang.Object, java.lang.Object, java.lang.Object, java.lang.Object, java.lang.Object, java.lang

ZGC Phase Switch (0 events):
No events

VM Operations (20 events):
Event: 23.903 Executing safepoint VM operation: G1PauseRemark done
Event: 23.914 Executing safepoint VM operation: G1PauseCleanup
Event: 23.915 Executing safepoint VM operation: G1PauseCleanup done
Event: 24.057 Executing non-safepoint VM operation: HandshakeAllThreads (Deoptimize)
Event: 24.057 Executing non-safepoint VM operation: HandshakeAllThreads (Deoptimize) done
Event: 24.686 Executing safepoint VM operation: ICBufferFull
Event: 24.686 Executing safepoint VM operation: ICBufferFull done
Event: 25.691 Executing safepoint VM operation: Cleanup
Event: 25.691 Executing safepoint VM operation: Cleanup done
Event: 26.704 Executing safepoint VM operation: Cleanup
Event: 26.704 Executing safepoint VM operation: Cleanup done
Event: 28.320 Executing safepoint VM operation: G1TryInitiateConcMark (G1 Humongous Allocation)
Event: 28.324 Executing safepoint VM operation: G1TryInitiateConcMark (G1 Humongous Allocation) done
Event: 28.364 Executing safepoint VM operation: G1PauseRemark
Event: 28.371 Executing safepoint VM operation: G1PauseRemark done
Event: 28.382 Executing safepoint VM operation: G1PauseCleanup
Event: 28.383 Executing safepoint VM operation: G1PauseCleanup done
Event: 29.398 Executing safepoint VM operation: Cleanup
Event: 29.398 Executing safepoint VM operation: Cleanup done
Event: 29.558 Executing safepoint VM operation: G1CollectForAllocation (G1 Evacuation Pause)

Memory protections (0 events):
No events

Nmethod flushes (20 events):
Event: 28.370 Thread 0x0000015dfd5060e0 flushing  nmethod 0x0000015dd3252210
Event: 28.370 Thread 0x0000015dfd5060e0 flushing  nmethod 0x0000015dd3254b10
Event: 28.370 Thread 0x0000015dfd5060e0 flushing  nmethod 0x0000015dd3255810
Event: 28.370 Thread 0x0000015dfd5060e0 flushing  nmethod 0x0000015dd3256c90
Event: 28.370 Thread 0x0000015dfd5060e0 flushing  nmethod 0x0000015dd3258510
Event: 28.370 Thread 0x0000015dfd5060e0 flushing  nmethod 0x0000015dd3290010
Event: 28.370 Thread 0x0000015dfd5060e0 flushing  nmethod 0x0000015dd3313910
Event: 28.370 Thread 0x0000015dfd5060e0 flushing  nmethod 0x0000015dd3315e90
Event: 28.370 Thread 0x0000015dfd5060e0 flushing  nmethod 0x0000015dd3316790
Event: 28.370 Thread 0x0000015dfd5060e0 flushing  nmethod 0x0000015dd3316d90
Event: 28.370 Thread 0x0000015dfd5060e0 flushing  nmethod 0x0000015dd3317e90
Event: 28.370 Thread 0x0000015dfd5060e0 flushing  nmethod 0x0000015dd3318b90
Event: 28.370 Thread 0x0000015dfd5060e0 flushing  nmethod 0x0000015dd3319410
Event: 28.370 Thread 0x0000015dfd5060e0 flushing  nmethod 0x0000015dd3319790
Event: 28.370 Thread 0x0000015dfd5060e0 flushing  nmethod 0x0000015dd35ef890
Event: 28.370 Thread 0x0000015dfd5060e0 flushing  nmethod 0x0000015dd35f0490
Event: 28.370 Thread 0x0000015dfd5060e0 flushing  nmethod 0x0000015dd35f1a90
Event: 28.370 Thread 0x0000015dfd5060e0 flushing  nmethod 0x0000015dd3644890
Event: 28.370 Thread 0x0000015dfd5060e0 flushing  nmethod 0x0000015dd36a2e10
Event: 28.370 Thread 0x0000015dfd5060e0 flushing  nmethod 0x0000015dd36f2090

Events (20 events):
Event: 22.692 Thread 0x0000015dc7000f80 Thread added: 0x0000015dc9825fd0
Event: 22.693 Thread 0x0000015dc7000f80 Thread added: 0x0000015dc98231e0
Event: 22.704 Thread 0x0000015dc7000f80 Thread added: 0x0000015dc9823870
Event: 22.708 Thread 0x0000015dc7000f80 Thread added: 0x0000015dc98252b0
Event: 23.259 Thread 0x0000015dc7000f80 Thread added: 0x0000015dc838ab00
Event: 23.261 Thread 0x0000015dc7000f80 Thread added: 0x0000015dc838cbd0
Event: 23.262 Thread 0x0000015dc7000f80 Thread added: 0x0000015dc838b190
Event: 23.263 Thread 0x0000015dc7000f80 Thread added: 0x0000015dc838b820
Event: 23.264 Thread 0x0000015dc7000f80 Thread added: 0x0000015dc838d260
Event: 23.266 Thread 0x0000015dc7000f80 Thread added: 0x0000015dc8389de0
Event: 23.267 Thread 0x0000015dc7000f80 Thread added: 0x0000015dc838beb0
Event: 23.268 Thread 0x0000015dc7000f80 Thread added: 0x0000015dc838c540
Event: 23.269 Thread 0x0000015dc7000f80 Thread added: 0x0000015dc838a470
Event: 23.270 Thread 0x0000015dc7000f80 Thread added: 0x0000015dc86462e0
Event: 23.270 Thread 0x0000015dc7000f80 Thread added: 0x0000015dc8644f30
Event: 24.210 Thread 0x0000015dc7000f80 Thread added: 0x0000015dc86434f0
Event: 25.831 Thread 0x0000015dfd535cd0 Thread added: 0x0000015dc8582e80
Event: 28.199 Thread 0x0000015dc8582e80 Thread exited: 0x0000015dc8582e80
Event: 28.837 Thread 0x0000015dfd535cd0 Thread added: 0x0000015dc91a2480
Event: 29.222 Thread 0x0000015dc91a2480 Thread exited: 0x0000015dc91a2480


Dynamic libraries:
0x00007ff7e78b0000 - 0x00007ff7e78be000 	C:\Users\LENOVO\.vscode\extensions\redhat.java-1.54.0-win32-x64\jre\21.0.10-win32-x86_64\bin\java.exe
0x00007ffb9e4c0000 - 0x00007ffb9e726000 	C:\WINDOWS\SYSTEM32\ntdll.dll
0x00007ffb9d630000 - 0x00007ffb9d6f9000 	C:\WINDOWS\System32\KERNEL32.DLL
0x00007ffb9bb80000 - 0x00007ffb9bf7a000 	C:\WINDOWS\System32\KERNELBASE.dll
0x00007ffb9b950000 - 0x00007ffb9ba9c000 	C:\WINDOWS\System32\ucrtbase.dll
0x00007ffae2940000 - 0x00007ffae2958000 	C:\Users\LENOVO\.vscode\extensions\redhat.java-1.54.0-win32-x64\jre\21.0.10-win32-x86_64\bin\jli.dll
0x00007ffae2960000 - 0x00007ffae297e000 	C:\Users\LENOVO\.vscode\extensions\redhat.java-1.54.0-win32-x64\jre\21.0.10-win32-x86_64\bin\VCRUNTIME140.dll
0x00007ffb9e050000 - 0x00007ffb9e217000 	C:\WINDOWS\System32\USER32.dll
0x00007ffb8a580000 - 0x00007ffb8a812000 	C:\WINDOWS\WinSxS\amd64_microsoft.windows.common-controls_6595b64144ccf1df_6.0.26100.8521_none_3e08b75ce33403b3\COMCTL32.dll
0x00007ffb9bb50000 - 0x00007ffb9bb77000 	C:\WINDOWS\System32\win32u.dll
0x00007ffb9c390000 - 0x00007ffb9c439000 	C:\WINDOWS\System32\msvcrt.dll
0x00007ffb9e020000 - 0x00007ffb9e04b000 	C:\WINDOWS\System32\GDI32.dll
0x00007ffb9c100000 - 0x00007ffb9c22b000 	C:\WINDOWS\System32\gdi32full.dll
0x00007ffb9b810000 - 0x00007ffb9b8b3000 	C:\WINDOWS\System32\msvcp_win.dll
0x00007ffb9c9f0000 - 0x00007ffb9ca22000 	C:\WINDOWS\System32\IMM32.DLL
0x00007ffb0d5e0000 - 0x00007ffb0d5ec000 	C:\Users\LENOVO\.vscode\extensions\redhat.java-1.54.0-win32-x64\jre\21.0.10-win32-x86_64\bin\vcruntime140_1.dll
0x00007ffac8040000 - 0x00007ffac80cd000 	C:\Users\LENOVO\.vscode\extensions\redhat.java-1.54.0-win32-x64\jre\21.0.10-win32-x86_64\bin\msvcp140.dll
0x00007ffa93b00000 - 0x00007ffa948a1000 	C:\Users\LENOVO\.vscode\extensions\redhat.java-1.54.0-win32-x64\jre\21.0.10-win32-x86_64\bin\server\jvm.dll
0x00007ffb9cf40000 - 0x00007ffb9cff6000 	C:\WINDOWS\System32\ADVAPI32.dll
0x00007ffb9ce90000 - 0x00007ffb9cf3a000 	C:\WINDOWS\System32\sechost.dll
0x00007ffb9c8d0000 - 0x00007ffb9c9e8000 	C:\WINDOWS\System32\RPCRT4.dll
0x00007ffb9df90000 - 0x00007ffb9e010000 	C:\WINDOWS\System32\WS2_32.dll
0x00007ffb9b5b0000 - 0x00007ffb9b60e000 	C:\WINDOWS\SYSTEM32\POWRPROF.dll
0x00007ffb93ef0000 - 0x00007ffb93efb000 	C:\WINDOWS\SYSTEM32\VERSION.dll
0x00007ffb93eb0000 - 0x00007ffb93ee6000 	C:\WINDOWS\SYSTEM32\WINMM.dll
0x00007ffb9b590000 - 0x00007ffb9b5a4000 	C:\WINDOWS\SYSTEM32\UMPDC.dll
0x00007ffb9a4e0000 - 0x00007ffb9a4fb000 	C:\WINDOWS\SYSTEM32\kernel.appcore.dll
0x00007ffb0d410000 - 0x00007ffb0d41a000 	C:\Users\LENOVO\.vscode\extensions\redhat.java-1.54.0-win32-x64\jre\21.0.10-win32-x86_64\bin\jimage.dll
0x00007ffb98870000 - 0x00007ffb98ab2000 	C:\WINDOWS\SYSTEM32\DBGHELP.DLL
0x00007ffb9d290000 - 0x00007ffb9d613000 	C:\WINDOWS\System32\combase.dll
0x00007ffb9d1a0000 - 0x00007ffb9d279000 	C:\WINDOWS\System32\OLEAUT32.dll
0x00007ffb5a000000 - 0x00007ffb5a03b000 	C:\WINDOWS\SYSTEM32\dbgcore.DLL
0x00007ffb9baa0000 - 0x00007ffb9bb48000 	C:\WINDOWS\System32\bcryptPrimitives.dll
0x00007ffab3700000 - 0x00007ffab370f000 	C:\Users\LENOVO\.vscode\extensions\redhat.java-1.54.0-win32-x64\jre\21.0.10-win32-x86_64\bin\instrument.dll
0x00007ffac20a0000 - 0x00007ffac20c0000 	C:\Users\LENOVO\.vscode\extensions\redhat.java-1.54.0-win32-x64\jre\21.0.10-win32-x86_64\bin\java.dll
0x00007ffb9d700000 - 0x00007ffb9de84000 	C:\WINDOWS\System32\SHELL32.dll
0x00007ffb992e0000 - 0x00007ffb99b60000 	C:\WINDOWS\SYSTEM32\windows.storage.dll
0x00007ffb9e220000 - 0x00007ffb9e316000 	C:\WINDOWS\System32\SHCORE.dll
0x00007ffb9e320000 - 0x00007ffb9e387000 	C:\WINDOWS\System32\shlwapi.dll
0x00007ffb9b670000 - 0x00007ffb9b699000 	C:\WINDOWS\SYSTEM32\profapi.dll
0x00007ffab78f0000 - 0x00007ffab7908000 	C:\Users\LENOVO\.vscode\extensions\redhat.java-1.54.0-win32-x64\jre\21.0.10-win32-x86_64\bin\zip.dll
0x00007ffb02c70000 - 0x00007ffb02c80000 	C:\Users\LENOVO\.vscode\extensions\redhat.java-1.54.0-win32-x64\jre\21.0.10-win32-x86_64\bin\net.dll
0x00007ffb91480000 - 0x00007ffb915a9000 	C:\WINDOWS\SYSTEM32\WINHTTP.dll
0x00007ffb9aa50000 - 0x00007ffb9aabc000 	C:\WINDOWS\system32\mswsock.dll
0x00007ffab76a0000 - 0x00007ffab76b6000 	C:\Users\LENOVO\.vscode\extensions\redhat.java-1.54.0-win32-x64\jre\21.0.10-win32-x86_64\bin\nio.dll
0x00007ffab1cd0000 - 0x00007ffab1ce0000 	C:\Users\LENOVO\.vscode\extensions\redhat.java-1.54.0-win32-x64\jre\21.0.10-win32-x86_64\bin\verify.dll
0x00007ffb64600000 - 0x00007ffb64627000 	C:\Users\LENOVO\.gradle\native\1def1411415f61bf3af743bc5b6707747c0891f09f0c88961ee8f79bc544acac\windows-amd64\native-platform.dll
0x00007ffb17ae0000 - 0x00007ffb17b58000 	C:\Users\LENOVO\.gradle\native\0.2.7\x86_64-windows-gnu\gradle-fileevents.dll
0x00007ffb645e0000 - 0x00007ffb645ea000 	C:\Users\LENOVO\.vscode\extensions\redhat.java-1.54.0-win32-x64\jre\21.0.10-win32-x86_64\bin\management.dll
0x00007ffb645d0000 - 0x00007ffb645dc000 	C:\Users\LENOVO\.vscode\extensions\redhat.java-1.54.0-win32-x64\jre\21.0.10-win32-x86_64\bin\management_ext.dll
0x00007ffb9d280000 - 0x00007ffb9d288000 	C:\WINDOWS\System32\PSAPI.DLL
0x00007ffb99f50000 - 0x00007ffb99f83000 	C:\WINDOWS\SYSTEM32\IPHLPAPI.DLL
0x00007ffb9cb70000 - 0x00007ffb9cb7a000 	C:\WINDOWS\System32\NSI.dll
0x00007ffaf6ad0000 - 0x00007ffaf6ad9000 	C:\Users\LENOVO\.vscode\extensions\redhat.java-1.54.0-win32-x64\jre\21.0.10-win32-x86_64\bin\extnet.dll
0x00007ffb9ad30000 - 0x00007ffb9ad4b000 	C:\WINDOWS\SYSTEM32\CRYPTSP.dll
0x00007ffb9a440000 - 0x00007ffb9a479000 	C:\WINDOWS\system32\rsaenh.dll
0x00007ffb9ab00000 - 0x00007ffb9ab33000 	C:\WINDOWS\SYSTEM32\USERENV.dll
0x00007ffb9b640000 - 0x00007ffb9b66a000 	C:\WINDOWS\SYSTEM32\bcrypt.dll
0x00007ffb9ad50000 - 0x00007ffb9ad5c000 	C:\WINDOWS\SYSTEM32\CRYPTBASE.dll
0x00007ffaf6ce0000 - 0x00007ffaf6cee000 	C:\Users\LENOVO\.vscode\extensions\redhat.java-1.54.0-win32-x64\jre\21.0.10-win32-x86_64\bin\sunmscapi.dll
0x00007ffb9bf80000 - 0x00007ffb9c0f8000 	C:\WINDOWS\System32\CRYPT32.dll
0x00007ffb9af50000 - 0x00007ffb9af80000 	C:\WINDOWS\SYSTEM32\ncrypt.dll
0x00007ffb9af00000 - 0x00007ffb9af3f000 	C:\WINDOWS\SYSTEM32\NTASN1.dll
0x00007ffb3a560000 - 0x00007ffb3a568000 	C:\WINDOWS\system32\wshunix.dll
0x00007ffb99f90000 - 0x00007ffb9a0da000 	C:\WINDOWS\SYSTEM32\DNSAPI.dll
0x00007ffb9a850000 - 0x00007ffb9a85d000 	C:\WINDOWS\SYSTEM32\DSPARSE.dll
0x00007ffb8d1f0000 - 0x00007ffb8d1fb000 	C:\Windows\System32\rasadhlp.dll
0x00007ffb90e50000 - 0x00007ffb90ed6000 	C:\WINDOWS\System32\fwpuclnt.dll

JVMTI agents:
C:\Users\LENOVO\.gradle\wrapper\dists\gradle-8.14-all\c2qonpi39x1mddn7hk5gh9iqj\gradle-8.14\lib\agents\gradle-instrumentation-agent-8.14.jar path:C:\Users\LENOVO\.vscode\extensions\redhat.java-1.54.0-win32-x64\jre\21.0.10-win32-x86_64\bin\instrument.dll, loaded, initialized, instrumentlib options:none

dbghelp: loaded successfully - version: 4.0.5 - missing functions: none
symbol engine: initialized successfully - sym options: 0x614 - pdb path: .;C:\Users\LENOVO\.vscode\extensions\redhat.java-1.54.0-win32-x64\jre\21.0.10-win32-x86_64\bin;C:\WINDOWS\SYSTEM32;C:\WINDOWS\WinSxS\amd64_microsoft.windows.common-controls_6595b64144ccf1df_6.0.26100.8521_none_3e08b75ce33403b3;C:\Users\LENOVO\.vscode\extensions\redhat.java-1.54.0-win32-x64\jre\21.0.10-win32-x86_64\bin\server;C:\Users\LENOVO\.gradle\native\1def1411415f61bf3af743bc5b6707747c0891f09f0c88961ee8f79bc544acac\windows-amd64;C:\Users\LENOVO\.gradle\native\0.2.7\x86_64-windows-gnu

VM Arguments:
jvm_args: --add-opens=java.base/java.lang=ALL-UNNAMED --add-opens=java.base/java.lang.invoke=ALL-UNNAMED --add-opens=java.base/java.util=ALL-UNNAMED --add-opens=java.prefs/java.util.prefs=ALL-UNNAMED --add-exports=jdk.compiler/com.sun.tools.javac.api=ALL-UNNAMED --add-exports=jdk.compiler/com.sun.tools.javac.util=ALL-UNNAMED --add-opens=java.base/java.util=ALL-UNNAMED --add-opens=java.prefs/java.util.prefs=ALL-UNNAMED --add-opens=java.base/java.nio.charset=ALL-UNNAMED --add-opens=java.base/java.net=ALL-UNNAMED --add-opens=java.base/java.util.concurrent.atomic=ALL-UNNAMED --add-opens=java.xml/javax.xml.namespace=ALL-UNNAMED -XX:MaxMetaspaceSize=4G -XX:ReservedCodeCacheSize=512m -XX:+HeapDumpOnOutOfMemoryError -Xmx8G -Dfile.encoding=UTF-8 -Duser.country=US -Duser.language=en -Duser.variant -javaagent:C:\Users\LENOVO\.gradle\wrapper\dists\gradle-8.14-all\c2qonpi39x1mddn7hk5gh9iqj\gradle-8.14\lib\agents\gradle-instrumentation-agent-8.14.jar -Dsun.java2d.d3d=false -Dsun.java2d.opengl=false 
java_command: org.gradle.launcher.daemon.bootstrap.GradleDaemon 8.14
java_class_path (initial): C:\Users\LENOVO\.gradle\wrapper\dists\gradle-8.14-all\c2qonpi39x1mddn7hk5gh9iqj\gradle-8.14\lib\gradle-daemon-main-8.14.jar
Launcher Type: SUN_STANDARD

[Global flags]
     intx CICompilerCount                          = 4                                         {product} {ergonomic}
     uint ConcGCThreads                            = 3                                         {product} {ergonomic}
     uint G1ConcRefinementThreads                  = 10                                        {product} {ergonomic}
   size_t G1HeapRegionSize                         = 4194304                                   {product} {ergonomic}
    uintx GCDrainStackTargetSize                   = 64                                        {product} {ergonomic}
     bool HeapDumpOnOutOfMemoryError               = true                                   {manageable} {command line}
   size_t InitialHeapSize                          = 100663296                                 {product} {ergonomic}
   size_t MarkStackSize                            = 4194304                                   {product} {ergonomic}
   size_t MaxHeapSize                              = 8589934592                                {product} {command line}
   size_t MaxMetaspaceSize                         = 4294967296                                {product} {command line}
   size_t MaxNewSize                               = 5150605312                                {product} {ergonomic}
   size_t MinHeapDeltaBytes                        = 4194304                                   {product} {ergonomic}
   size_t MinHeapSize                              = 8388608                                   {product} {ergonomic}
    uintx NonNMethodCodeHeapSize                   = 5839372                                {pd product} {ergonomic}
    uintx NonProfiledCodeHeapSize                  = 265515770                              {pd product} {ergonomic}
    uintx ProfiledCodeHeapSize                     = 265515770                              {pd product} {ergonomic}
    uintx ReservedCodeCacheSize                    = 536870912                              {pd product} {command line}
     bool SegmentedCodeCache                       = true                                      {product} {ergonomic}
   size_t SoftMaxHeapSize                          = 8589934592                             {manageable} {ergonomic}
     bool UseCompressedOops                        = true                           {product lp64_product} {ergonomic}
     bool UseG1GC                                  = true                                      {product} {ergonomic}
     bool UseLargePagesIndividualAllocation        = false                                  {pd product} {ergonomic}

Logging:
Log output configuration:
 #0: stdout all=warning uptime,level,tags foldmultilines=false
 #1: stderr all=off uptime,level,tags foldmultilines=false

Release file:
JAVA_VERSION="21.0.10" 
MODULES="java.base java.compiler java.datatransfer java.xml java.prefs java.desktop java.instrument java.logging java.management java.security.sasl java.naming java.rmi java.management.rmi java.net.http java.scripting java.security.jgss java.transaction.xa java.sql java.sql.rowset java.xml.crypto java.se java.smartcardio jdk.accessibility jdk.internal.jvmstat jdk.attach jdk.charsets jdk.internal.opt jdk.zipfs jdk.compiler jdk.crypto.ec jdk.crypto.cryptoki jdk.crypto.mscapi jdk.dynalink jdk.internal.ed jdk.editpad jdk.hotspot.agent jdk.httpserver jdk.internal.le jdk.internal.vm.ci jdk.internal.vm.compiler jdk.internal.vm.compiler.management jdk.jartool jdk.javadoc jdk.jcmd jdk.management jdk.management.agent jdk.jconsole jdk.jdeps jdk.jdwp.agent jdk.jdi jdk.jfr jdk.jshell jdk.jsobject jdk.jstatd jdk.localedata jdk.management.jfr jdk.naming.dns jdk.naming.rmi jdk.net jdk.nio.mapmode jdk.random jdk.sctp jdk.security.auth jdk.security.jgss jdk.unsupported jdk.unsupported.desktop jdk.xml.dom" 

Environment Variables:
JAVA_HOME=C:\Program Files\Eclipse Adoptium\jdk-17.0.17.10-hotspot
_JAVA_OPTIONS=-Dsun.java2d.d3d=false -Dsun.java2d.opengl=false
PATH=C:\Users\LENOVO\AppData\Local\Programs\Python\Python314\Scripts\;C:\Users\LENOVO\AppData\Local\Programs\Python\Python314\;C:\Program Files\Eclipse Adoptium\jdk-17.0.17.10-hotspot\bin;C:\Program Files (x86)\VMware\VMware Workstation\bin\;C:\Program Files\Common Files\Oracle\Java\javapath;C:\WINDOWS\system32;C:\WINDOWS;C:\WINDOWS\System32\Wbem;C:\WINDOWS\System32\WindowsPowerShell\v1.0\;C:\WINDOWS\System32\OpenSSH\;C:\Program Files\dotnet\;C:\Program Files (x86)\Windows Kits\10\Windows Performance Toolkit\;C:\Program Files (x86)\HP\Common\HPDestPlgIn\;C:\Program Files (x86)\Microsoft SQL Server\160\Tools\Binn\;C:\Program Files\Microsoft SQL Server\160\Tools\Binn\;C:\Program Files\Microsoft SQL Server\Client SDK\ODBC\170\Tools\Binn\;C:\Program Files\Microsoft SQL Server\160\DTS\Binn\;C:\Program Files (x86)\Microsoft SQL Server\160\DTS\Binn\;C:\Program Files\Microsoft SQL Server\150\Tools\Binn\;C:\Git\Git_App\cmd;C:\ProgramData\chocolatey\bin;C:\Users\LENOVO\AppData\Local\nvm;C:\nvm4w\nodejs;%JAVA_HOME%\bin;C:\Program Files\Arduino PLC IDE Tools\;C:\Program Files\Git\cmd;C:\Program Files (x86)\Microsoft SQL Server\170\Tools\Binn\;C:\Program Files\Microsoft SQL Server\170\Tools\Binn\;C:\Program Files\Microsoft SQL Server\Client SDK\ODBC\180\Tools\Binn\;C:\Program Files\Microsoft SQL Server\170\DTS\Binn\;C:\Program Files\nodejs\;C:\Program Files\Docker\Docker\resources\bin;C:\Program Files\Git\bin;C:\Program Files\Git\cmd;C:\Visual Studio Code\Microsoft VS Code\bin;C:\Program Files\Eclipse Adoptium\jdk-17.0.17.10-hotspot\bin;C:\JMeter\apache-jmeter-5.6.3\apache-jmeter-5.6.3\bin;C:\Users\LENOVO\AppData\Local\Python\bin;C:\development\flutter\bin;C:\Users\LENOVO\AppData\Roaming\npm;C:\Users\LENOVO\AppData\Local\Android\Sdk\platform-tools;
USERNAME=LENOVO
OS=Windows_NT
PROCESSOR_IDENTIFIER=AMD64 Family 25 Model 80 Stepping 0, AuthenticAMD
TMP=C:\Users\LENOVO\AppData\Local\Temp
TEMP=C:\Users\LENOVO\AppData\Local\Temp




Periodic native trim disabled

---------------  S Y S T E M  ---------------

OS:
 Windows 11 , 64 bit Build 26100 (10.0.26100.8521)
OS uptime: 0 days 0:08 hours
Hyper-V role detected

CPU: total 12 (initial active 12) (12 cores per cpu, 2 threads per core) family 25 model 80 stepping 0 microcode 0xa50000c, cx8, cmov, fxsr, ht, mmx, 3dnowpref, sse, sse2, sse3, ssse3, sse4a, sse4.1, sse4.2, popcnt, lzcnt, tsc, tscinvbit, avx, avx2, aes, erms, clmul, bmi1, bmi2, adx, sha, fma, vzeroupper, clflush, clflushopt, hv, rdtscp, rdpid, fsrm, f16c, cet_ss
Processor Information for the first 12 processors :
  Max Mhz: 2301, Current Mhz: 2301, Mhz Limit: 2301

Memory: 4k page, system-wide physical 5996M (679M free)
TotalPageFile size 24428M (AvailPageFile size 15M)
current process WorkingSet (physical memory assigned to process): 218M, peak: 237M
current process commit charge ("private bytes"): 326M, peak: 343M

vm_info: OpenJDK 64-Bit Server VM (21.0.10+7-LTS) for windows-amd64 JRE (21.0.10+7-LTS), built on 2026-01-20T00:00:00Z by "admin" with MS VC++ 17.12 (VS2022)

END.
