#
# There is insufficient memory for the Java Runtime Environment to continue.
# Native memory allocation (malloc) failed to allocate 1579696 bytes. Error detail: Chunk::new
# Possible reasons:
#   The system is out of physical RAM or swap space
#   This process is running with CompressedOops enabled, and the Java Heap may be blocking the growth of the native heap
# Possible solutions:
#   Reduce memory load on the system
#   Increase physical memory or swap space
#   Check if swap backing store is full
#   Decrease Java heap size (-Xmx/-Xms)
#   Decrease number of Java threads
#   Decrease Java thread stack sizes (-Xss)
#   Set larger code cache with -XX:ReservedCodeCacheSize=
#   JVM is running with Unscaled Compressed Oops mode in which the Java heap is
#     placed in the first 4GB address space. The Java Heap base address is the
#     maximum limit for the native heap growth. Please use -XX:HeapBaseMinAddress
#     to set the Java Heap base and to place the Java Heap above 4GB virtual address.
# This output file may be truncated or incomplete.
#
#  Out of Memory Error (arena.cpp:168), pid=5324, tid=2672
#
# JRE version: OpenJDK Runtime Environment Temurin-21.0.10+7 (21.0.10+7) (build 21.0.10+7-LTS)
# Java VM: OpenJDK 64-Bit Server VM Temurin-21.0.10+7 (21.0.10+7-LTS, mixed mode, sharing, tiered, compressed oops, compressed class ptrs, parallel gc, windows-amd64)
# No core dump will be written. Minidumps are not enabled by default on client versions of Windows
#

---------------  S U M M A R Y ------------

Command Line: --add-modules=ALL-SYSTEM --add-opens=java.base/java.util=ALL-UNNAMED --add-opens=java.base/java.lang=ALL-UNNAMED --add-opens=java.base/sun.nio.fs=ALL-UNNAMED -Declipse.application=org.eclipse.jdt.ls.core.id1 -Dosgi.bundles.defaultStartLevel=4 -Declipse.product=org.eclipse.jdt.ls.core.product -Djava.import.generatesMetadataFilesAtProjectRoot=false -DDetectVMInstallationsJob.disabled=true -Dfile.encoding=utf8 -XX:+UseParallelGC -XX:GCTimeRatio=4 -XX:AdaptiveSizePolicyWeight=90 -Dsun.zip.disableMemoryMapping=true -Xmx2G -Xms100m -Xlog:disable -javaagent:c:\Users\LENOVO\.vscode\extensions\redhat.java-1.54.0-win32-x64\lombok\lombok-1.18.39-4050.jar -XX:+HeapDumpOnOutOfMemoryError -XX:HeapDumpPath=c:\Users\LENOVO\AppData\Roaming\Code\User\workspaceStorage\9e13d2c94f7b3215b6dc79938eeafcc2\redhat.java -Daether.dependencyCollector.impl=bf -Dsun.java2d.d3d=false -Dsun.java2d.opengl=false c:\Users\LENOVO\.vscode\extensions\redhat.java-1.54.0-win32-x64\server\plugins\org.eclipse.equinox.launcher_1.7.100.v20251111-0406.jar -configuration c:\Users\LENOVO\AppData\Roaming\Code\User\globalStorage\redhat.java\1.54.0\config_win -data c:\Users\LENOVO\AppData\Roaming\Code\User\workspaceStorage\9e13d2c94f7b3215b6dc79938eeafcc2\redhat.java\jdt_ws --pipe=\\.\pipe\lsp-f0fabc0e1f07c027c40664efde9da245-sock

Host: AMD Ryzen 5 5600U with Radeon Graphics         , 12 cores, 5G,  Windows 11 , 64 bit Build 26100 (10.0.26100.8328)
Time: Tue Jun  2 17:36:53 2026 SE Asia Standard Time elapsed time: 46.882071 seconds (0d 0h 0m 46s)

---------------  T H R E A D  ---------------

Current thread (0x0000020b7f7600c0):  JavaThread "C2 CompilerThread0" daemon [_thread_in_native, id=2672, stack(0x000000d62d900000,0x000000d62da00000) (1024K)]


Current CompileTask:
C2:46882 5700   !   4       org.eclipse.osgi.internal.loader.classpath.ClasspathManager::findClassImpl (328 bytes)

Stack: [0x000000d62d900000,0x000000d62da00000]
Native frames: (J=compiled Java code, j=interpreted, Vv=VM code, C=native code)
V  [jvm.dll+0x6d7a39]
V  [jvm.dll+0x8b4b26]
V  [jvm.dll+0x8b70de]
V  [jvm.dll+0x8b77c3]
V  [jvm.dll+0x284346]
V  [jvm.dll+0xc66ed]
V  [jvm.dll+0xc6c31]
V  [jvm.dll+0x3bec01]
V  [jvm.dll+0x38b162]
V  [jvm.dll+0x38a5aa]
V  [jvm.dll+0x24c560]
V  [jvm.dll+0x24bb40]
V  [jvm.dll+0x1cb34e]
V  [jvm.dll+0x25b85d]
V  [jvm.dll+0x259dea]
V  [jvm.dll+0x3f857e]
V  [jvm.dll+0x85f59d]
V  [jvm.dll+0x6d626d]
C  [ucrtbase.dll+0x37b0]
C  [KERNEL32.DLL+0x2e957]
C  [ntdll.dll+0x427c]


---------------  P R O C E S S  ---------------

Threads class SMR info:
_java_thread_list=0x0000020b6007bba0, length=42, elements={
0x0000020b7d32a8a0, 0x0000020b1633e4b0, 0x0000020b7f756980, 0x0000020b7f75b350,
0x0000020b7f75bdb0, 0x0000020b7f75c810, 0x0000020b7f75d270, 0x0000020b7f7600c0,
0x0000020b58912220, 0x0000020b58a96b10, 0x0000020b58c02010, 0x0000020b5e46f210,
0x0000020b5891dbf0, 0x0000020b58997fc0, 0x0000020b589ee720, 0x0000020b5ea2e850,
0x0000020b5e5a4f90, 0x0000020b5ea7dea0, 0x0000020b5eb8cc20, 0x0000020b5eb8b870,
0x0000020b5eb8d2b0, 0x0000020b5eb8d940, 0x0000020b5eb8dfd0, 0x0000020b5eb8ab50,
0x0000020b5eb8b1e0, 0x0000020b60698370, 0x0000020b60698a00, 0x0000020b60699090,
0x0000020b60696fc0, 0x0000020b60697650, 0x0000020b6069a440, 0x0000020b6069aad0,
0x0000020b60699720, 0x0000020b6069b160, 0x0000020b60697ce0, 0x0000020b6069b7f0,
0x0000020b6069be80, 0x0000020b6069c510, 0x0000020b6069cba0, 0x0000020b6069d230,
0x0000020b60699db0, 0x0000020b6069df50
}

Java Threads: ( => current thread )
  0x0000020b7d32a8a0 JavaThread "main"                              [_thread_blocked, id=30924, stack(0x000000d62cf00000,0x000000d62d000000) (1024K)]
  0x0000020b1633e4b0 JavaThread "Reference Handler"          daemon [_thread_blocked, id=15168, stack(0x000000d62d300000,0x000000d62d400000) (1024K)]
  0x0000020b7f756980 JavaThread "Finalizer"                  daemon [_thread_blocked, id=27988, stack(0x000000d62d400000,0x000000d62d500000) (1024K)]
  0x0000020b7f75b350 JavaThread "Signal Dispatcher"          daemon [_thread_blocked, id=27744, stack(0x000000d62d500000,0x000000d62d600000) (1024K)]
  0x0000020b7f75bdb0 JavaThread "Attach Listener"            daemon [_thread_blocked, id=23736, stack(0x000000d62d600000,0x000000d62d700000) (1024K)]
  0x0000020b7f75c810 JavaThread "Service Thread"             daemon [_thread_blocked, id=28164, stack(0x000000d62d700000,0x000000d62d800000) (1024K)]
  0x0000020b7f75d270 JavaThread "Monitor Deflation Thread"   daemon [_thread_blocked, id=9380, stack(0x000000d62d800000,0x000000d62d900000) (1024K)]
=>0x0000020b7f7600c0 JavaThread "C2 CompilerThread0"         daemon [_thread_in_native, id=2672, stack(0x000000d62d900000,0x000000d62da00000) (1024K)]
  0x0000020b58912220 JavaThread "C1 CompilerThread0"         daemon [_thread_blocked, id=10124, stack(0x000000d62da00000,0x000000d62db00000) (1024K)]
  0x0000020b58a96b10 JavaThread "Common-Cleaner"             daemon [_thread_blocked, id=25932, stack(0x000000d62db00000,0x000000d62dc00000) (1024K)]
  0x0000020b58c02010 JavaThread "Notification Thread"        daemon [_thread_blocked, id=21388, stack(0x000000d62dc00000,0x000000d62dd00000) (1024K)]
  0x0000020b5e46f210 JavaThread "Active Thread: Equinox Container: 2f3a0461-953a-4669-a4b2-8ce00dfc1789"        [_thread_blocked, id=12756, stack(0x000000d62e300000,0x000000d62e400000) (1024K)]
  0x0000020b5891dbf0 JavaThread "Refresh Thread: Equinox Container: 2f3a0461-953a-4669-a4b2-8ce00dfc1789" daemon [_thread_blocked, id=32980, stack(0x000000d62e500000,0x000000d62e600000) (1024K)]
  0x0000020b58997fc0 JavaThread "Framework Event Dispatcher: Equinox Container: 2f3a0461-953a-4669-a4b2-8ce00dfc1789" daemon [_thread_blocked, id=29752, stack(0x000000d62e600000,0x000000d62e700000) (1024K)]
  0x0000020b589ee720 JavaThread "Start Level: Equinox Container: 2f3a0461-953a-4669-a4b2-8ce00dfc1789" daemon [_thread_blocked, id=21460, stack(0x000000d62e700000,0x000000d62e800000) (1024K)]
  0x0000020b5ea2e850 JavaThread "Bundle File Closer"         daemon [_thread_blocked, id=28864, stack(0x000000d62ea00000,0x000000d62eb00000) (1024K)]
  0x0000020b5e5a4f90 JavaThread "SCR Component Actor"        daemon [_thread_blocked, id=28420, stack(0x000000d62eb00000,0x000000d62ec00000) (1024K)]
  0x0000020b5ea7dea0 JavaThread "Worker-JM"                         [_thread_blocked, id=18804, stack(0x000000d62ec00000,0x000000d62ed00000) (1024K)]
  0x0000020b5eb8cc20 JavaThread "JNA Cleaner"                daemon [_thread_blocked, id=23104, stack(0x000000d62ed00000,0x000000d62ee00000) (1024K)]
  0x0000020b5eb8b870 JavaThread "Worker-0"                          [_thread_blocked, id=4052, stack(0x000000d62ee00000,0x000000d62ef00000) (1024K)]
  0x0000020b5eb8d2b0 JavaThread "Worker-1"                          [_thread_blocked, id=30164, stack(0x000000d62ef00000,0x000000d62f000000) (1024K)]
  0x0000020b5eb8d940 JavaThread "Java indexing"              daemon [_thread_blocked, id=30160, stack(0x000000d62f000000,0x000000d62f100000) (1024K)]
  0x0000020b5eb8dfd0 JavaThread "Worker-2: Initialize After Load"        [_thread_in_native, id=24672, stack(0x000000d62f100000,0x000000d62f200000) (1024K)]
  0x0000020b5eb8ab50 JavaThread "Worker-3"                          [_thread_blocked, id=22664, stack(0x000000d62f400000,0x000000d62f500000) (1024K)]
  0x0000020b5eb8b1e0 JavaThread "Worker-4"                          [_thread_blocked, id=26104, stack(0x000000d62f500000,0x000000d62f600000) (1024K)]
  0x0000020b60698370 JavaThread "Worker-5"                          [_thread_blocked, id=21376, stack(0x000000d62f600000,0x000000d62f700000) (1024K)]
  0x0000020b60698a00 JavaThread "Thread-1"                   daemon [_thread_in_native, id=28352, stack(0x000000d62f700000,0x000000d62f800000) (1024K)]
  0x0000020b60699090 JavaThread "Thread-2"                   daemon [_thread_in_native, id=31464, stack(0x000000d62f800000,0x000000d62f900000) (1024K)]
  0x0000020b60696fc0 JavaThread "Thread-3"                   daemon [_thread_in_native, id=20924, stack(0x000000d62f900000,0x000000d62fa00000) (1024K)]
  0x0000020b60697650 JavaThread "Thread-4"                   daemon [_thread_in_native, id=4168, stack(0x000000d62fa00000,0x000000d62fb00000) (1024K)]
  0x0000020b6069a440 JavaThread "Thread-5"                   daemon [_thread_in_native, id=33120, stack(0x000000d62fb00000,0x000000d62fc00000) (1024K)]
  0x0000020b6069aad0 JavaThread "Thread-6"                   daemon [_thread_in_native, id=27732, stack(0x000000d62fc00000,0x000000d62fd00000) (1024K)]
  0x0000020b60699720 JavaThread "Thread-7"                   daemon [_thread_in_native, id=25288, stack(0x000000d62fd00000,0x000000d62fe00000) (1024K)]
  0x0000020b6069b160 JavaThread "Thread-8"                   daemon [_thread_in_native, id=16292, stack(0x000000d62fe00000,0x000000d62ff00000) (1024K)]
  0x0000020b60697ce0 JavaThread "Thread-9"                   daemon [_thread_in_native, id=10416, stack(0x000000d62ff00000,0x000000d630000000) (1024K)]
  0x0000020b6069b7f0 JavaThread "Thread-10"                  daemon [_thread_in_native, id=6756, stack(0x000000d630000000,0x000000d630100000) (1024K)]
  0x0000020b6069be80 JavaThread "Thread-11"                  daemon [_thread_in_native, id=19888, stack(0x000000d630100000,0x000000d630200000) (1024K)]
  0x0000020b6069c510 JavaThread "Thread-12"                  daemon [_thread_in_native, id=17012, stack(0x000000d630200000,0x000000d630300000) (1024K)]
  0x0000020b6069cba0 JavaThread "Thread-13"                  daemon [_thread_in_native, id=14328, stack(0x000000d630300000,0x000000d630400000) (1024K)]
  0x0000020b6069d230 JavaThread "pool-2-thread-1"                   [_thread_blocked, id=21864, stack(0x000000d630400000,0x000000d630500000) (1024K)]
  0x0000020b60699db0 JavaThread "WorkspaceEventsHandler"            [_thread_blocked, id=19540, stack(0x000000d630500000,0x000000d630600000) (1024K)]
  0x0000020b6069df50 JavaThread "pool-1-thread-1"                   [_thread_blocked, id=25440, stack(0x000000d630600000,0x000000d630700000) (1024K)]
Total: 42

Other Threads:
  0x0000020b588b10a0 VMThread "VM Thread"                           [id=17144, stack(0x000000d62d200000,0x000000d62d300000) (1024K)]
  0x0000020b1621cb30 WatcherThread "VM Periodic Task Thread"        [id=27408, stack(0x000000d62d100000,0x000000d62d200000) (1024K)]
  0x0000020b7f6d0a50 WorkerThread "GC Thread#0"                     [id=5672, stack(0x000000d62d000000,0x000000d62d100000) (1024K)]
  0x0000020b58c29760 WorkerThread "GC Thread#1"                     [id=6364, stack(0x000000d62dd00000,0x000000d62de00000) (1024K)]
  0x0000020b58c2a130 WorkerThread "GC Thread#2"                     [id=25408, stack(0x000000d62de00000,0x000000d62df00000) (1024K)]
  0x0000020b5e25dd70 WorkerThread "GC Thread#3"                     [id=30604, stack(0x000000d62df00000,0x000000d62e000000) (1024K)]
  0x0000020b58c42f30 WorkerThread "GC Thread#4"                     [id=19828, stack(0x000000d62e000000,0x000000d62e100000) (1024K)]
  0x0000020b58c432e0 WorkerThread "GC Thread#5"                     [id=2112, stack(0x000000d62e100000,0x000000d62e200000) (1024K)]
  0x0000020b58c43ea0 WorkerThread "GC Thread#6"                     [id=18216, stack(0x000000d62e200000,0x000000d62e300000) (1024K)]
  0x0000020b7f7645f0 WorkerThread "GC Thread#7"                     [id=20388, stack(0x000000d62e400000,0x000000d62e500000) (1024K)]
  0x0000020b5e8c6c20 WorkerThread "GC Thread#8"                     [id=21608, stack(0x000000d62e800000,0x000000d62e900000) (1024K)]
  0x0000020b5e4b6790 WorkerThread "GC Thread#9"                     [id=21804, stack(0x000000d62e900000,0x000000d62ea00000) (1024K)]
Total: 12

Threads with active compile tasks:
C2 CompilerThread0  46932 5700   !   4       org.eclipse.osgi.internal.loader.classpath.ClasspathManager::findClassImpl (328 bytes)
Total: 1

VM state: not at safepoint (normal execution)

VM Mutex/Monitor currently owned by a thread: None

Heap address: 0x0000000080000000, size: 2048 MB, Compressed Oops mode: 32-bit

CDS archive(s) mapped at: [0x0000020b17000000-0x0000020b17ba0000-0x0000020b17ba0000), size 12189696, SharedBaseAddress: 0x0000020b17000000, ArchiveRelocationMode: 1.
Compressed class space mapped at: 0x0000020b18000000-0x0000020b58000000, reserved size: 1073741824
Narrow klass base: 0x0000020b17000000, Narrow klass shift: 0, Narrow klass range: 0x100000000

GC Precious Log:
 CardTable entry size: 512
 CPUs: 12 total, 12 available
 Memory: 5996M
 Large Page Support: Disabled
 NUMA Support: Disabled
 Compressed Oops: Enabled (32-bit)
 Alignments: Space 512K, Generation 512K, Heap 2M
 Heap Min Capacity: 100M
 Heap Initial Capacity: 100M
 Heap Max Capacity: 2G
 Pre-touch: Disabled
 Parallel Workers: 10

Heap:
 PSYoungGen      total 23552K, used 17502K [0x00000000d5580000, 0x00000000d6e80000, 0x0000000100000000)
  eden space 22016K, 72% used [0x00000000d5580000,0x00000000d652f818,0x00000000d6b00000)
  from space 1536K, 93% used [0x00000000d6c80000,0x00000000d6de8000,0x00000000d6e00000)
  to   space 512K, 0% used [0x00000000d6e00000,0x00000000d6e00000,0x00000000d6e80000)
 ParOldGen       total 68608K, used 22421K [0x0000000080000000, 0x0000000084300000, 0x00000000d5580000)
  object space 68608K, 32% used [0x0000000080000000,0x00000000815e5498,0x0000000084300000)
 Metaspace       used 45092K, committed 46208K, reserved 1114112K
  class space    used 4932K, committed 5440K, reserved 1048576K

Card table byte_map: [0x0000020b7f050000,0x0000020b7f460000] _byte_map_base: 0x0000020b7ec50000

Marking Bits: (ParMarkBitMap*) 0x00007ffd9f1c3450
 Begin Bits: [0x0000020b12140000, 0x0000020b14140000)
 End Bits:   [0x0000020b14140000, 0x0000020b16140000)

Polling page: 0x0000020b7d2b0000

Metaspace:

Usage:
  Non-class:     39.22 MB used.
      Class:      4.82 MB used.
       Both:     44.04 MB used.

Virtual space:
  Non-class space:       64.00 MB reserved,      39.81 MB ( 62%) committed,  1 nodes.
      Class space:        1.00 GB reserved,       5.31 MB ( <1%) committed,  1 nodes.
             Both:        1.06 GB reserved,      45.12 MB (  4%) committed. 

Chunk freelists:
   Non-Class:  7.44 MB
       Class:  10.66 MB
        Both:  18.09 MB

MaxMetaspaceSize: unlimited
CompressedClassSpaceSize: 1.00 GB
Initial GC threshold: 21.00 MB
Current GC threshold: 58.38 MB
CDS: on
 - commit_granule_bytes: 65536.
 - commit_granule_words: 8192.
 - virtual_space_node_default_size: 8388608.
 - enlarge_chunks_in_place: 1.
 - use_allocation_guard: 0.


Internal statistics:

num_allocs_failed_limit: 8.
num_arena_births: 802.
num_arena_deaths: 26.
num_vsnodes_births: 2.
num_vsnodes_deaths: 0.
num_space_committed: 722.
num_space_uncommitted: 0.
num_chunks_returned_to_freelist: 36.
num_chunks_taken_from_freelist: 2789.
num_chunk_merges: 15.
num_chunk_splits: 1733.
num_chunks_enlarged: 1029.
num_inconsistent_stats: 0.

CodeHeap 'non-profiled nmethods': size=120000Kb used=2013Kb max_used=2013Kb free=117986Kb
 bounds [0x0000020b0ac10000, 0x0000020b0ae80000, 0x0000020b12140000]
CodeHeap 'profiled nmethods': size=120000Kb used=10513Kb max_used=10513Kb free=109486Kb
 bounds [0x0000020b03140000, 0x0000020b03b90000, 0x0000020b0a670000]
CodeHeap 'non-nmethods': size=5760Kb used=1367Kb max_used=1414Kb free=4392Kb
 bounds [0x0000020b0a670000, 0x0000020b0a8e0000, 0x0000020b0ac10000]
CodeCache: size=245760Kb, used=13893Kb, max_used=13940Kb, free=231864Kb
 total_blobs=6037, nmethods=5372, adapters=571, full_count=0
Compilation: enabled, stopped_count=0, restarted_count=0

Compilation events (20 events):
Event: 45.860 Thread 0x0000020b58912220 5975       2       java.util.HashMap::clear (50 bytes)
Event: 45.860 Thread 0x0000020b58912220 nmethod 5975 0x0000020b03b81090 code [0x0000020b03b81240, 0x0000020b03b813f8]
Event: 45.860 Thread 0x0000020b58912220 5980       2       com.sun.org.apache.xerces.internal.dom.NodeImpl::hasStringValue (29 bytes)
Event: 45.860 Thread 0x0000020b58912220 nmethod 5980 0x0000020b03b81510 code [0x0000020b03b816a0, 0x0000020b03b817c8]
Event: 45.861 Thread 0x0000020b58912220 5977       2       com.sun.org.apache.xerces.internal.impl.XMLDocumentScannerImpl::refresh (71 bytes)
Event: 45.861 Thread 0x0000020b58912220 nmethod 5977 0x0000020b03b81890 code [0x0000020b03b81a60, 0x0000020b03b81db8]
Event: 45.861 Thread 0x0000020b58912220 5978       2       com.sun.org.apache.xerces.internal.impl.XMLDocumentFragmentScannerImpl::refresh (28 bytes)
Event: 45.861 Thread 0x0000020b58912220 nmethod 5978 0x0000020b03b82090 code [0x0000020b03b82260, 0x0000020b03b824c8]
Event: 45.861 Thread 0x0000020b58912220 5979       2       com.sun.org.apache.xerces.internal.dom.NodeImpl::needsSyncChildren (26 bytes)
Event: 45.861 Thread 0x0000020b58912220 nmethod 5979 0x0000020b03b82690 code [0x0000020b03b82820, 0x0000020b03b82948]
Event: 45.863 Thread 0x0000020b58912220 5981   !   2       org.eclipse.core.internal.watson.ElementTree::getElementData (74 bytes)
Event: 45.864 Thread 0x0000020b58912220 nmethod 5981 0x0000020b03b82a10 code [0x0000020b03b82c20, 0x0000020b03b83158]
Event: 45.864 Thread 0x0000020b58912220 5982       2       java.lang.ThreadLocal$ThreadLocalMap::cleanSomeSlots (61 bytes)
Event: 45.864 Thread 0x0000020b58912220 nmethod 5982 0x0000020b03b83490 code [0x0000020b03b83660, 0x0000020b03b838d8]
Event: 45.869 Thread 0x0000020b58912220 5983       2       org.eclipse.core.internal.resources.Resource::getFlags (13 bytes)
Event: 45.869 Thread 0x0000020b58912220 nmethod 5983 0x0000020b03b83a90 code [0x0000020b03b83c40, 0x0000020b03b83d88]
Event: 45.869 Thread 0x0000020b58912220 5984       2       java.util.LinkedHashMap::keySet (5 bytes)
Event: 45.869 Thread 0x0000020b58912220 nmethod 5984 0x0000020b03b83e90 code [0x0000020b03b84040, 0x0000020b03b84168]
Event: 45.869 Thread 0x0000020b58912220 5985       2       java.util.LinkedHashMap::sequencedKeySet (31 bytes)
Event: 45.869 Thread 0x0000020b58912220 nmethod 5985 0x0000020b03b84210 code [0x0000020b03b843c0, 0x0000020b03b845e0]

GC Heap History (20 events):
Event: 43.212 GC heap before
{Heap before GC invocations=10 (full 1):
 PSYoungGen      total 25088K, used 24139K [0x00000000d5580000, 0x00000000d7400000, 0x0000000100000000)
  eden space 23552K, 97% used [0x00000000d5580000,0x00000000d6be3338,0x00000000d6c80000)
  from space 1536K, 79% used [0x00000000d7280000,0x00000000d73afa18,0x00000000d7400000)
  to   space 2560K, 0% used [0x00000000d6f00000,0x00000000d6f00000,0x00000000d7180000)
 ParOldGen       total 68608K, used 13613K [0x0000000080000000, 0x0000000084300000, 0x00000000d5580000)
  object space 68608K, 19% used [0x0000000080000000,0x0000000080d4b6e8,0x0000000084300000)
 Metaspace       used 26353K, committed 27200K, reserved 1114112K
  class space    used 2606K, committed 2944K, reserved 1048576K
}
Event: 43.213 GC heap after
{Heap after GC invocations=10 (full 1):
 PSYoungGen      total 25600K, used 1372K [0x00000000d5580000, 0x00000000d7300000, 0x0000000100000000)
  eden space 23040K, 0% used [0x00000000d5580000,0x00000000d5580000,0x00000000d6c00000)
  from space 2560K, 53% used [0x00000000d6f00000,0x00000000d70571b0,0x00000000d7180000)
  to   space 1536K, 0% used [0x00000000d7180000,0x00000000d7180000,0x00000000d7300000)
 ParOldGen       total 68608K, used 13613K [0x0000000080000000, 0x0000000084300000, 0x00000000d5580000)
  object space 68608K, 19% used [0x0000000080000000,0x0000000080d4b6e8,0x0000000084300000)
 Metaspace       used 26353K, committed 27200K, reserved 1114112K
  class space    used 2606K, committed 2944K, reserved 1048576K
}
Event: 43.497 GC heap before
{Heap before GC invocations=11 (full 1):
 PSYoungGen      total 25600K, used 24412K [0x00000000d5580000, 0x00000000d7300000, 0x0000000100000000)
  eden space 23040K, 100% used [0x00000000d5580000,0x00000000d6c00000,0x00000000d6c00000)
  from space 2560K, 53% used [0x00000000d6f00000,0x00000000d70571b0,0x00000000d7180000)
  to   space 1536K, 0% used [0x00000000d7180000,0x00000000d7180000,0x00000000d7300000)
 ParOldGen       total 68608K, used 13613K [0x0000000080000000, 0x0000000084300000, 0x00000000d5580000)
  object space 68608K, 19% used [0x0000000080000000,0x0000000080d4b6e8,0x0000000084300000)
 Metaspace       used 27917K, committed 28736K, reserved 1114112K
  class space    used 2724K, committed 3072K, reserved 1048576K
}
Event: 43.500 GC heap after
{Heap after GC invocations=11 (full 1):
 PSYoungGen      total 24064K, used 1509K [0x00000000d5580000, 0x00000000d7380000, 0x0000000100000000)
  eden space 22528K, 0% used [0x00000000d5580000,0x00000000d5580000,0x00000000d6b80000)
  from space 1536K, 98% used [0x00000000d7180000,0x00000000d72f97e0,0x00000000d7300000)
  to   space 4096K, 0% used [0x00000000d6b80000,0x00000000d6b80000,0x00000000d6f80000)
 ParOldGen       total 68608K, used 15528K [0x0000000080000000, 0x0000000084300000, 0x00000000d5580000)
  object space 68608K, 22% used [0x0000000080000000,0x0000000080f2a3f8,0x0000000084300000)
 Metaspace       used 27917K, committed 28736K, reserved 1114112K
  class space    used 2724K, committed 3072K, reserved 1048576K
}
Event: 43.828 GC heap before
{Heap before GC invocations=12 (full 1):
 PSYoungGen      total 24064K, used 24037K [0x00000000d5580000, 0x00000000d7380000, 0x0000000100000000)
  eden space 22528K, 100% used [0x00000000d5580000,0x00000000d6b80000,0x00000000d6b80000)
  from space 1536K, 98% used [0x00000000d7180000,0x00000000d72f97e0,0x00000000d7300000)
  to   space 4096K, 0% used [0x00000000d6b80000,0x00000000d6b80000,0x00000000d6f80000)
 ParOldGen       total 68608K, used 15528K [0x0000000080000000, 0x0000000084300000, 0x00000000d5580000)
  object space 68608K, 22% used [0x0000000080000000,0x0000000080f2a3f8,0x0000000084300000)
 Metaspace       used 31185K, committed 32192K, reserved 1114112K
  class space    used 3113K, committed 3520K, reserved 1048576K
}
Event: 43.831 GC heap after
{Heap after GC invocations=12 (full 1):
 PSYoungGen      total 26112K, used 1521K [0x00000000d5580000, 0x00000000d7200000, 0x0000000100000000)
  eden space 22016K, 0% used [0x00000000d5580000,0x00000000d5580000,0x00000000d6b00000)
  from space 4096K, 37% used [0x00000000d6b80000,0x00000000d6cfc6b8,0x00000000d6f80000)
  to   space 2560K, 0% used [0x00000000d6f80000,0x00000000d6f80000,0x00000000d7200000)
 ParOldGen       total 68608K, used 17002K [0x0000000080000000, 0x0000000084300000, 0x00000000d5580000)
  object space 68608K, 24% used [0x0000000080000000,0x000000008109ab78,0x0000000084300000)
 Metaspace       used 31185K, committed 32192K, reserved 1114112K
  class space    used 3113K, committed 3520K, reserved 1048576K
}
Event: 43.962 GC heap before
{Heap before GC invocations=13 (full 1):
 PSYoungGen      total 26112K, used 23537K [0x00000000d5580000, 0x00000000d7200000, 0x0000000100000000)
  eden space 22016K, 100% used [0x00000000d5580000,0x00000000d6b00000,0x00000000d6b00000)
  from space 4096K, 37% used [0x00000000d6b80000,0x00000000d6cfc6b8,0x00000000d6f80000)
  to   space 2560K, 0% used [0x00000000d6f80000,0x00000000d6f80000,0x00000000d7200000)
 ParOldGen       total 68608K, used 17002K [0x0000000080000000, 0x0000000084300000, 0x00000000d5580000)
  object space 68608K, 24% used [0x0000000080000000,0x000000008109ab78,0x0000000084300000)
 Metaspace       used 34100K, committed 35200K, reserved 1114112K
  class space    used 3494K, committed 3968K, reserved 1048576K
}
Event: 43.965 GC heap after
{Heap after GC invocations=13 (full 1):
 PSYoungGen      total 23552K, used 1502K [0x00000000d5580000, 0x00000000d7100000, 0x0000000100000000)
  eden space 22016K, 0% used [0x00000000d5580000,0x00000000d5580000,0x00000000d6b00000)
  from space 1536K, 97% used [0x00000000d6f80000,0x00000000d70f7888,0x00000000d7100000)
  to   space 2048K, 0% used [0x00000000d6d00000,0x00000000d6d00000,0x00000000d6f00000)
 ParOldGen       total 68608K, used 18331K [0x0000000080000000, 0x0000000084300000, 0x00000000d5580000)
  object space 68608K, 26% used [0x0000000080000000,0x00000000811e6cc0,0x0000000084300000)
 Metaspace       used 34100K, committed 35200K, reserved 1114112K
  class space    used 3494K, committed 3968K, reserved 1048576K
}
Event: 44.041 GC heap before
{Heap before GC invocations=14 (full 1):
 PSYoungGen      total 23552K, used 10249K [0x00000000d5580000, 0x00000000d7100000, 0x0000000100000000)
  eden space 22016K, 39% used [0x00000000d5580000,0x00000000d5e0af40,0x00000000d6b00000)
  from space 1536K, 97% used [0x00000000d6f80000,0x00000000d70f7888,0x00000000d7100000)
  to   space 2048K, 0% used [0x00000000d6d00000,0x00000000d6d00000,0x00000000d6f00000)
 ParOldGen       total 68608K, used 18331K [0x0000000080000000, 0x0000000084300000, 0x00000000d5580000)
  object space 68608K, 26% used [0x0000000080000000,0x00000000811e6cc0,0x0000000084300000)
 Metaspace       used 34845K, committed 35840K, reserved 1114112K
  class space    used 3607K, committed 4032K, reserved 1048576K
}
Event: 44.043 GC heap after
{Heap after GC invocations=14 (full 1):
 PSYoungGen      total 24064K, used 1872K [0x00000000d5580000, 0x00000000d7000000, 0x0000000100000000)
  eden space 22016K, 0% used [0x00000000d5580000,0x00000000d5580000,0x00000000d6b00000)
  from space 2048K, 91% used [0x00000000d6d00000,0x00000000d6ed4010,0x00000000d6f00000)
  to   space 1024K, 0% used [0x00000000d6f00000,0x00000000d6f00000,0x00000000d7000000)
 ParOldGen       total 68608K, used 19196K [0x0000000080000000, 0x0000000084300000, 0x00000000d5580000)
  object space 68608K, 27% used [0x0000000080000000,0x00000000812bf1d0,0x0000000084300000)
 Metaspace       used 34845K, committed 35840K, reserved 1114112K
  class space    used 3607K, committed 4032K, reserved 1048576K
}
Event: 44.043 GC heap before
{Heap before GC invocations=15 (full 2):
 PSYoungGen      total 24064K, used 1872K [0x00000000d5580000, 0x00000000d7000000, 0x0000000100000000)
  eden space 22016K, 0% used [0x00000000d5580000,0x00000000d5580000,0x00000000d6b00000)
  from space 2048K, 91% used [0x00000000d6d00000,0x00000000d6ed4010,0x00000000d6f00000)
  to   space 1024K, 0% used [0x00000000d6f00000,0x00000000d6f00000,0x00000000d7000000)
 ParOldGen       total 68608K, used 19196K [0x0000000080000000, 0x0000000084300000, 0x00000000d5580000)
  object space 68608K, 27% used [0x0000000080000000,0x00000000812bf1d0,0x0000000084300000)
 Metaspace       used 34845K, committed 35840K, reserved 1114112K
  class space    used 3607K, committed 4032K, reserved 1048576K
}
Event: 44.092 GC heap after
{Heap after GC invocations=15 (full 2):
 PSYoungGen      total 24064K, used 0K [0x00000000d5580000, 0x00000000d7000000, 0x0000000100000000)
  eden space 22016K, 0% used [0x00000000d5580000,0x00000000d5580000,0x00000000d6b00000)
  from space 2048K, 0% used [0x00000000d6d00000,0x00000000d6d00000,0x00000000d6f00000)
  to   space 1024K, 0% used [0x00000000d6f00000,0x00000000d6f00000,0x00000000d7000000)
 ParOldGen       total 68608K, used 20037K [0x0000000080000000, 0x0000000084300000, 0x00000000d5580000)
  object space 68608K, 29% used [0x0000000080000000,0x0000000081391788,0x0000000084300000)
 Metaspace       used 34835K, committed 35840K, reserved 1114112K
  class space    used 3604K, committed 4032K, reserved 1048576K
}
Event: 44.329 GC heap before
{Heap before GC invocations=16 (full 2):
 PSYoungGen      total 24064K, used 22016K [0x00000000d5580000, 0x00000000d7000000, 0x0000000100000000)
  eden space 22016K, 100% used [0x00000000d5580000,0x00000000d6b00000,0x00000000d6b00000)
  from space 2048K, 0% used [0x00000000d6d00000,0x00000000d6d00000,0x00000000d6f00000)
  to   space 1024K, 0% used [0x00000000d6f00000,0x00000000d6f00000,0x00000000d7000000)
 ParOldGen       total 68608K, used 20037K [0x0000000080000000, 0x0000000084300000, 0x00000000d5580000)
  object space 68608K, 29% used [0x0000000080000000,0x0000000081391788,0x0000000084300000)
 Metaspace       used 36545K, committed 37632K, reserved 1114112K
  class space    used 3842K, committed 4288K, reserved 1048576K
}
Event: 44.331 GC heap after
{Heap after GC invocations=16 (full 2):
 PSYoungGen      total 23040K, used 864K [0x00000000d5580000, 0x00000000d7000000, 0x0000000100000000)
  eden space 22016K, 0% used [0x00000000d5580000,0x00000000d5580000,0x00000000d6b00000)
  from space 1024K, 84% used [0x00000000d6f00000,0x00000000d6fd8000,0x00000000d7000000)
  to   space 1536K, 0% used [0x00000000d6d00000,0x00000000d6d00000,0x00000000d6e80000)
 ParOldGen       total 68608K, used 20045K [0x0000000080000000, 0x0000000084300000, 0x00000000d5580000)
  object space 68608K, 29% used [0x0000000080000000,0x0000000081393788,0x0000000084300000)
 Metaspace       used 36545K, committed 37632K, reserved 1114112K
  class space    used 3842K, committed 4288K, reserved 1048576K
}
Event: 44.658 GC heap before
{Heap before GC invocations=17 (full 2):
 PSYoungGen      total 23040K, used 22880K [0x00000000d5580000, 0x00000000d7000000, 0x0000000100000000)
  eden space 22016K, 100% used [0x00000000d5580000,0x00000000d6b00000,0x00000000d6b00000)
  from space 1024K, 84% used [0x00000000d6f00000,0x00000000d6fd8000,0x00000000d7000000)
  to   space 1536K, 0% used [0x00000000d6d00000,0x00000000d6d00000,0x00000000d6e80000)
 ParOldGen       total 68608K, used 20045K [0x0000000080000000, 0x0000000084300000, 0x00000000d5580000)
  object space 68608K, 29% used [0x0000000080000000,0x0000000081393788,0x0000000084300000)
 Metaspace       used 38416K, committed 39552K, reserved 1114112K
  class space    used 4078K, committed 4608K, reserved 1048576K
}
Event: 44.660 GC heap after
{Heap after GC invocations=17 (full 2):
 PSYoungGen      total 23040K, used 1024K [0x00000000d5580000, 0x00000000d6f80000, 0x0000000100000000)
  eden space 22016K, 0% used [0x00000000d5580000,0x00000000d5580000,0x00000000d6b00000)
  from space 1024K, 100% used [0x00000000d6d00000,0x00000000d6e00000,0x00000000d6e00000)
  to   space 1536K, 0% used [0x00000000d6e00000,0x00000000d6e00000,0x00000000d6f80000)
 ParOldGen       total 68608K, used 20765K [0x0000000080000000, 0x0000000084300000, 0x00000000d5580000)
  object space 68608K, 30% used [0x0000000080000000,0x0000000081447788,0x0000000084300000)
 Metaspace       used 38416K, committed 39552K, reserved 1114112K
  class space    used 4078K, committed 4608K, reserved 1048576K
}
Event: 45.152 GC heap before
{Heap before GC invocations=18 (full 2):
 PSYoungGen      total 23040K, used 23040K [0x00000000d5580000, 0x00000000d6f80000, 0x0000000100000000)
  eden space 22016K, 100% used [0x00000000d5580000,0x00000000d6b00000,0x00000000d6b00000)
  from space 1024K, 100% used [0x00000000d6d00000,0x00000000d6e00000,0x00000000d6e00000)
  to   space 1536K, 0% used [0x00000000d6e00000,0x00000000d6e00000,0x00000000d6f80000)
 ParOldGen       total 68608K, used 20765K [0x0000000080000000, 0x0000000084300000, 0x00000000d5580000)
  object space 68608K, 30% used [0x0000000080000000,0x0000000081447788,0x0000000084300000)
 Metaspace       used 40853K, committed 41984K, reserved 1114112K
  class space    used 4396K, committed 4864K, reserved 1048576K
}
Event: 45.154 GC heap after
{Heap after GC invocations=18 (full 2):
 PSYoungGen      total 23552K, used 1056K [0x00000000d5580000, 0x00000000d6f80000, 0x0000000100000000)
  eden space 22016K, 0% used [0x00000000d5580000,0x00000000d5580000,0x00000000d6b00000)
  from space 1536K, 68% used [0x00000000d6e00000,0x00000000d6f08000,0x00000000d6f80000)
  to   space 1536K, 0% used [0x00000000d6c80000,0x00000000d6c80000,0x00000000d6e00000)
 ParOldGen       total 68608K, used 21581K [0x0000000080000000, 0x0000000084300000, 0x00000000d5580000)
  object space 68608K, 31% used [0x0000000080000000,0x0000000081513798,0x0000000084300000)
 Metaspace       used 40853K, committed 41984K, reserved 1114112K
  class space    used 4396K, committed 4864K, reserved 1048576K
}
Event: 45.615 GC heap before
{Heap before GC invocations=19 (full 2):
 PSYoungGen      total 23552K, used 23072K [0x00000000d5580000, 0x00000000d6f80000, 0x0000000100000000)
  eden space 22016K, 100% used [0x00000000d5580000,0x00000000d6b00000,0x00000000d6b00000)
  from space 1536K, 68% used [0x00000000d6e00000,0x00000000d6f08000,0x00000000d6f80000)
  to   space 1536K, 0% used [0x00000000d6c80000,0x00000000d6c80000,0x00000000d6e00000)
 ParOldGen       total 68608K, used 21581K [0x0000000080000000, 0x0000000084300000, 0x00000000d5580000)
  object space 68608K, 31% used [0x0000000080000000,0x0000000081513798,0x0000000084300000)
 Metaspace       used 43308K, committed 44480K, reserved 1114112K
  class space    used 4734K, committed 5248K, reserved 1048576K
}
Event: 45.618 GC heap after
{Heap after GC invocations=19 (full 2):
 PSYoungGen      total 23552K, used 1440K [0x00000000d5580000, 0x00000000d6e80000, 0x0000000100000000)
  eden space 22016K, 0% used [0x00000000d5580000,0x00000000d5580000,0x00000000d6b00000)
  from space 1536K, 93% used [0x00000000d6c80000,0x00000000d6de8000,0x00000000d6e00000)
  to   space 512K, 0% used [0x00000000d6e00000,0x00000000d6e00000,0x00000000d6e80000)
 ParOldGen       total 68608K, used 22421K [0x0000000080000000, 0x0000000084300000, 0x00000000d5580000)
  object space 68608K, 32% used [0x0000000080000000,0x00000000815e5498,0x0000000084300000)
 Metaspace       used 43308K, committed 44480K, reserved 1114112K
  class space    used 4734K, committed 5248K, reserved 1048576K
}

Dll operation events (10 events):
Event: 0.020 Loaded shared library c:\Users\LENOVO\.vscode\extensions\redhat.java-1.54.0-win32-x64\jre\21.0.10-win32-x86_64\bin\java.dll
Event: 0.171 Loaded shared library c:\Users\LENOVO\.vscode\extensions\redhat.java-1.54.0-win32-x64\jre\21.0.10-win32-x86_64\bin\zip.dll
Event: 0.249 Loaded shared library C:\Users\LENOVO\.vscode\extensions\redhat.java-1.54.0-win32-x64\jre\21.0.10-win32-x86_64\bin\instrument.dll
Event: 0.261 Loaded shared library C:\Users\LENOVO\.vscode\extensions\redhat.java-1.54.0-win32-x64\jre\21.0.10-win32-x86_64\bin\net.dll
Event: 0.265 Loaded shared library C:\Users\LENOVO\.vscode\extensions\redhat.java-1.54.0-win32-x64\jre\21.0.10-win32-x86_64\bin\nio.dll
Event: 0.270 Loaded shared library C:\Users\LENOVO\.vscode\extensions\redhat.java-1.54.0-win32-x64\jre\21.0.10-win32-x86_64\bin\zip.dll
Event: 0.305 Loaded shared library C:\Users\LENOVO\.vscode\extensions\redhat.java-1.54.0-win32-x64\jre\21.0.10-win32-x86_64\bin\jimage.dll
Event: 0.488 Loaded shared library c:\Users\LENOVO\.vscode\extensions\redhat.java-1.54.0-win32-x64\jre\21.0.10-win32-x86_64\bin\verify.dll
Event: 16.707 Loaded shared library C:\Users\LENOVO\AppData\Roaming\Code\User\globalStorage\redhat.java\1.54.0\config_win\org.eclipse.equinox.launcher\org.eclipse.equinox.launcher.win32.win32.x86_64_1.3.0.v20260203-2149\eclipse_11919.dll
Event: 41.477 Loaded shared library C:\Users\LENOVO\AppData\Local\Temp\jna--2053026509\jna16953531041804779483.dll

Deoptimization events (20 events):
Event: 45.785 Thread 0x0000020b5eb8dfd0 DEOPT PACKING pc=0x0000020b0ace5a50 sp=0x000000d62f1fe760
Event: 45.785 Thread 0x0000020b5eb8dfd0 DEOPT UNPACKING pc=0x0000020b0a6c3aa2 sp=0x000000d62f1fe688 mode 2
Event: 45.791 Thread 0x0000020b5eb8dfd0 DEOPT PACKING pc=0x0000020b03a42f26 sp=0x000000d62f1fe550
Event: 45.791 Thread 0x0000020b5eb8dfd0 DEOPT UNPACKING pc=0x0000020b0a6c4242 sp=0x000000d62f1fda40 mode 0
Event: 45.792 Thread 0x0000020b5eb8dfd0 DEOPT PACKING pc=0x0000020b03a42f26 sp=0x000000d62f1fe550
Event: 45.792 Thread 0x0000020b5eb8dfd0 DEOPT UNPACKING pc=0x0000020b0a6c4242 sp=0x000000d62f1fda40 mode 0
Event: 45.792 Thread 0x0000020b5eb8dfd0 DEOPT PACKING pc=0x0000020b03a42f26 sp=0x000000d62f1fe550
Event: 45.792 Thread 0x0000020b5eb8dfd0 DEOPT UNPACKING pc=0x0000020b0a6c4242 sp=0x000000d62f1fda40 mode 0
Event: 45.793 Thread 0x0000020b5eb8dfd0 DEOPT PACKING pc=0x0000020b03a42f26 sp=0x000000d62f1fe550
Event: 45.793 Thread 0x0000020b5eb8dfd0 DEOPT UNPACKING pc=0x0000020b0a6c4242 sp=0x000000d62f1fda40 mode 0
Event: 45.794 Thread 0x0000020b5eb8dfd0 DEOPT PACKING pc=0x0000020b03a42f26 sp=0x000000d62f1fe550
Event: 45.794 Thread 0x0000020b5eb8dfd0 DEOPT UNPACKING pc=0x0000020b0a6c4242 sp=0x000000d62f1fda40 mode 0
Event: 45.798 Thread 0x0000020b5eb8dfd0 DEOPT PACKING pc=0x0000020b03a42f26 sp=0x000000d62f1fdb20
Event: 45.798 Thread 0x0000020b5eb8dfd0 DEOPT UNPACKING pc=0x0000020b0a6c4242 sp=0x000000d62f1fd010 mode 0
Event: 45.798 Thread 0x0000020b5eb8dfd0 DEOPT PACKING pc=0x0000020b03a42f26 sp=0x000000d62f1fdb20
Event: 45.798 Thread 0x0000020b5eb8dfd0 DEOPT UNPACKING pc=0x0000020b0a6c4242 sp=0x000000d62f1fd010 mode 0
Event: 45.868 Thread 0x0000020b5eb8dfd0 Uncommon trap: trap_request=0xffffff45 fr.pc=0x0000020b0ad5ddb8 relative=0x00000000000009f8
Event: 45.868 Thread 0x0000020b5eb8dfd0 Uncommon trap: reason=unstable_if action=reinterpret pc=0x0000020b0ad5ddb8 method=java.io.DataOutputStream.writeUTF(Ljava/lang/String;Ljava/io/DataOutput;)I @ 101 c2
Event: 45.868 Thread 0x0000020b5eb8dfd0 DEOPT PACKING pc=0x0000020b0ad5ddb8 sp=0x000000d62f1feb80
Event: 45.868 Thread 0x0000020b5eb8dfd0 DEOPT UNPACKING pc=0x0000020b0a6c3aa2 sp=0x000000d62f1feb30 mode 2

Classes loaded (20 events):
Event: 45.268 Loading class java/lang/ExceptionInInitializerError
Event: 45.268 Loading class java/lang/ExceptionInInitializerError done
Event: 45.268 Loading class sun/misc/Unsafe
Event: 45.269 Loading class sun/misc/Unsafe done
Event: 45.286 Loading class jdk/internal/org/objectweb/asm/ClassReader
Event: 45.287 Loading class jdk/internal/org/objectweb/asm/ClassReader done
Event: 45.606 Loading class java/lang/ProcessEnvironment$CheckedKeySet
Event: 45.606 Loading class java/lang/ProcessEnvironment$CheckedKeySet done
Event: 45.742 Loading class java/util/regex/Pattern$Pos
Event: 45.743 Loading class java/util/regex/Pattern$Pos done
Event: 45.763 Loading class sun/security/provider/MD5
Event: 45.763 Loading class sun/security/provider/MD5 done
Event: 45.763 Loading class sun/security/provider/ByteArrayAccess$LE
Event: 45.763 Loading class sun/security/provider/ByteArrayAccess$LE done
Event: 45.819 Loading class sun/nio/fs/WindowsException
Event: 45.819 Loading class sun/nio/fs/WindowsException done
Event: 45.842 Loading class sun/net/www/protocol/https/Handler
Event: 45.842 Loading class sun/net/www/protocol/http/Handler
Event: 45.843 Loading class sun/net/www/protocol/http/Handler done
Event: 45.843 Loading class sun/net/www/protocol/https/Handler done

Classes unloaded (13 events):
Event: 42.549 Thread 0x0000020b588b10a0 Unloading class 0x0000020b181aac00 'java/lang/invoke/LambdaForm$MH+0x0000020b181aac00'
Event: 42.549 Thread 0x0000020b588b10a0 Unloading class 0x0000020b181aa800 'java/lang/invoke/LambdaForm$MH+0x0000020b181aa800'
Event: 42.549 Thread 0x0000020b588b10a0 Unloading class 0x0000020b181aa400 'java/lang/invoke/LambdaForm$MH+0x0000020b181aa400'
Event: 42.549 Thread 0x0000020b588b10a0 Unloading class 0x0000020b181aa000 'java/lang/invoke/LambdaForm$MH+0x0000020b181aa000'
Event: 42.549 Thread 0x0000020b588b10a0 Unloading class 0x0000020b181a9c00 'java/lang/invoke/LambdaForm$BMH+0x0000020b181a9c00'
Event: 42.549 Thread 0x0000020b588b10a0 Unloading class 0x0000020b181a9800 'java/lang/invoke/LambdaForm$DMH+0x0000020b181a9800'
Event: 42.549 Thread 0x0000020b588b10a0 Unloading class 0x0000020b181a8400 'java/lang/invoke/LambdaForm$DMH+0x0000020b181a8400'
Event: 44.051 Thread 0x0000020b588b10a0 Unloading class 0x0000020b1831a000 'java/lang/invoke/LambdaForm$MH+0x0000020b1831a000'
Event: 44.051 Thread 0x0000020b588b10a0 Unloading class 0x0000020b18319400 'java/lang/invoke/LambdaForm$MH+0x0000020b18319400'
Event: 44.051 Thread 0x0000020b588b10a0 Unloading class 0x0000020b18318c00 'java/lang/invoke/LambdaForm$MH+0x0000020b18318c00'
Event: 44.051 Thread 0x0000020b588b10a0 Unloading class 0x0000020b18318400 'java/lang/invoke/LambdaForm$MH+0x0000020b18318400'
Event: 44.051 Thread 0x0000020b588b10a0 Unloading class 0x0000020b18318000 'java/lang/invoke/LambdaForm$DMH+0x0000020b18318000'
Event: 44.051 Thread 0x0000020b588b10a0 Unloading class 0x0000020b18316400 'java/lang/invoke/LambdaForm$MH+0x0000020b18316400'

Classes redefined (0 events):
No events

Internal exceptions (20 events):
Event: 45.851 Thread 0x0000020b5eb8dfd0 Exception <a 'sun/nio/fs/WindowsException'{0x00000000d6194e70}> (0x00000000d6194e70) 
thrown [s\src\hotspot\share\prims\jni.cpp, line 520]
Event: 45.851 Thread 0x0000020b5eb8dfd0 Exception <a 'sun/nio/fs/WindowsException'{0x00000000d6195848}> (0x00000000d6195848) 
thrown [s\src\hotspot\share\prims\jni.cpp, line 520]
Event: 45.852 Thread 0x0000020b5eb8dfd0 Exception <a 'sun/nio/fs/WindowsException'{0x00000000d61978f0}> (0x00000000d61978f0) 
thrown [s\src\hotspot\share\prims\jni.cpp, line 520]
Event: 45.852 Thread 0x0000020b5eb8dfd0 Exception <a 'sun/nio/fs/WindowsException'{0x00000000d61982c8}> (0x00000000d61982c8) 
thrown [s\src\hotspot\share\prims\jni.cpp, line 520]
Event: 45.854 Thread 0x0000020b5eb8dfd0 Exception <a 'java/lang/NoSuchMethodError'{0x00000000d61aea50}: 'void java.lang.invoke.DirectMethodHandle$Holder.invokeVirtual(java.lang.Object, java.lang.Object, java.lang.Object, java.lang.Object)'> (0x00000000d61aea50) 
thrown [s\src\hotspot\share\interpreter\linkResolver.cpp, line 773]
Event: 45.856 Thread 0x0000020b5eb8dfd0 Exception <a 'sun/nio/fs/WindowsException'{0x00000000d61def60}> (0x00000000d61def60) 
thrown [s\src\hotspot\share\prims\jni.cpp, line 520]
Event: 45.857 Thread 0x0000020b5eb8dfd0 Exception <a 'sun/nio/fs/WindowsException'{0x00000000d61dfa78}> (0x00000000d61dfa78) 
thrown [s\src\hotspot\share\prims\jni.cpp, line 520]
Event: 45.857 Thread 0x0000020b5eb8dfd0 Exception <a 'sun/nio/fs/WindowsException'{0x00000000d61e9768}> (0x00000000d61e9768) 
thrown [s\src\hotspot\share\prims\jni.cpp, line 520]
Event: 45.857 Thread 0x0000020b5eb8dfd0 Exception <a 'sun/nio/fs/WindowsException'{0x00000000d61ea048}> (0x00000000d61ea048) 
thrown [s\src\hotspot\share\prims\jni.cpp, line 520]
Event: 45.858 Thread 0x0000020b5eb8dfd0 Exception <a 'sun/nio/fs/WindowsException'{0x00000000d61ed750}> (0x00000000d61ed750) 
thrown [s\src\hotspot\share\prims\jni.cpp, line 520]
Event: 45.858 Thread 0x0000020b5eb8dfd0 Exception <a 'sun/nio/fs/WindowsException'{0x00000000d61ee128}> (0x00000000d61ee128) 
thrown [s\src\hotspot\share\prims\jni.cpp, line 520]
Event: 45.858 Thread 0x0000020b5eb8dfd0 Exception <a 'sun/nio/fs/WindowsException'{0x00000000d61f3508}> (0x00000000d61f3508) 
thrown [s\src\hotspot\share\prims\jni.cpp, line 520]
Event: 45.858 Thread 0x0000020b5eb8dfd0 Exception <a 'sun/nio/fs/WindowsException'{0x00000000d61f3d70}> (0x00000000d61f3d70) 
thrown [s\src\hotspot\share\prims\jni.cpp, line 520]
Event: 45.858 Thread 0x0000020b5eb8dfd0 Exception <a 'sun/nio/fs/WindowsException'{0x00000000d61f6d78}> (0x00000000d61f6d78) 
thrown [s\src\hotspot\share\prims\jni.cpp, line 520]
Event: 45.859 Thread 0x0000020b5eb8dfd0 Exception <a 'sun/nio/fs/WindowsException'{0x00000000d61f73a8}> (0x00000000d61f73a8) 
thrown [s\src\hotspot\share\prims\jni.cpp, line 520]
Event: 45.859 Thread 0x0000020b5eb8dfd0 Exception <a 'sun/nio/fs/WindowsException'{0x00000000d61fa540}> (0x00000000d61fa540) 
thrown [s\src\hotspot\share\prims\jni.cpp, line 520]
Event: 45.859 Thread 0x0000020b5eb8dfd0 Exception <a 'sun/nio/fs/WindowsException'{0x00000000d61fac68}> (0x00000000d61fac68) 
thrown [s\src\hotspot\share\prims\jni.cpp, line 520]
Event: 45.866 Thread 0x0000020b5eb8dfd0 Exception <a 'sun/nio/fs/WindowsException'{0x00000000d625ca78}> (0x00000000d625ca78) 
thrown [s\src\hotspot\share\prims\jni.cpp, line 520]
Event: 45.866 Thread 0x0000020b5eb8dfd0 Exception <a 'sun/nio/fs/WindowsException'{0x00000000d625d1a0}> (0x00000000d625d1a0) 
thrown [s\src\hotspot\share\prims\jni.cpp, line 520]
Event: 45.868 Thread 0x0000020b5eb8dfd0 Implicit null exception at 0x0000020b0ad5d486 to 0x0000020b0ad5dd98

ZGC Phase Switch (0 events):
No events

VM Operations (20 events):
Event: 44.092 Executing safepoint VM operation: CollectForMetadataAllocation (Metadata GC Threshold)
Event: 44.092 Executing safepoint VM operation: CollectForMetadataAllocation (Metadata GC Threshold) done
Event: 44.100 Executing non-safepoint VM operation: HandshakeAllThreads (Deoptimize)
Event: 44.100 Executing non-safepoint VM operation: HandshakeAllThreads (Deoptimize) done
Event: 44.329 Executing safepoint VM operation: ParallelGCFailedAllocation (Allocation Failure)
Event: 44.331 Executing safepoint VM operation: ParallelGCFailedAllocation (Allocation Failure) done
Event: 44.658 Executing safepoint VM operation: ParallelGCFailedAllocation (Allocation Failure)
Event: 44.660 Executing safepoint VM operation: ParallelGCFailedAllocation (Allocation Failure) done
Event: 44.734 Executing non-safepoint VM operation: HandshakeAllThreads (Deoptimize)
Event: 44.734 Executing non-safepoint VM operation: HandshakeAllThreads (Deoptimize) done
Event: 44.834 Executing non-safepoint VM operation: HandshakeAllThreads (Deoptimize)
Event: 44.834 Executing non-safepoint VM operation: HandshakeAllThreads (Deoptimize) done
Event: 45.152 Executing safepoint VM operation: ParallelGCFailedAllocation (Allocation Failure)
Event: 45.154 Executing safepoint VM operation: ParallelGCFailedAllocation (Allocation Failure) done
Event: 45.344 Executing non-safepoint VM operation: HandshakeAllThreads (Deoptimize)
Event: 45.344 Executing non-safepoint VM operation: HandshakeAllThreads (Deoptimize) done
Event: 45.615 Executing safepoint VM operation: ParallelGCFailedAllocation (Allocation Failure)
Event: 45.618 Executing safepoint VM operation: ParallelGCFailedAllocation (Allocation Failure) done
Event: 46.625 Executing safepoint VM operation: Cleanup
Event: 46.625 Executing safepoint VM operation: Cleanup done

Memory protections (0 events):
No events

Nmethod flushes (20 events):
Event: 44.066 Thread 0x0000020b588b10a0 flushing  nmethod 0x0000020b03798890
Event: 44.066 Thread 0x0000020b588b10a0 flushing  nmethod 0x0000020b037d4b90
Event: 44.066 Thread 0x0000020b588b10a0 flushing  nmethod 0x0000020b037d6010
Event: 44.066 Thread 0x0000020b588b10a0 flushing  nmethod 0x0000020b037d6910
Event: 44.066 Thread 0x0000020b588b10a0 flushing  nmethod 0x0000020b037d7b10
Event: 44.066 Thread 0x0000020b588b10a0 flushing  nmethod 0x0000020b037d9a90
Event: 44.066 Thread 0x0000020b588b10a0 flushing  nmethod 0x0000020b037dc710
Event: 44.066 Thread 0x0000020b588b10a0 flushing  nmethod 0x0000020b037dd010
Event: 44.066 Thread 0x0000020b588b10a0 flushing  nmethod 0x0000020b037ddd10
Event: 44.066 Thread 0x0000020b588b10a0 flushing  nmethod 0x0000020b037e7990
Event: 44.066 Thread 0x0000020b588b10a0 flushing  nmethod 0x0000020b037e7e90
Event: 44.066 Thread 0x0000020b588b10a0 flushing  nmethod 0x0000020b037e8390
Event: 44.066 Thread 0x0000020b588b10a0 flushing  nmethod 0x0000020b03800a90
Event: 44.066 Thread 0x0000020b588b10a0 flushing  nmethod 0x0000020b03807310
Event: 44.066 Thread 0x0000020b588b10a0 flushing  nmethod 0x0000020b03817190
Event: 44.066 Thread 0x0000020b588b10a0 flushing  nmethod 0x0000020b0381cb90
Event: 44.066 Thread 0x0000020b588b10a0 flushing  nmethod 0x0000020b03824210
Event: 44.066 Thread 0x0000020b588b10a0 flushing  nmethod 0x0000020b03828d90
Event: 44.066 Thread 0x0000020b588b10a0 flushing  nmethod 0x0000020b03832390
Event: 44.066 Thread 0x0000020b588b10a0 flushing  nmethod 0x0000020b038c0410

Events (20 events):
Event: 43.671 Thread 0x0000020b5eb8b870 Thread added: 0x0000020b5eb8dfd0
Event: 43.820 Thread 0x0000020b5eb8dfd0 Thread added: 0x0000020b5eb8ab50
Event: 43.843 Thread 0x0000020b5eb8ab50 Thread added: 0x0000020b5eb8b1e0
Event: 43.889 Thread 0x0000020b5eb8b1e0 Thread added: 0x0000020b60698370
Event: 43.960 Thread 0x0000020b7d32a8a0 Thread added: 0x0000020b60698a00
Event: 43.960 Thread 0x0000020b7d32a8a0 Thread added: 0x0000020b60699090
Event: 43.960 Thread 0x0000020b7d32a8a0 Thread added: 0x0000020b60696fc0
Event: 43.960 Thread 0x0000020b7d32a8a0 Thread added: 0x0000020b60697650
Event: 43.961 Thread 0x0000020b7d32a8a0 Thread added: 0x0000020b6069a440
Event: 43.961 Thread 0x0000020b7d32a8a0 Thread added: 0x0000020b6069aad0
Event: 43.961 Thread 0x0000020b7d32a8a0 Thread added: 0x0000020b60699720
Event: 43.961 Thread 0x0000020b7d32a8a0 Thread added: 0x0000020b6069b160
Event: 43.961 Thread 0x0000020b7d32a8a0 Thread added: 0x0000020b60697ce0
Event: 43.961 Thread 0x0000020b7d32a8a0 Thread added: 0x0000020b6069b7f0
Event: 43.962 Thread 0x0000020b7d32a8a0 Thread added: 0x0000020b6069be80
Event: 43.965 Thread 0x0000020b7d32a8a0 Thread added: 0x0000020b6069c510
Event: 43.965 Thread 0x0000020b7d32a8a0 Thread added: 0x0000020b6069cba0
Event: 44.032 Thread 0x0000020b7d32a8a0 Thread added: 0x0000020b6069d230
Event: 44.355 Thread 0x0000020b7d32a8a0 Thread added: 0x0000020b60699db0
Event: 44.356 Thread 0x0000020b7d32a8a0 Thread added: 0x0000020b6069df50


Dynamic libraries:
0x00007ff7005b0000 - 0x00007ff7005be000 	c:\Users\LENOVO\.vscode\extensions\redhat.java-1.54.0-win32-x64\jre\21.0.10-win32-x86_64\bin\java.exe
0x00007ffe86540000 - 0x00007ffe867a7000 	C:\WINDOWS\SYSTEM32\ntdll.dll
0x00007ffe84cf0000 - 0x00007ffe84db9000 	C:\WINDOWS\System32\KERNEL32.DLL
0x00007ffe83220000 - 0x00007ffe83617000 	C:\WINDOWS\System32\KERNELBASE.dll
0x00007ffe840c0000 - 0x00007ffe8420b000 	C:\WINDOWS\System32\ucrtbase.dll
0x00007ffe3d4a0000 - 0x00007ffe3d4b8000 	c:\Users\LENOVO\.vscode\extensions\redhat.java-1.54.0-win32-x64\jre\21.0.10-win32-x86_64\bin\jli.dll
0x00007ffe84dd0000 - 0x00007ffe84f96000 	C:\WINDOWS\System32\USER32.dll
0x00007ffe3d4c0000 - 0x00007ffe3d4de000 	c:\Users\LENOVO\.vscode\extensions\redhat.java-1.54.0-win32-x64\jre\21.0.10-win32-x86_64\bin\VCRUNTIME140.dll
0x00007ffe83160000 - 0x00007ffe83187000 	C:\WINDOWS\System32\win32u.dll
0x00007ffe71b40000 - 0x00007ffe71dd2000 	C:\WINDOWS\WinSxS\amd64_microsoft.windows.common-controls_6595b64144ccf1df_6.0.26100.8457_none_3e0b2faee331e92d\COMCTL32.dll
0x00007ffe85170000 - 0x00007ffe8519b000 	C:\WINDOWS\System32\GDI32.dll
0x00007ffe850c0000 - 0x00007ffe85169000 	C:\WINDOWS\System32\msvcrt.dll
0x00007ffe83030000 - 0x00007ffe8315c000 	C:\WINDOWS\System32\gdi32full.dll
0x00007ffe84210000 - 0x00007ffe842b3000 	C:\WINDOWS\System32\msvcp_win.dll
0x00007ffe84460000 - 0x00007ffe84492000 	C:\WINDOWS\System32\IMM32.DLL
0x00007ffe3d5e0000 - 0x00007ffe3d5ec000 	c:\Users\LENOVO\.vscode\extensions\redhat.java-1.54.0-win32-x64\jre\21.0.10-win32-x86_64\bin\vcruntime140_1.dll
0x00007ffe328f0000 - 0x00007ffe3297d000 	c:\Users\LENOVO\.vscode\extensions\redhat.java-1.54.0-win32-x64\jre\21.0.10-win32-x86_64\bin\msvcp140.dll
0x00007ffd9e500000 - 0x00007ffd9f2a1000 	c:\Users\LENOVO\.vscode\extensions\redhat.java-1.54.0-win32-x64\jre\21.0.10-win32-x86_64\bin\server\jvm.dll
0x00007ffe84bd0000 - 0x00007ffe84c86000 	C:\WINDOWS\System32\ADVAPI32.dll
0x00007ffe86450000 - 0x00007ffe864f7000 	C:\WINDOWS\System32\sechost.dll
0x00007ffe84fa0000 - 0x00007ffe850b8000 	C:\WINDOWS\System32\RPCRT4.dll
0x00007ffe84b10000 - 0x00007ffe84b90000 	C:\WINDOWS\System32\WS2_32.dll
0x00007ffe7a6a0000 - 0x00007ffe7a6d6000 	C:\WINDOWS\SYSTEM32\WINMM.dll
0x00007ffe82dd0000 - 0x00007ffe82e2e000 	C:\WINDOWS\SYSTEM32\POWRPROF.dll
0x00007ffe7a9e0000 - 0x00007ffe7a9eb000 	C:\WINDOWS\SYSTEM32\VERSION.dll
0x00007ffe82db0000 - 0x00007ffe82dc4000 	C:\WINDOWS\SYSTEM32\UMPDC.dll
0x00007ffe81d00000 - 0x00007ffe81d1b000 	C:\WINDOWS\SYSTEM32\kernel.appcore.dll
0x00007ffe3a7b0000 - 0x00007ffe3a7ba000 	c:\Users\LENOVO\.vscode\extensions\redhat.java-1.54.0-win32-x64\jre\21.0.10-win32-x86_64\bin\jimage.dll
0x00007ffe80e10000 - 0x00007ffe81052000 	C:\WINDOWS\SYSTEM32\DBGHELP.DLL
0x00007ffe85f70000 - 0x00007ffe862f3000 	C:\WINDOWS\System32\combase.dll
0x00007ffe86370000 - 0x00007ffe86449000 	C:\WINDOWS\System32\OLEAUT32.dll
0x00007ffe3d3c0000 - 0x00007ffe3d3fb000 	C:\WINDOWS\SYSTEM32\dbgcore.DLL
0x00007ffe83620000 - 0x00007ffe836c8000 	C:\WINDOWS\System32\bcryptPrimitives.dll
0x00007ffe3e430000 - 0x00007ffe3e43f000 	c:\Users\LENOVO\.vscode\extensions\redhat.java-1.54.0-win32-x64\jre\21.0.10-win32-x86_64\bin\instrument.dll
0x00007ffe35720000 - 0x00007ffe35740000 	c:\Users\LENOVO\.vscode\extensions\redhat.java-1.54.0-win32-x64\jre\21.0.10-win32-x86_64\bin\java.dll
0x00007ffe85580000 - 0x00007ffe85cee000 	C:\WINDOWS\System32\SHELL32.dll
0x00007ffe83850000 - 0x00007ffe840bc000 	C:\WINDOWS\System32\windows.storage.dll
0x00007ffe84940000 - 0x00007ffe84a36000 	C:\WINDOWS\System32\SHCORE.dll
0x00007ffe86300000 - 0x00007ffe86366000 	C:\WINDOWS\System32\shlwapi.dll
0x00007ffe82e90000 - 0x00007ffe82eb9000 	C:\WINDOWS\SYSTEM32\profapi.dll
0x00007ffe2c820000 - 0x00007ffe2c838000 	c:\Users\LENOVO\.vscode\extensions\redhat.java-1.54.0-win32-x64\jre\21.0.10-win32-x86_64\bin\zip.dll
0x00007ffe35df0000 - 0x00007ffe35e00000 	C:\Users\LENOVO\.vscode\extensions\redhat.java-1.54.0-win32-x64\jre\21.0.10-win32-x86_64\bin\net.dll
0x00007ffe7cb20000 - 0x00007ffe7cc49000 	C:\WINDOWS\SYSTEM32\WINHTTP.dll
0x00007ffe82270000 - 0x00007ffe822dc000 	C:\WINDOWS\system32\mswsock.dll
0x00007ffe2c800000 - 0x00007ffe2c816000 	C:\Users\LENOVO\.vscode\extensions\redhat.java-1.54.0-win32-x64\jre\21.0.10-win32-x86_64\bin\nio.dll
0x00007ffe3da50000 - 0x00007ffe3da60000 	c:\Users\LENOVO\.vscode\extensions\redhat.java-1.54.0-win32-x64\jre\21.0.10-win32-x86_64\bin\verify.dll
0x00007ffe510e0000 - 0x00007ffe51125000 	C:\Users\LENOVO\AppData\Roaming\Code\User\globalStorage\redhat.java\1.54.0\config_win\org.eclipse.equinox.launcher\org.eclipse.equinox.launcher.win32.win32.x86_64_1.3.0.v20260203-2149\eclipse_11919.dll
0x00007ffe853e0000 - 0x00007ffe85577000 	C:\WINDOWS\System32\ole32.dll
0x00007ffe82550000 - 0x00007ffe8256b000 	C:\WINDOWS\SYSTEM32\CRYPTSP.dll
0x00007ffe81c60000 - 0x00007ffe81c99000 	C:\WINDOWS\system32\rsaenh.dll
0x00007ffe82320000 - 0x00007ffe82353000 	C:\WINDOWS\SYSTEM32\USERENV.dll
0x00007ffe82e60000 - 0x00007ffe82e8a000 	C:\WINDOWS\SYSTEM32\bcrypt.dll
0x00007ffe82570000 - 0x00007ffe8257c000 	C:\WINDOWS\SYSTEM32\CRYPTBASE.dll
0x00007ffe81780000 - 0x00007ffe817b2000 	C:\WINDOWS\SYSTEM32\IPHLPAPI.DLL
0x00007ffe84930000 - 0x00007ffe8493a000 	C:\WINDOWS\System32\NSI.dll
0x00007ffe3d880000 - 0x00007ffe3d8c9000 	C:\Users\LENOVO\AppData\Local\Temp\jna--2053026509\jna16953531041804779483.dll
0x00007ffe85300000 - 0x00007ffe85308000 	C:\WINDOWS\System32\PSAPI.DLL
0x00007ffe7cd20000 - 0x00007ffe7cd3d000 	C:\WINDOWS\SYSTEM32\dhcpcsvc6.DLL
0x00007ffe7ccf0000 - 0x00007ffe7cd15000 	C:\WINDOWS\SYSTEM32\dhcpcsvc.DLL

JVMTI agents:
c:\Users\LENOVO\.vscode\extensions\redhat.java-1.54.0-win32-x64\lombok\lombok-1.18.39-4050.jar path:c:\Users\LENOVO\.vscode\extensions\redhat.java-1.54.0-win32-x64\jre\21.0.10-win32-x86_64\bin\instrument.dll, loaded, initialized, instrumentlib options:none

dbghelp: loaded successfully - version: 4.0.5 - missing functions: none
symbol engine: initialized successfully - sym options: 0x614 - pdb path: .;c:\Users\LENOVO\.vscode\extensions\redhat.java-1.54.0-win32-x64\jre\21.0.10-win32-x86_64\bin;C:\WINDOWS\SYSTEM32;C:\WINDOWS\WinSxS\amd64_microsoft.windows.common-controls_6595b64144ccf1df_6.0.26100.8457_none_3e0b2faee331e92d;c:\Users\LENOVO\.vscode\extensions\redhat.java-1.54.0-win32-x64\jre\21.0.10-win32-x86_64\bin\server;C:\Users\LENOVO\AppData\Roaming\Code\User\globalStorage\redhat.java\1.54.0\config_win\org.eclipse.equinox.launcher\org.eclipse.equinox.launcher.win32.win32.x86_64_1.3.0.v20260203-2149;C:\Users\LENOVO\AppData\Local\Temp\jna--2053026509

VM Arguments:
jvm_args: --add-modules=ALL-SYSTEM --add-opens=java.base/java.util=ALL-UNNAMED --add-opens=java.base/java.lang=ALL-UNNAMED --add-opens=java.base/sun.nio.fs=ALL-UNNAMED -Declipse.application=org.eclipse.jdt.ls.core.id1 -Dosgi.bundles.defaultStartLevel=4 -Declipse.product=org.eclipse.jdt.ls.core.product -Djava.import.generatesMetadataFilesAtProjectRoot=false -DDetectVMInstallationsJob.disabled=true -Dfile.encoding=utf8 -XX:+UseParallelGC -XX:GCTimeRatio=4 -XX:AdaptiveSizePolicyWeight=90 -Dsun.zip.disableMemoryMapping=true -Xmx2G -Xms100m -Xlog:disable -javaagent:c:\Users\LENOVO\.vscode\extensions\redhat.java-1.54.0-win32-x64\lombok\lombok-1.18.39-4050.jar -XX:+HeapDumpOnOutOfMemoryError -XX:HeapDumpPath=c:\Users\LENOVO\AppData\Roaming\Code\User\workspaceStorage\9e13d2c94f7b3215b6dc79938eeafcc2\redhat.java -Daether.dependencyCollector.impl=bf -Dsun.java2d.d3d=false -Dsun.java2d.opengl=false 
java_command: c:\Users\LENOVO\.vscode\extensions\redhat.java-1.54.0-win32-x64\server\plugins\org.eclipse.equinox.launcher_1.7.100.v20251111-0406.jar -configuration c:\Users\LENOVO\AppData\Roaming\Code\User\globalStorage\redhat.java\1.54.0\config_win -data c:\Users\LENOVO\AppData\Roaming\Code\User\workspaceStorage\9e13d2c94f7b3215b6dc79938eeafcc2\redhat.java\jdt_ws --pipe=\\.\pipe\lsp-f0fabc0e1f07c027c40664efde9da245-sock
java_class_path (initial): c:\Users\LENOVO\.vscode\extensions\redhat.java-1.54.0-win32-x64\server\plugins\org.eclipse.equinox.launcher_1.7.100.v20251111-0406.jar
Launcher Type: SUN_STANDARD

[Global flags]
    uintx AdaptiveSizePolicyWeight                 = 90                                        {product} {command line}
     intx CICompilerCount                          = 4                                         {product} {ergonomic}
    uintx GCTimeRatio                              = 4                                         {product} {command line}
     bool HeapDumpOnOutOfMemoryError               = true                                   {manageable} {command line}
    ccstr HeapDumpPath                             = c:\Users\LENOVO\AppData\Roaming\Code\User\workspaceStorage\9e13d2c94f7b3215b6dc79938eeafcc2\redhat.java         {manageable} {command line}
   size_t InitialHeapSize                          = 104857600                                 {product} {command line}
   size_t MaxHeapSize                              = 2147483648                                {product} {command line}
   size_t MaxNewSize                               = 715653120                                 {product} {ergonomic}
   size_t MinHeapDeltaBytes                        = 524288                                    {product} {ergonomic}
   size_t MinHeapSize                              = 104857600                                 {product} {command line}
   size_t NewSize                                  = 34603008                                  {product} {ergonomic}
    uintx NonNMethodCodeHeapSize                   = 5839372                                {pd product} {ergonomic}
    uintx NonProfiledCodeHeapSize                  = 122909434                              {pd product} {ergonomic}
   size_t OldSize                                  = 70254592                                  {product} {ergonomic}
    uintx ProfiledCodeHeapSize                     = 122909434                              {pd product} {ergonomic}
    uintx ReservedCodeCacheSize                    = 251658240                              {pd product} {ergonomic}
     bool SegmentedCodeCache                       = true                                      {product} {ergonomic}
   size_t SoftMaxHeapSize                          = 2147483648                             {manageable} {ergonomic}
     bool UseCompressedOops                        = true                           {product lp64_product} {ergonomic}
     bool UseLargePagesIndividualAllocation        = false                                  {pd product} {ergonomic}
     bool UseParallelGC                            = true                                      {product} {command line}

Logging:
Log output configuration:
 #0: stdout all=off uptime,level,tags foldmultilines=false
 #1: stderr all=off uptime,level,tags foldmultilines=false

Release file:
JAVA_VERSION="21.0.10" 
MODULES="java.base java.compiler java.datatransfer java.xml java.prefs java.desktop java.instrument java.logging java.management java.security.sasl java.naming java.rmi java.management.rmi java.net.http java.scripting java.security.jgss java.transaction.xa java.sql java.sql.rowset java.xml.crypto java.se java.smartcardio jdk.accessibility jdk.internal.jvmstat jdk.attach jdk.charsets jdk.internal.opt jdk.zipfs jdk.compiler jdk.crypto.ec jdk.crypto.cryptoki jdk.crypto.mscapi jdk.dynalink jdk.internal.ed jdk.editpad jdk.hotspot.agent jdk.httpserver jdk.internal.le jdk.internal.vm.ci jdk.internal.vm.compiler jdk.internal.vm.compiler.management jdk.jartool jdk.javadoc jdk.jcmd jdk.management jdk.management.agent jdk.jconsole jdk.jdeps jdk.jdwp.agent jdk.jdi jdk.jfr jdk.jshell jdk.jsobject jdk.jstatd jdk.localedata jdk.management.jfr jdk.naming.dns jdk.naming.rmi jdk.net jdk.nio.mapmode jdk.random jdk.sctp jdk.security.auth jdk.security.jgss jdk.unsupported jdk.unsupported.desktop jdk.xml.dom" 

Environment Variables:
JAVA_HOME=C:\Program Files\Eclipse Adoptium\jdk-17.0.17.10-hotspot
_JAVA_OPTIONS=-Dsun.java2d.d3d=false -Dsun.java2d.opengl=false
PATH=C:\Users\LENOVO\AppData\Local\Programs\Python\Python314\Scripts\;C:\Users\LENOVO\AppData\Local\Programs\Python\Python314\;C:\Program Files\Eclipse Adoptium\jdk-17.0.17.10-hotspot\bin;C:\Program Files (x86)\VMware\VMware Workstation\bin\;C:\Program Files\Common Files\Oracle\Java\javapath;C:\WINDOWS\system32;C:\WINDOWS;C:\WINDOWS\System32\Wbem;C:\WINDOWS\System32\WindowsPowerShell\v1.0\;C:\WINDOWS\System32\OpenSSH\;C:\Program Files\dotnet\;C:\Program Files (x86)\Windows Kits\10\Windows Performance Toolkit\;C:\Program Files (x86)\HP\Common\HPDestPlgIn\;C:\Program Files (x86)\Microsoft SQL Server\160\Tools\Binn\;C:\Program Files\Microsoft SQL Server\160\Tools\Binn\;C:\Program Files\Microsoft SQL Server\Client SDK\ODBC\170\Tools\Binn\;C:\Program Files\Microsoft SQL Server\160\DTS\Binn\;C:\Program Files (x86)\Microsoft SQL Server\160\DTS\Binn\;C:\Program Files\Microsoft SQL Server\150\Tools\Binn\;C:\Git\Git_App\cmd;C:\ProgramData\chocolatey\bin;C:\Users\LENOVO\AppData\Local\nvm;C:\nvm4w\nodejs;%JAVA_HOME%\bin;C:\Program Files\Arduino PLC IDE Tools\;C:\Program Files\Git\cmd;C:\Program Files (x86)\Microsoft SQL Server\170\Tools\Binn\;C:\Program Files\Microsoft SQL Server\170\Tools\Binn\;C:\Program Files\Microsoft SQL Server\Client SDK\ODBC\180\Tools\Binn\;C:\Program Files\Microsoft SQL Server\170\DTS\Binn\;C:\Program Files\nodejs\;C:\Program Files\Docker\Docker\resources\bin;C:\Program Files\Git\bin;C:\Program Files\Git\cmd;C:\Visual Studio Code\Microsoft VS Code\bin;C:\Program Files\Eclipse Adoptium\jdk-17.0.17.10-hotspot\bin;C:\JMeter\apache-jmeter-5.6.3\apache-jmeter-5.6.3\bin;C:\Users\LENOVO\AppData\Local\Python\bin;C:\development\flutter\bin;C:\Users\LENOVO\AppData\Roaming\npm;C:\Users\LENOVO\AppData\Local\Android\Sdk\platform-tools;
USERNAME=LENOVO
OS=Windows_NT
PROCESSOR_IDENTIFIER=AMD64 Family 25 Model 80 Stepping 0, AuthenticAMD
TMP=C:\Users\LENOVO\AppData\Local\Temp
TEMP=C:\Users\LENOVO\AppData\Local\Temp




Periodic native trim disabled

---------------  S Y S T E M  ---------------

OS:
 Windows 11 , 64 bit Build 26100 (10.0.26100.8328)
OS uptime: 2 days 1:22 hours
Hyper-V role detected

CPU: total 12 (initial active 12) (12 cores per cpu, 2 threads per core) family 25 model 80 stepping 0 microcode 0xa50000c, cx8, cmov, fxsr, ht, mmx, 3dnowpref, sse, sse2, sse3, ssse3, sse4a, sse4.1, sse4.2, popcnt, lzcnt, tsc, tscinvbit, avx, avx2, aes, erms, clmul, bmi1, bmi2, adx, sha, fma, vzeroupper, clflush, clflushopt, hv, rdtscp, rdpid, fsrm, f16c, cet_ss
Processor Information for processor 0
  Max Mhz: 2301, Current Mhz: 2301, Mhz Limit: 2301
Processor Information for processor 1
  Max Mhz: 2301, Current Mhz: 2301, Mhz Limit: 2301
Processor Information for processor 2
  Max Mhz: 2301, Current Mhz: 1990, Mhz Limit: 2301
Processor Information for processor 3
  Max Mhz: 2301, Current Mhz: 2301, Mhz Limit: 2301
Processor Information for processor 4
  Max Mhz: 2301, Current Mhz: 2301, Mhz Limit: 2301
Processor Information for processor 5
  Max Mhz: 2301, Current Mhz: 2301, Mhz Limit: 2301
Processor Information for processor 6
  Max Mhz: 2301, Current Mhz: 2301, Mhz Limit: 2301
Processor Information for processor 7
  Max Mhz: 2301, Current Mhz: 2301, Mhz Limit: 2301
Processor Information for processor 8
  Max Mhz: 2301, Current Mhz: 2301, Mhz Limit: 2301
Processor Information for processor 9
  Max Mhz: 2301, Current Mhz: 1990, Mhz Limit: 2301
Processor Information for processor 10
  Max Mhz: 2301, Current Mhz: 2301, Mhz Limit: 2301
Processor Information for processor 11
  Max Mhz: 2301, Current Mhz: 2301, Mhz Limit: 2301

Memory: 4k page, system-wide physical 5996M (369M free)
TotalPageFile size 24428M (AvailPageFile size 31M)
current process WorkingSet (physical memory assigned to process): 190M, peak: 190M
current process commit charge ("private bytes"): 327M, peak: 328M

vm_info: OpenJDK 64-Bit Server VM (21.0.10+7-LTS) for windows-amd64 JRE (21.0.10+7-LTS), built on 2026-01-20T00:00:00Z by "admin" with MS VC++ 17.12 (VS2022)

END.
