#
# There is insufficient memory for the Java Runtime Environment to continue.
# Native memory allocation (malloc) failed to allocate 1927856 bytes. Error detail: Chunk::new
# Possible reasons:
#   The system is out of physical RAM or swap space
#   This process is running with CompressedOops enabled, and the Java Heap may be blocking the growth of the native heap
# Possible solutions:
#   Reduce memory load on the system
#   Increase physical memory or swap space
#   Check if swap backing store is full
#   Decrease Java heap size (-Xmx/-Xms)
#   Decrease number of Java threads
#   Decrease Java thread stack sizes (-Xss)
#   Set larger code cache with -XX:ReservedCodeCacheSize=
#   JVM is running with Zero Based Compressed Oops mode in which the Java heap is
#     placed in the first 32GB address space. The Java Heap base address is the
#     maximum limit for the native heap growth. Please use -XX:HeapBaseMinAddress
#     to set the Java Heap base and to place the Java Heap above 32GB virtual address.
# This output file may be truncated or incomplete.
#
#  Out of Memory Error (arena.cpp:168), pid=23172, tid=27824
#
# JRE version: OpenJDK Runtime Environment Temurin-21.0.10+7 (21.0.10+7) (build 21.0.10+7-LTS)
# Java VM: OpenJDK 64-Bit Server VM Temurin-21.0.10+7 (21.0.10+7-LTS, mixed mode, sharing, tiered, compressed oops, compressed class ptrs, g1 gc, windows-amd64)
# No core dump will be written. Minidumps are not enabled by default on client versions of Windows
#

---------------  S U M M A R Y ------------

Command Line: --add-opens=java.base/java.lang=ALL-UNNAMED --add-opens=java.base/java.lang.invoke=ALL-UNNAMED --add-opens=java.base/java.util=ALL-UNNAMED --add-opens=java.prefs/java.util.prefs=ALL-UNNAMED --add-exports=jdk.compiler/com.sun.tools.javac.api=ALL-UNNAMED --add-exports=jdk.compiler/com.sun.tools.javac.util=ALL-UNNAMED --add-opens=java.base/java.util=ALL-UNNAMED --add-opens=java.prefs/java.util.prefs=ALL-UNNAMED --add-opens=java.base/java.nio.charset=ALL-UNNAMED --add-opens=java.base/java.net=ALL-UNNAMED --add-opens=java.base/java.util.concurrent.atomic=ALL-UNNAMED --add-opens=java.xml/javax.xml.namespace=ALL-UNNAMED -XX:MaxMetaspaceSize=4G -XX:ReservedCodeCacheSize=512m -XX:+HeapDumpOnOutOfMemoryError -Xmx8G -Dfile.encoding=UTF-8 -Duser.country=US -Duser.language=en -Duser.variant -javaagent:C:\Users\LENOVO\.gradle\wrapper\dists\gradle-8.14-all\c2qonpi39x1mddn7hk5gh9iqj\gradle-8.14\lib\agents\gradle-instrumentation-agent-8.14.jar -Dsun.java2d.d3d=false -Dsun.java2d.opengl=false org.gradle.launcher.daemon.bootstrap.GradleDaemon 8.14

Host: AMD Ryzen 5 5600U with Radeon Graphics         , 12 cores, 5G,  Windows 11 , 64 bit Build 26100 (10.0.26100.8328)
Time: Sun May 31 09:42:55 2026 SE Asia Standard Time elapsed time: 6.170418 seconds (0d 0h 0m 6s)

---------------  T H R E A D  ---------------

Current thread (0x000001bc431d0880):  JavaThread "C2 CompilerThread0" daemon [_thread_in_native, id=27824, stack(0x000000a3a4f00000,0x000000a3a5000000) (1024K)]


Current CompileTask:
C2:6170 2745       4       java.lang.invoke.MethodType::makeImpl (109 bytes)

Stack: [0x000000a3a4f00000,0x000000a3a5000000]
Native frames: (J=compiled Java code, j=interpreted, Vv=VM code, C=native code)
V  [jvm.dll+0x6d7a39]
V  [jvm.dll+0x8b4b26]
V  [jvm.dll+0x8b70de]
V  [jvm.dll+0x8b77c3]
V  [jvm.dll+0x284346]
V  [jvm.dll+0xc66ed]
V  [jvm.dll+0xc6c31]
V  [jvm.dll+0x3bec01]
V  [jvm.dll+0x38b162]
V  [jvm.dll+0x38a5aa]
V  [jvm.dll+0x24c560]
V  [jvm.dll+0x24bb40]
V  [jvm.dll+0x1cb34e]
V  [jvm.dll+0x25b85d]
V  [jvm.dll+0x259dea]
V  [jvm.dll+0x3f857e]
V  [jvm.dll+0x85f59d]
V  [jvm.dll+0x6d626d]
C  [ucrtbase.dll+0x37b0]
C  [KERNEL32.DLL+0x2e957]
C  [ntdll.dll+0x427c]


---------------  P R O C E S S  ---------------

Threads class SMR info:
_java_thread_list=0x000001bc8cf5f530, length=24, elements={
0x000001bc156a5720, 0x000001bc431bf1c0, 0x000001bc431c0940, 0x000001bc431c5dc0,
0x000001bc431c6820, 0x000001bc431c9750, 0x000001bc431cb7a0, 0x000001bc431d0880,
0x000001bc431d8f70, 0x000001bc8b1c71d0, 0x000001bc8b257b60, 0x000001bc8c956210,
0x000001bc8cc545a0, 0x000001bc8cb30d10, 0x000001bc8cad0a40, 0x000001bc8cabb340,
0x000001bc8cb93b20, 0x000001bc8cb96400, 0x000001bc8cb99db0, 0x000001bc8cb9a440,
0x000001bc8cb9aad0, 0x000001bc8cb9b160, 0x000001bc8cb9c510, 0x000001bc8cb9b7f0
}

Java Threads: ( => current thread )
  0x000001bc156a5720 JavaThread "main"                              [_thread_blocked, id=23160, stack(0x000000a3a4100000,0x000000a3a4200000) (1024K)]
  0x000001bc431bf1c0 JavaThread "Reference Handler"          daemon [_thread_blocked, id=26140, stack(0x000000a3a4900000,0x000000a3a4a00000) (1024K)]
  0x000001bc431c0940 JavaThread "Finalizer"                  daemon [_thread_blocked, id=28988, stack(0x000000a3a4a00000,0x000000a3a4b00000) (1024K)]
  0x000001bc431c5dc0 JavaThread "Signal Dispatcher"          daemon [_thread_blocked, id=30840, stack(0x000000a3a4b00000,0x000000a3a4c00000) (1024K)]
  0x000001bc431c6820 JavaThread "Attach Listener"            daemon [_thread_blocked, id=24976, stack(0x000000a3a4c00000,0x000000a3a4d00000) (1024K)]
  0x000001bc431c9750 JavaThread "Service Thread"             daemon [_thread_blocked, id=15664, stack(0x000000a3a4d00000,0x000000a3a4e00000) (1024K)]
  0x000001bc431cb7a0 JavaThread "Monitor Deflation Thread"   daemon [_thread_blocked, id=27032, stack(0x000000a3a4e00000,0x000000a3a4f00000) (1024K)]
=>0x000001bc431d0880 JavaThread "C2 CompilerThread0"         daemon [_thread_in_native, id=27824, stack(0x000000a3a4f00000,0x000000a3a5000000) (1024K)]
  0x000001bc431d8f70 JavaThread "C1 CompilerThread0"         daemon [_thread_blocked, id=27440, stack(0x000000a3a5000000,0x000000a3a5100000) (1024K)]
  0x000001bc8b1c71d0 JavaThread "Common-Cleaner"             daemon [_thread_blocked, id=14176, stack(0x000000a3a5100000,0x000000a3a5200000) (1024K)]
  0x000001bc8b257b60 JavaThread "Notification Thread"        daemon [_thread_blocked, id=20532, stack(0x000000a3a5200000,0x000000a3a5300000) (1024K)]
  0x000001bc8c956210 JavaThread "Daemon health stats"               [_thread_blocked, id=9248, stack(0x000000a3a5700000,0x000000a3a5800000) (1024K)]
  0x000001bc8cc545a0 JavaThread "Incoming local TCP Connector on port 64193"        [_thread_in_native, id=30516, stack(0x000000a3a5800000,0x000000a3a5900000) (1024K)]
  0x000001bc8cb30d10 JavaThread "Daemon periodic checks"            [_thread_blocked, id=23424, stack(0x000000a3a5900000,0x000000a3a5a00000) (1024K)]
  0x000001bc8cad0a40 JavaThread "Daemon"                            [_thread_blocked, id=19492, stack(0x000000a3a5a00000,0x000000a3a5b00000) (1024K)]
  0x000001bc8cabb340 JavaThread "Handler for socket connection from /127.0.0.1:64193 to /127.0.0.1:60810"        [_thread_in_native, id=27108, stack(0x000000a3a5b00000,0x000000a3a5c00000) (1024K)]
  0x000001bc8cb93b20 JavaThread "Cancel handler"                    [_thread_blocked, id=33680, stack(0x000000a3a5c00000,0x000000a3a5d00000) (1024K)]
  0x000001bc8cb96400 JavaThread "Daemon worker"                     [_thread_in_vm, id=16084, stack(0x000000a3a5d00000,0x000000a3a5e00000) (1024K)]
  0x000001bc8cb99db0 JavaThread "Asynchronous log dispatcher for DefaultDaemonConnection: socket connection from /127.0.0.1:64193 to /127.0.0.1:60810"        [_thread_blocked, id=5084, stack(0x000000a3a5e00000,0x000000a3a5f00000) (1024K)]
  0x000001bc8cb9a440 JavaThread "Stdin handler"                     [_thread_blocked, id=14104, stack(0x000000a3a5f00000,0x000000a3a6000000) (1024K)]
  0x000001bc8cb9aad0 JavaThread "Daemon client event forwarder"        [_thread_blocked, id=32000, stack(0x000000a3a6000000,0x000000a3a6100000) (1024K)]
  0x000001bc8cb9b160 JavaThread "Cache worker for journal cache (C:\Users\LENOVO\.gradle\caches\journal-1)"        [_thread_blocked, id=27692, stack(0x000000a3a6600000,0x000000a3a6700000) (1024K)]
  0x000001bc8cb9c510 JavaThread "File lock request listener"        [_thread_in_native, id=16004, stack(0x000000a3a6700000,0x000000a3a6800000) (1024K)]
  0x000001bc8cb9b7f0 JavaThread "Cache worker for file hash cache (C:\Users\LENOVO\.gradle\caches\8.14\fileHashes)"        [_thread_blocked, id=24296, stack(0x000000a3a6800000,0x000000a3a6900000) (1024K)]
Total: 24

Other Threads:
  0x000001bc4319da30 VMThread "VM Thread"                           [id=13824, stack(0x000000a3a4800000,0x000000a3a4900000) (1024K)]
  0x000001bc4318cd50 WatcherThread "VM Periodic Task Thread"        [id=23100, stack(0x000000a3a4700000,0x000000a3a4800000) (1024K)]
  0x000001bc1574e730 WorkerThread "GC Thread#0"                     [id=18768, stack(0x000000a3a4200000,0x000000a3a4300000) (1024K)]
  0x000001bc8b36ea80 WorkerThread "GC Thread#1"                     [id=9784, stack(0x000000a3a5300000,0x000000a3a5400000) (1024K)]
  0x000001bc8b366660 WorkerThread "GC Thread#2"                     [id=5152, stack(0x000000a3a5400000,0x000000a3a5500000) (1024K)]
  0x000001bc8bc67d60 WorkerThread "GC Thread#3"                     [id=19988, stack(0x000000a3a5500000,0x000000a3a5600000) (1024K)]
  0x000001bc8bc68110 WorkerThread "GC Thread#4"                     [id=21940, stack(0x000000a3a5600000,0x000000a3a5700000) (1024K)]
  0x000001bc8ce385a0 WorkerThread "GC Thread#5"                     [id=15120, stack(0x000000a3a6100000,0x000000a3a6200000) (1024K)]
  0x000001bc8ce38950 WorkerThread "GC Thread#6"                     [id=17928, stack(0x000000a3a6200000,0x000000a3a6300000) (1024K)]
  0x000001bc8ce10550 WorkerThread "GC Thread#7"                     [id=5108, stack(0x000000a3a6300000,0x000000a3a6400000) (1024K)]
  0x000001bc8ce10cb0 WorkerThread "GC Thread#8"                     [id=30296, stack(0x000000a3a6400000,0x000000a3a6500000) (1024K)]
  0x000001bc8ce117c0 WorkerThread "GC Thread#9"                     [id=1732, stack(0x000000a3a6500000,0x000000a3a6600000) (1024K)]
  0x000001bc43014090 ConcurrentGCThread "G1 Main Marker"            [id=1400, stack(0x000000a3a4300000,0x000000a3a4400000) (1024K)]
  0x000001bc43015930 WorkerThread "G1 Conc#0"                       [id=24712, stack(0x000000a3a4400000,0x000000a3a4500000) (1024K)]
  0x000001bc43059770 ConcurrentGCThread "G1 Refine#0"               [id=17800, stack(0x000000a3a4500000,0x000000a3a4600000) (1024K)]
  0x000001bc4305b080 ConcurrentGCThread "G1 Service"                [id=30932, stack(0x000000a3a4600000,0x000000a3a4700000) (1024K)]
Total: 16

Threads with active compile tasks:
C2 CompilerThread0  6208 2745       4       java.lang.invoke.MethodType::makeImpl (109 bytes)
Total: 1

VM state: not at safepoint (normal execution)

VM Mutex/Monitor currently owned by a thread: None

Heap address: 0x0000000600000000, size: 8192 MB, Compressed Oops mode: Zero based, Oop shift amount: 3

CDS archive(s) mapped at: [0x000001bc46000000-0x000001bc46ba0000-0x000001bc46ba0000), size 12189696, SharedBaseAddress: 0x000001bc46000000, ArchiveRelocationMode: 1.
Compressed class space mapped at: 0x000001bc47000000-0x000001bc87000000, reserved size: 1073741824
Narrow klass base: 0x000001bc46000000, Narrow klass shift: 0, Narrow klass range: 0x100000000

GC Precious Log:
 CardTable entry size: 512
 Card Set container configuration: InlinePtr #cards 4 size 8 Array Of Cards #cards 32 size 80 Howl #buckets 8 coarsen threshold 7372 Howl Bitmap #cards 1024 size 144 coarsen threshold 921 Card regions per heap region 1 cards per card region 8192
 CPUs: 12 total, 12 available
 Memory: 5996M
 Large Page Support: Disabled
 NUMA Support: Disabled
 Compressed Oops: Enabled (Zero based)
 Heap Region Size: 4M
 Heap Min Capacity: 8M
 Heap Initial Capacity: 96M
 Heap Max Capacity: 8G
 Pre-touch: Disabled
 Parallel Workers: 10
 Concurrent Workers: 3
 Concurrent Refinement Workers: 10
 Periodic GC: Disabled

Heap:
 garbage-first heap   total 98304K, used 37808K [0x0000000600000000, 0x0000000800000000)
  region size 4096K, 7 young (28672K), 2 survivors (8192K)
 Metaspace       used 16994K, committed 17472K, reserved 1114112K
  class space    used 2419K, committed 2624K, reserved 1048576K

Heap Regions: E=young(eden), S=young(survivor), O=old, HS=humongous(starts), HC=humongous(continues), CS=collection set, F=free, TAMS=top-at-mark-start, PB=parsable bottom
|   0|0x0000000600000000, 0x0000000600400000, 0x0000000600400000|100%|HS|  |TAMS 0x0000000600000000| PB 0x0000000600000000| Complete 
|   1|0x0000000600400000, 0x0000000600800000, 0x0000000600800000|100%| O|  |TAMS 0x0000000600400000| PB 0x0000000600400000| Untracked 
|   2|0x0000000600800000, 0x0000000600c00000, 0x0000000600c00000|100%| O|  |TAMS 0x0000000600800000| PB 0x0000000600800000| Untracked 
|   3|0x0000000600c00000, 0x0000000601000000, 0x0000000601000000|100%| O|  |TAMS 0x0000000600c00000| PB 0x0000000600c00000| Untracked 
|   4|0x0000000601000000, 0x000000060101c1d0, 0x0000000601400000|  2%| O|  |TAMS 0x0000000601000000| PB 0x0000000601000000| Untracked 
|   5|0x0000000601400000, 0x0000000601400000, 0x0000000601800000|  0%| F|  |TAMS 0x0000000601400000| PB 0x0000000601400000| Untracked 
|   6|0x0000000601800000, 0x0000000601800000, 0x0000000601c00000|  0%| F|  |TAMS 0x0000000601800000| PB 0x0000000601800000| Untracked 
|   7|0x0000000601c00000, 0x0000000601c00000, 0x0000000602000000|  0%| F|  |TAMS 0x0000000601c00000| PB 0x0000000601c00000| Untracked 
|   8|0x0000000602000000, 0x00000006020d00c0, 0x0000000602400000| 20%| S|CS|TAMS 0x0000000602000000| PB 0x0000000602000000| Complete 
|   9|0x0000000602400000, 0x0000000602400000, 0x0000000602800000|  0%| F|  |TAMS 0x0000000602400000| PB 0x0000000602400000| Untracked 
|  10|0x0000000602800000, 0x0000000602800000, 0x0000000602c00000|  0%| F|  |TAMS 0x0000000602800000| PB 0x0000000602800000| Untracked 
|  11|0x0000000602c00000, 0x0000000603000000, 0x0000000603000000|100%| S|CS|TAMS 0x0000000602c00000| PB 0x0000000602c00000| Complete 
|  12|0x0000000603000000, 0x0000000603000000, 0x0000000603400000|  0%| F|  |TAMS 0x0000000603000000| PB 0x0000000603000000| Untracked 
|  13|0x0000000603400000, 0x0000000603400000, 0x0000000603800000|  0%| F|  |TAMS 0x0000000603400000| PB 0x0000000603400000| Untracked 
|  14|0x0000000603800000, 0x0000000603800000, 0x0000000603c00000|  0%| F|  |TAMS 0x0000000603800000| PB 0x0000000603800000| Untracked 
|  15|0x0000000603c00000, 0x0000000603c00000, 0x0000000604000000|  0%| F|  |TAMS 0x0000000603c00000| PB 0x0000000603c00000| Untracked 
|  16|0x0000000604000000, 0x0000000604000000, 0x0000000604400000|  0%| F|  |TAMS 0x0000000604000000| PB 0x0000000604000000| Untracked 
|  17|0x0000000604400000, 0x0000000604400000, 0x0000000604800000|  0%| F|  |TAMS 0x0000000604400000| PB 0x0000000604400000| Untracked 
|  18|0x0000000604800000, 0x0000000604800000, 0x0000000604c00000|  0%| F|  |TAMS 0x0000000604800000| PB 0x0000000604800000| Untracked 
|  19|0x0000000604c00000, 0x0000000605000000, 0x0000000605000000|100%| E|  |TAMS 0x0000000604c00000| PB 0x0000000604c00000| Complete 
|  20|0x0000000605000000, 0x0000000605400000, 0x0000000605400000|100%| E|CS|TAMS 0x0000000605000000| PB 0x0000000605000000| Complete 
|  21|0x0000000605400000, 0x0000000605800000, 0x0000000605800000|100%| E|CS|TAMS 0x0000000605400000| PB 0x0000000605400000| Complete 
|  22|0x0000000605800000, 0x0000000605c00000, 0x0000000605c00000|100%| E|CS|TAMS 0x0000000605800000| PB 0x0000000605800000| Complete 
|  23|0x0000000605c00000, 0x0000000606000000, 0x0000000606000000|100%| E|CS|TAMS 0x0000000605c00000| PB 0x0000000605c00000| Complete 

Card table byte_map: [0x000001bc3a010000,0x000001bc3b010000] _byte_map_base: 0x000001bc37010000

Marking Bits: (CMBitMap*) 0x000001bc1574ed50
 Bits: [0x000001bc3b010000, 0x000001bc43010000)

Polling page: 0x000001bc13510000

Metaspace:

Usage:
  Non-class:     14.24 MB used.
      Class:      2.36 MB used.
       Both:     16.60 MB used.

Virtual space:
  Non-class space:       64.00 MB reserved,      14.50 MB ( 23%) committed,  1 nodes.
      Class space:        1.00 GB reserved,       2.56 MB ( <1%) committed,  1 nodes.
             Both:        1.06 GB reserved,      17.06 MB (  2%) committed. 

Chunk freelists:
   Non-Class:  1.52 MB
       Class:  13.44 MB
        Both:  14.95 MB

MaxMetaspaceSize: 4.00 GB
CompressedClassSpaceSize: 1.00 GB
Initial GC threshold: 21.00 MB
Current GC threshold: 21.00 MB
CDS: on
 - commit_granule_bytes: 65536.
 - commit_granule_words: 8192.
 - virtual_space_node_default_size: 8388608.
 - enlarge_chunks_in_place: 1.
 - use_allocation_guard: 0.


Internal statistics:

num_allocs_failed_limit: 0.
num_arena_births: 676.
num_arena_deaths: 0.
num_vsnodes_births: 2.
num_vsnodes_deaths: 0.
num_space_committed: 273.
num_space_uncommitted: 0.
num_chunks_returned_to_freelist: 0.
num_chunks_taken_from_freelist: 1320.
num_chunk_merges: 0.
num_chunk_splits: 845.
num_chunks_enlarged: 566.
num_inconsistent_stats: 0.

CodeHeap 'non-profiled nmethods': size=259264Kb used=1290Kb max_used=1290Kb free=257973Kb
 bounds [0x000001bc28b70000, 0x000001bc28de0000, 0x000001bc388a0000]
CodeHeap 'profiled nmethods': size=259264Kb used=5723Kb max_used=5723Kb free=253540Kb
 bounds [0x000001bc188a0000, 0x000001bc18e40000, 0x000001bc285d0000]
CodeHeap 'non-nmethods': size=5760Kb used=1414Kb max_used=1417Kb free=4345Kb
 bounds [0x000001bc285d0000, 0x000001bc28840000, 0x000001bc28b70000]
CodeCache: size=524288Kb, used=8427Kb, max_used=8430Kb, free=515858Kb
 total_blobs=3434, nmethods=2859, adapters=479, full_count=0
Compilation: enabled, stopped_count=0, restarted_count=0

Compilation events (20 events):
Event: 5.152 Thread 0x000001bc431d8f70 nmethod 2843 0x000001bc18e2d410 code [0x000001bc18e2d6e0, 0x000001bc18e2e2a8]
Event: 5.152 Thread 0x000001bc431d8f70 2844       3       java.lang.invoke.ClassSpecializer$Factory::chooseFieldName (33 bytes)
Event: 5.153 Thread 0x000001bc431d8f70 nmethod 2844 0x000001bc18e2e790 code [0x000001bc18e2ea00, 0x000001bc18e2f158]
Event: 5.153 Thread 0x000001bc431d8f70 2841       3       java.lang.invoke.DirectMethodHandle::make (21 bytes)
Event: 5.153 Thread 0x000001bc431d8f70 nmethod 2841 0x000001bc18e2f490 code [0x000001bc18e2f640, 0x000001bc18e2f820]
Event: 5.153 Thread 0x000001bc431d8f70 2846       3       java.util.List::of (64 bytes)
Event: 5.154 Thread 0x000001bc431d8f70 nmethod 2846 0x000001bc18e2f910 code [0x000001bc18e2fba0, 0x000001bc18e30848]
Event: 5.154 Thread 0x000001bc431d8f70 2848       3       java.util.ArrayList::toArray (12 bytes)
Event: 5.154 Thread 0x000001bc431d8f70 nmethod 2848 0x000001bc18e30c90 code [0x000001bc18e30e40, 0x000001bc18e31020]
Event: 5.154 Thread 0x000001bc431d8f70 2850       3       java.lang.invoke.DirectMethodHandle::afIndex (20 bytes)
Event: 5.155 Thread 0x000001bc431d8f70 nmethod 2850 0x000001bc18e31110 code [0x000001bc18e312a0, 0x000001bc18e313e8]
Event: 5.155 Thread 0x000001bc431d8f70 2851       3       java.lang.invoke.MethodHandles$Lookup::getDirectFieldCommon (67 bytes)
Event: 5.155 Thread 0x000001bc431d8f70 nmethod 2851 0x000001bc18e31490 code [0x000001bc18e316a0, 0x000001bc18e31b18]
Event: 5.155 Thread 0x000001bc431d8f70 2852       3       java.lang.invoke.DirectMethodHandle::ftypeKind (38 bytes)
Event: 5.155 Thread 0x000001bc431d8f70 nmethod 2852 0x000001bc18e31c90 code [0x000001bc18e31e80, 0x000001bc18e32158]
Event: 5.156 Thread 0x000001bc431d8f70 2854       3       java.lang.invoke.LambdaForm$NamedFunction::<init> (10 bytes)
Event: 5.157 Thread 0x000001bc431d8f70 nmethod 2854 0x000001bc18e32290 code [0x000001bc18e32460, 0x000001bc18e327c8]
Event: 5.158 Thread 0x000001bc431d8f70 2857       3       java.lang.invoke.Invokers::basicInvoker (103 bytes)
Event: 5.159 Thread 0x000001bc431d8f70 nmethod 2857 0x000001bc18e32910 code [0x000001bc18e32bc0, 0x000001bc18e33598]
Event: 5.529 Thread 0x000001bc431d8f70 2859       3       jdk.internal.misc.Unsafe::weakCompareAndSetInt (11 bytes)

GC Heap History (8 events):
Event: 0.828 GC heap before
{Heap before GC invocations=0 (full 0):
 garbage-first heap   total 98304K, used 20480K [0x0000000600000000, 0x0000000800000000)
  region size 4096K, 5 young (20480K), 0 survivors (0K)
 Metaspace       used 876K, committed 1024K, reserved 1114112K
  class space    used 71K, committed 128K, reserved 1048576K
}
Event: 0.834 GC heap after
{Heap after GC invocations=1 (full 0):
 garbage-first heap   total 98304K, used 1600K [0x0000000600000000, 0x0000000800000000)
  region size 4096K, 1 young (4096K), 1 survivors (4096K)
 Metaspace       used 876K, committed 1024K, reserved 1114112K
  class space    used 71K, committed 128K, reserved 1048576K
}
Event: 2.009 GC heap before
{Heap before GC invocations=1 (full 0):
 garbage-first heap   total 98304K, used 38464K [0x0000000600000000, 0x0000000800000000)
  region size 4096K, 10 young (40960K), 1 survivors (4096K)
 Metaspace       used 4368K, committed 4544K, reserved 1114112K
  class space    used 557K, committed 640K, reserved 1048576K
}
Event: 2.020 GC heap after
{Heap after GC invocations=2 (full 0):
 garbage-first heap   total 98304K, used 12117K [0x0000000600000000, 0x0000000800000000)
  region size 4096K, 2 young (8192K), 2 survivors (8192K)
 Metaspace       used 4368K, committed 4544K, reserved 1114112K
  class space    used 557K, committed 640K, reserved 1048576K
}
Event: 2.828 GC heap before
{Heap before GC invocations=2 (full 0):
 garbage-first heap   total 98304K, used 57173K [0x0000000600000000, 0x0000000800000000)
  region size 4096K, 13 young (53248K), 2 survivors (8192K)
 Metaspace       used 4496K, committed 4672K, reserved 1114112K
  class space    used 562K, committed 640K, reserved 1048576K
}
Event: 2.850 GC heap after
{Heap after GC invocations=3 (full 0):
 garbage-first heap   total 98304K, used 16642K [0x0000000600000000, 0x0000000800000000)
  region size 4096K, 2 young (8192K), 2 survivors (8192K)
 Metaspace       used 4496K, committed 4672K, reserved 1114112K
  class space    used 562K, committed 640K, reserved 1048576K
}
Event: 4.759 GC heap before
{Heap before GC invocations=3 (full 0):
 garbage-first heap   total 98304K, used 65794K [0x0000000600000000, 0x0000000800000000)
  region size 4096K, 14 young (57344K), 2 survivors (8192K)
 Metaspace       used 13989K, committed 14464K, reserved 1114112K
  class space    used 1949K, committed 2176K, reserved 1048576K
}
Event: 4.764 GC heap after
{Heap after GC invocations=4 (full 0):
 garbage-first heap   total 98304K, used 21424K [0x0000000600000000, 0x0000000800000000)
  region size 4096K, 2 young (8192K), 2 survivors (8192K)
 Metaspace       used 13989K, committed 14464K, reserved 1114112K
  class space    used 1949K, committed 2176K, reserved 1048576K
}

Dll operation events (14 events):
Event: 0.037 Loaded shared library C:\Users\LENOVO\.vscode\extensions\redhat.java-1.54.0-win32-x64\jre\21.0.10-win32-x86_64\bin\java.dll
Event: 0.217 Loaded shared library C:\Users\LENOVO\.vscode\extensions\redhat.java-1.54.0-win32-x64\jre\21.0.10-win32-x86_64\bin\zip.dll
Event: 0.254 Loaded shared library C:\Users\LENOVO\.vscode\extensions\redhat.java-1.54.0-win32-x64\jre\21.0.10-win32-x86_64\bin\instrument.dll
Event: 0.278 Loaded shared library C:\Users\LENOVO\.vscode\extensions\redhat.java-1.54.0-win32-x64\jre\21.0.10-win32-x86_64\bin\net.dll
Event: 0.287 Loaded shared library C:\Users\LENOVO\.vscode\extensions\redhat.java-1.54.0-win32-x64\jre\21.0.10-win32-x86_64\bin\nio.dll
Event: 0.293 Loaded shared library C:\Users\LENOVO\.vscode\extensions\redhat.java-1.54.0-win32-x64\jre\21.0.10-win32-x86_64\bin\zip.dll
Event: 0.851 Loaded shared library C:\Users\LENOVO\.vscode\extensions\redhat.java-1.54.0-win32-x64\jre\21.0.10-win32-x86_64\bin\jimage.dll
Event: 1.202 Loaded shared library C:\Users\LENOVO\.vscode\extensions\redhat.java-1.54.0-win32-x64\jre\21.0.10-win32-x86_64\bin\verify.dll
Event: 1.368 Loaded shared library C:\Users\LENOVO\.gradle\native\1def1411415f61bf3af743bc5b6707747c0891f09f0c88961ee8f79bc544acac\windows-amd64\native-platform.dll
Event: 1.391 Loaded shared library C:\Users\LENOVO\.gradle\native\0.2.7\x86_64-windows-gnu\gradle-fileevents.dll
Event: 3.411 Loaded shared library C:\Users\LENOVO\.vscode\extensions\redhat.java-1.54.0-win32-x64\jre\21.0.10-win32-x86_64\bin\management.dll
Event: 3.419 Loaded shared library C:\Users\LENOVO\.vscode\extensions\redhat.java-1.54.0-win32-x64\jre\21.0.10-win32-x86_64\bin\management_ext.dll
Event: 3.678 Loaded shared library C:\Users\LENOVO\.vscode\extensions\redhat.java-1.54.0-win32-x64\jre\21.0.10-win32-x86_64\bin\extnet.dll
Event: 4.140 Loaded shared library C:\Users\LENOVO\.vscode\extensions\redhat.java-1.54.0-win32-x64\jre\21.0.10-win32-x86_64\bin\sunmscapi.dll

Deoptimization events (20 events):
Event: 4.946 Thread 0x000001bc8cb96400 DEOPT PACKING pc=0x000001bc28c6ad00 sp=0x000000a3a5dfb390
Event: 4.946 Thread 0x000001bc8cb96400 DEOPT UNPACKING pc=0x000001bc28624422 sp=0x000000a3a5dfb228 mode 2
Event: 4.978 Thread 0x000001bc8cb96400 Uncommon trap: trap_request=0xffffff45 fr.pc=0x000001bc28b95540 relative=0x0000000000000d40
Event: 4.978 Thread 0x000001bc8cb96400 Uncommon trap: reason=unstable_if action=reinterpret pc=0x000001bc28b95540 method=java.io.WinNTFileSystem.resolve(Ljava/lang/String;Ljava/lang/String;)Ljava/lang/String; @ 19 c2
Event: 4.978 Thread 0x000001bc8cb96400 DEOPT PACKING pc=0x000001bc28b95540 sp=0x000000a3a5dfb5f0
Event: 4.978 Thread 0x000001bc8cb96400 DEOPT UNPACKING pc=0x000001bc28624422 sp=0x000000a3a5dfb588 mode 2
Event: 4.980 Thread 0x000001bc8cb96400 Uncommon trap: trap_request=0xffffff45 fr.pc=0x000001bc28bfbb9c relative=0x000000000000063c
Event: 4.980 Thread 0x000001bc8cb96400 Uncommon trap: reason=unstable_if action=reinterpret pc=0x000001bc28bfbb9c method=java.io.File.getName()Ljava/lang/String; @ 16 c2
Event: 4.980 Thread 0x000001bc8cb96400 DEOPT PACKING pc=0x000001bc28bfbb9c sp=0x000000a3a5dfb5b0
Event: 4.980 Thread 0x000001bc8cb96400 DEOPT UNPACKING pc=0x000001bc28624422 sp=0x000000a3a5dfb580 mode 2
Event: 5.053 Thread 0x000001bc8cb96400 Uncommon trap: trap_request=0xffffff45 fr.pc=0x000001bc28b9b014 relative=0x00000000000000f4
Event: 5.053 Thread 0x000001bc8cb96400 Uncommon trap: reason=unstable_if action=reinterpret pc=0x000001bc28b9b014 method=java.util.HashMap.hash(Ljava/lang/Object;)I @ 1 c2
Event: 5.053 Thread 0x000001bc8cb96400 DEOPT PACKING pc=0x000001bc28b9b014 sp=0x000000a3a5dfc770
Event: 5.053 Thread 0x000001bc8cb96400 DEOPT UNPACKING pc=0x000001bc28624422 sp=0x000000a3a5dfc6b0 mode 2
Event: 5.096 Thread 0x000001bc8cb96400 DEOPT PACKING pc=0x000001bc18d28fd5 sp=0x000000a3a5df8f70
Event: 5.096 Thread 0x000001bc8cb96400 DEOPT UNPACKING pc=0x000001bc28624bc2 sp=0x000000a3a5df8480 mode 0
Event: 5.107 Thread 0x000001bc8cb96400 Uncommon trap: trap_request=0xffffff45 fr.pc=0x000001bc28cab3c4 relative=0x0000000000000584
Event: 5.107 Thread 0x000001bc8cb96400 Uncommon trap: reason=unstable_if action=reinterpret pc=0x000001bc28cab3c4 method=java.util.ArrayList.grow(I)[Ljava/lang/Object; @ 17 c2
Event: 5.107 Thread 0x000001bc8cb96400 DEOPT PACKING pc=0x000001bc28cab3c4 sp=0x000000a3a5dfd770
Event: 5.107 Thread 0x000001bc8cb96400 DEOPT UNPACKING pc=0x000001bc28624422 sp=0x000000a3a5dfd728 mode 2

Classes loaded (20 events):
Event: 5.143 Loading class java/lang/invoke/BoundMethodHandle$Species_LLLLLLLLLLLLLLL
Event: 5.143 Loading class java/lang/invoke/BoundMethodHandle$Species_LLLLLLLLLLLLLLL done
Event: 5.144 Loading class java/lang/invoke/BoundMethodHandle$Species_LLLLLLLLLLLLLLLL
Event: 5.144 Loading class java/lang/invoke/BoundMethodHandle$Species_LLLLLLLLLLLLLLLL done
Event: 5.145 Loading class java/lang/invoke/BoundMethodHandle$Species_LLLLLLLLLLLLLLLLL
Event: 5.145 Loading class java/lang/invoke/BoundMethodHandle$Species_LLLLLLLLLLLLLLLLL done
Event: 5.147 Loading class java/lang/invoke/BoundMethodHandle$Species_LLLLLLLLLLLLLLLLLL
Event: 5.147 Loading class java/lang/invoke/BoundMethodHandle$Species_LLLLLLLLLLLLLLLLLL done
Event: 5.148 Loading class java/lang/invoke/BoundMethodHandle$Species_LLLLLLLLLLLLLLLLLLL
Event: 5.148 Loading class java/lang/invoke/BoundMethodHandle$Species_LLLLLLLLLLLLLLLLLLL done
Event: 5.150 Loading class java/lang/invoke/BoundMethodHandle$Species_LLLLLLLLLLLLLLLLLLLL
Event: 5.150 Loading class java/lang/invoke/BoundMethodHandle$Species_LLLLLLLLLLLLLLLLLLLL done
Event: 5.151 Loading class java/lang/invoke/BoundMethodHandle$Species_LLLLLLLLLLLLLLLLLLLLL
Event: 5.151 Loading class java/lang/invoke/BoundMethodHandle$Species_LLLLLLLLLLLLLLLLLLLLL done
Event: 5.153 Loading class java/lang/invoke/BoundMethodHandle$Species_LLLLLLLLLLLLLLLLLLLLLL
Event: 5.153 Loading class java/lang/invoke/BoundMethodHandle$Species_LLLLLLLLLLLLLLLLLLLLLL done
Event: 5.155 Loading class java/lang/invoke/BoundMethodHandle$Species_LLLLLLLLLLLLLLLLLLLLLLL
Event: 5.155 Loading class java/lang/invoke/BoundMethodHandle$Species_LLLLLLLLLLLLLLLLLLLLLLL done
Event: 5.157 Loading class java/lang/invoke/BoundMethodHandle$Species_LLLLLLLLLLLLLLLLLLLLLLLL
Event: 5.157 Loading class java/lang/invoke/BoundMethodHandle$Species_LLLLLLLLLLLLLLLLLLLLLLLL done

Classes unloaded (0 events):
No events

Classes redefined (0 events):
No events

Internal exceptions (20 events):
Event: 4.975 Thread 0x000001bc8cb96400 Exception <a 'java/lang/NoSuchMethodError'{0x00000006054ea4a8}: 'java.lang.Object java.lang.invoke.DirectMethodHandle$Holder.invokeVirtual(java.lang.Object, java.lang.Object, java.lang.Object, java.lang.Object, java.lang.Object, java.lang.Object, java.lang.Object, java.lang.Object, java.lang.Object, java.lang.Object)'> (0x00000006054ea4a8) 
thrown [s\src\hotspot\share\interpreter\linkResolver.cpp, line 773]
Event: 4.993 Thread 0x000001bc8cb96400 Exception <a 'java/lang/NoSuchMethodError'{0x0000000605580c90}: 'void java.lang.invoke.DirectMethodHandle$Holder.invokeStatic(java.lang.Object, java.lang.Object, java.lang.Object, java.lang.Object)'> (0x0000000605580c90) 
thrown [s\src\hotspot\share\interpreter\linkResolver.cpp, line 773]
Event: 4.994 Thread 0x000001bc8cb96400 Exception <a 'java/lang/NoSuchMethodError'{0x0000000605584a48}: 'void java.lang.invoke.DirectMethodHandle$Holder.invokeStaticInit(java.lang.Object, java.lang.Object, java.lang.Object, java.lang.Object)'> (0x0000000605584a48) 
thrown [s\src\hotspot\share\interpreter\linkResolver.cpp, line 773]
Event: 5.003 Thread 0x000001bc8cb96400 Exception <a 'java/lang/NoSuchMethodError'{0x00000006055db510}: 'java.lang.Object java.lang.invoke.DirectMethodHandle$Holder.invokeInterface(java.lang.Object, java.lang.Object, java.lang.Object)'> (0x00000006055db510) 
thrown [s\src\hotspot\share\interpreter\linkResolver.cpp, line 773]
Event: 5.026 Thread 0x000001bc8cb96400 Exception <a 'java/lang/NoSuchMethodError'{0x00000006056ddde8}: 'int java.lang.invoke.DirectMethodHandle$Holder.invokeSpecialIFC(java.lang.Object, java.lang.Object, java.lang.Object, java.lang.Object)'> (0x00000006056ddde8) 
thrown [s\src\hotspot\share\interpreter\linkResolver.cpp, line 773]
Event: 5.027 Thread 0x000001bc8cb96400 Exception <a 'java/lang/IncompatibleClassChangeError'{0x00000006056eb240}: Found class java.lang.Object, but interface was expected> (0x00000006056eb240) 
thrown [s\src\hotspot\share\interpreter\linkResolver.cpp, line 840]
Event: 5.053 Thread 0x000001bc8cb96400 Implicit null exception at 0x000001bc28b9af66 to 0x000001bc28b9b00a
Event: 5.077 Thread 0x000001bc8cb96400 Exception <a 'java/lang/NoSuchMethodError'{0x00000006050e2a68}: 'int java.lang.invoke.DirectMethodHandle$Holder.invokeStatic(java.lang.Object, java.lang.Object, java.lang.Object, java.lang.Object)'> (0x00000006050e2a68) 
thrown [s\src\hotspot\share\interpreter\linkResolver.cpp, line 773]
Event: 5.138 Thread 0x000001bc8cb96400 Exception <a 'java/lang/NoSuchMethodError'{0x000000060537e190}: 'java.lang.Object java.lang.invoke.DelegatingMethodHandle$Holder.reinvoke_L(java.lang.Object, java.lang.Object, java.lang.Object, java.lang.Object, java.lang.Object, java.lang.Object, java.lang.Object, java.lang.Object, java.lang.Object, java.lang.Object, java.lang.Object, java.lang.Object, java.lang.Object, java.lang.Object, java.lang.Object, java.lang.Object, java.lang.Object, java.lang.Object, java.lang.Object, java.lang.Object, java.lang.O
Event: 5.142 Thread 0x000001bc8cb96400 Exception <a 'java/lang/NoSuchMethodError'{0x00000006053ed808}: 'java.lang.Object java.lang.invoke.DirectMethodHandle$Holder.invokeStatic(java.lang.Object, java.lang.Object, java.lang.Object, java.lang.Object, java.lang.Object, java.lang.Object, java.lang.Object, java.lang.Object, java.lang.Object, java.lang.Object, java.lang.Object, java.lang.Object, java.lang.Object, java.lang.Object, java.lang.Object, java.lang.Object, java.lang.Object)'> (0x00000006053ed808) 
thrown [s\src\hotspot\share\interpreter\lin
Event: 5.144 Thread 0x000001bc8cb96400 Exception <a 'java/lang/NoSuchMethodError'{0x0000000604c16838}: 'java.lang.Object java.lang.invoke.DirectMethodHandle$Holder.invokeStatic(java.lang.Object, java.lang.Object, java.lang.Object, java.lang.Object, java.lang.Object, java.lang.Object, java.lang.Object, java.lang.Object, java.lang.Object, java.lang.Object, java.lang.Object, java.lang.Object, java.lang.Object, java.lang.Object, java.lang.Object, java.lang.Object, java.lang.Object, java.lang.Object)'> (0x0000000604c16838) 
thrown [s\src\hotspot\sha
Event: 5.145 Thread 0x000001bc8cb96400 Exception <a 'java/lang/NoSuchMethodError'{0x0000000604c40a78}: 'java.lang.Object java.lang.invoke.DirectMethodHandle$Holder.invokeStatic(java.lang.Object, java.lang.Object, java.lang.Object, java.lang.Object, java.lang.Object, java.lang.Object, java.lang.Object, java.lang.Object, java.lang.Object, java.lang.Object, java.lang.Object, java.lang.Object, java.lang.Object, java.lang.Object, java.lang.Object, java.lang.Object, java.lang.Object, java.lang.Object, java.lang.Object)'> (0x0000000604c40a78) 
thrown 
Event: 5.146 Thread 0x000001bc8cb96400 Exception <a 'java/lang/NoSuchMethodError'{0x0000000604c6c4f8}: 'java.lang.Object java.lang.invoke.DirectMethodHandle$Holder.invokeStatic(java.lang.Object, java.lang.Object, java.lang.Object, java.lang.Object, java.lang.Object, java.lang.Object, java.lang.Object, java.lang.Object, java.lang.Object, java.lang.Object, java.lang.Object, java.lang.Object, java.lang.Object, java.lang.Object, java.lang.Object, java.lang.Object, java.lang.Object, java.lang.Object, java.lang.Object, java.lang.Object)'> (0x00000006
Event: 5.148 Thread 0x000001bc8cb96400 Exception <a 'java/lang/NoSuchMethodError'{0x0000000604c99008}: 'java.lang.Object java.lang.invoke.DirectMethodHandle$Holder.invokeStatic(java.lang.Object, java.lang.Object, java.lang.Object, java.lang.Object, java.lang.Object, java.lang.Object, java.lang.Object, java.lang.Object, java.lang.Object, java.lang.Object, java.lang.Object, java.lang.Object, java.lang.Object, java.lang.Object, java.lang.Object, java.lang.Object, java.lang.Object, java.lang.Object, java.lang.Object, java.lang.Object, java.lang.Obj
Event: 5.149 Thread 0x000001bc8cb96400 Exception <a 'java/lang/NoSuchMethodError'{0x0000000604cc6d38}: 'java.lang.Object java.lang.invoke.DirectMethodHandle$Holder.invokeStatic(java.lang.Object, java.lang.Object, java.lang.Object, java.lang.Object, java.lang.Object, java.lang.Object, java.lang.Object, java.lang.Object, java.lang.Object, java.lang.Object, java.lang.Object, java.lang.Object, java.lang.Object, java.lang.Object, java.lang.Object, java.lang.Object, java.lang.Object, java.lang.Object, java.lang.Object, java.lang.Object, java.lang.Obj
Event: 5.150 Thread 0x000001bc8cb96400 Exception <a 'java/lang/NoSuchMethodError'{0x0000000604cf58a8}: 'java.lang.Object java.lang.invoke.DirectMethodHandle$Holder.invokeStatic(java.lang.Object, java.lang.Object, java.lang.Object, java.lang.Object, java.lang.Object, java.lang.Object, java.lang.Object, java.lang.Object, java.lang.Object, java.lang.Object, java.lang.Object, java.lang.Object, java.lang.Object, java.lang.Object, java.lang.Object, java.lang.Object, java.lang.Object, java.lang.Object, java.lang.Object, java.lang.Object, java.lang.Obj
Event: 5.152 Thread 0x000001bc8cb96400 Exception <a 'java/lang/NoSuchMethodError'{0x0000000604d251c0}: 'java.lang.Object java.lang.invoke.DirectMethodHandle$Holder.invokeStatic(java.lang.Object, java.lang.Object, java.lang.Object, java.lang.Object, java.lang.Object, java.lang.Object, java.lang.Object, java.lang.Object, java.lang.Object, java.lang.Object, java.lang.Object, java.lang.Object, java.lang.Object, java.lang.Object, java.lang.Object, java.lang.Object, java.lang.Object, java.lang.Object, java.lang.Object, java.lang.Object, java.lang.Obj
Event: 5.154 Thread 0x000001bc8cb96400 Exception <a 'java/lang/NoSuchMethodError'{0x0000000604d55908}: 'java.lang.Object java.lang.invoke.DirectMethodHandle$Holder.invokeStatic(java.lang.Object, java.lang.Object, java.lang.Object, java.lang.Object, java.lang.Object, java.lang.Object, java.lang.Object, java.lang.Object, java.lang.Object, java.lang.Object, java.lang.Object, java.lang.Object, java.lang.Object, java.lang.Object, java.lang.Object, java.lang.Object, java.lang.Object, java.lang.Object, java.lang.Object, java.lang.Object, java.lang.Obj
Event: 5.156 Thread 0x000001bc8cb96400 Exception <a 'java/lang/NoSuchMethodError'{0x0000000604d86a40}: 'java.lang.Object java.lang.invoke.DirectMethodHandle$Holder.invokeStatic(java.lang.Object, java.lang.Object, java.lang.Object, java.lang.Object, java.lang.Object, java.lang.Object, java.lang.Object, java.lang.Object, java.lang.Object, java.lang.Object, java.lang.Object, java.lang.Object, java.lang.Object, java.lang.Object, java.lang.Object, java.lang.Object, java.lang.Object, java.lang.Object, java.lang.Object, java.lang.Object, java.lang.Obj
Event: 5.157 Thread 0x000001bc8cb96400 Exception <a 'java/lang/NoSuchMethodError'{0x0000000604db9768}: 'java.lang.Object java.lang.invoke.DirectMethodHandle$Holder.invokeStatic(java.lang.Object, java.lang.Object, java.lang.Object, java.lang.Object, java.lang.Object, java.lang.Object, java.lang.Object, java.lang.Object, java.lang.Object, java.lang.Object, java.lang.Object, java.lang.Object, java.lang.Object, java.lang.Object, java.lang.Object, java.lang.Object, java.lang.Object, java.lang.Object, java.lang.Object, java.lang.Object, java.lang.Obj

ZGC Phase Switch (0 events):
No events

VM Operations (20 events):
Event: 3.538 Executing non-safepoint VM operation: HandshakeAllThreads (Deoptimize)
Event: 3.538 Executing non-safepoint VM operation: HandshakeAllThreads (Deoptimize) done
Event: 3.655 Executing non-safepoint VM operation: HandshakeAllThreads (Deoptimize)
Event: 3.655 Executing non-safepoint VM operation: HandshakeAllThreads (Deoptimize) done
Event: 3.702 Executing non-safepoint VM operation: HandshakeAllThreads (Deoptimize)
Event: 3.702 Executing non-safepoint VM operation: HandshakeAllThreads (Deoptimize) done
Event: 3.753 Executing non-safepoint VM operation: HandshakeAllThreads (Deoptimize)
Event: 3.753 Executing non-safepoint VM operation: HandshakeAllThreads (Deoptimize) done
Event: 3.836 Executing non-safepoint VM operation: HandshakeAllThreads (Deoptimize)
Event: 3.836 Executing non-safepoint VM operation: HandshakeAllThreads (Deoptimize) done
Event: 4.051 Executing safepoint VM operation: ICBufferFull
Event: 4.051 Executing safepoint VM operation: ICBufferFull done
Event: 4.158 Executing non-safepoint VM operation: HandshakeAllThreads (Deoptimize)
Event: 4.158 Executing non-safepoint VM operation: HandshakeAllThreads (Deoptimize) done
Event: 4.759 Executing safepoint VM operation: G1CollectForAllocation (G1 Evacuation Pause)
Event: 4.764 Executing safepoint VM operation: G1CollectForAllocation (G1 Evacuation Pause) done
Event: 4.880 Executing non-safepoint VM operation: HandshakeAllThreads (Deoptimize)
Event: 4.880 Executing non-safepoint VM operation: HandshakeAllThreads (Deoptimize) done
Event: 5.886 Executing safepoint VM operation: Cleanup
Event: 5.886 Executing safepoint VM operation: Cleanup done

Memory protections (0 events):
No events

Nmethod flushes (0 events):
No events

Events (20 events):
Event: 0.164 Thread 0x000001bc156a5720 Thread added: 0x000001bc431c6820
Event: 0.164 Thread 0x000001bc156a5720 Thread added: 0x000001bc431c9750
Event: 0.164 Thread 0x000001bc156a5720 Thread added: 0x000001bc431cb7a0
Event: 0.165 Thread 0x000001bc156a5720 Thread added: 0x000001bc431d0880
Event: 0.165 Thread 0x000001bc156a5720 Thread added: 0x000001bc431d8f70
Event: 0.257 Thread 0x000001bc156a5720 Thread added: 0x000001bc8b1c71d0
Event: 0.320 Thread 0x000001bc156a5720 Thread added: 0x000001bc8b257b60
Event: 3.476 Thread 0x000001bc156a5720 Thread added: 0x000001bc8c956210
Event: 3.954 Thread 0x000001bc156a5720 Thread added: 0x000001bc8cc545a0
Event: 4.078 Thread 0x000001bc156a5720 Thread added: 0x000001bc8cb30d10
Event: 4.216 Thread 0x000001bc8cc545a0 Thread added: 0x000001bc8cad0a40
Event: 4.221 Thread 0x000001bc8cad0a40 Thread added: 0x000001bc8cabb340
Event: 4.282 Thread 0x000001bc8cad0a40 Thread added: 0x000001bc8cb93b20
Event: 4.292 Thread 0x000001bc8cad0a40 Thread added: 0x000001bc8cb96400
Event: 4.307 Thread 0x000001bc8cb96400 Thread added: 0x000001bc8cb99db0
Event: 4.313 Thread 0x000001bc8cb96400 Thread added: 0x000001bc8cb9a440
Event: 4.316 Thread 0x000001bc8cb96400 Thread added: 0x000001bc8cb9aad0
Event: 4.881 Thread 0x000001bc8cb96400 Thread added: 0x000001bc8cb9b160
Event: 4.891 Thread 0x000001bc8cb96400 Thread added: 0x000001bc8cb9c510
Event: 4.932 Thread 0x000001bc8cb96400 Thread added: 0x000001bc8cb9b7f0


Dynamic libraries:
0x00007ff7f2080000 - 0x00007ff7f208e000 	C:\Users\LENOVO\.vscode\extensions\redhat.java-1.54.0-win32-x64\jre\21.0.10-win32-x86_64\bin\java.exe
0x00007ffc38280000 - 0x00007ffc384e7000 	C:\WINDOWS\SYSTEM32\ntdll.dll
0x00007ffc36000000 - 0x00007ffc360c9000 	C:\WINDOWS\System32\KERNEL32.DLL
0x00007ffc35bd0000 - 0x00007ffc35fc7000 	C:\WINDOWS\System32\KERNELBASE.dll
0x00007ffc35850000 - 0x00007ffc3599b000 	C:\WINDOWS\System32\ucrtbase.dll
0x00007ffba6500000 - 0x00007ffba6518000 	C:\Users\LENOVO\.vscode\extensions\redhat.java-1.54.0-win32-x64\jre\21.0.10-win32-x86_64\bin\jli.dll
0x00007ffbae120000 - 0x00007ffbae13e000 	C:\Users\LENOVO\.vscode\extensions\redhat.java-1.54.0-win32-x64\jre\21.0.10-win32-x86_64\bin\VCRUNTIME140.dll
0x00007ffc24160000 - 0x00007ffc243f2000 	C:\WINDOWS\WinSxS\amd64_microsoft.windows.common-controls_6595b64144ccf1df_6.0.26100.8457_none_3e0b2faee331e92d\COMCTL32.dll
0x00007ffc36ee0000 - 0x00007ffc36f89000 	C:\WINDOWS\System32\msvcrt.dll
0x00007ffc37e90000 - 0x00007ffc38056000 	C:\WINDOWS\System32\USER32.dll
0x00007ffc35fd0000 - 0x00007ffc35ff7000 	C:\WINDOWS\System32\win32u.dll
0x00007ffc38210000 - 0x00007ffc3823b000 	C:\WINDOWS\System32\GDI32.dll
0x00007ffc35720000 - 0x00007ffc3584c000 	C:\WINDOWS\System32\gdi32full.dll
0x00007ffc34d40000 - 0x00007ffc34de3000 	C:\WINDOWS\System32\msvcp_win.dll
0x00007ffc37470000 - 0x00007ffc374a2000 	C:\WINDOWS\System32\IMM32.DLL
0x00007ffbdec00000 - 0x00007ffbdec0c000 	C:\Users\LENOVO\.vscode\extensions\redhat.java-1.54.0-win32-x64\jre\21.0.10-win32-x86_64\bin\vcruntime140_1.dll
0x00007ffb93d30000 - 0x00007ffb93dbd000 	C:\Users\LENOVO\.vscode\extensions\redhat.java-1.54.0-win32-x64\jre\21.0.10-win32-x86_64\bin\msvcp140.dll
0x00007ffb169d0000 - 0x00007ffb17771000 	C:\Users\LENOVO\.vscode\extensions\redhat.java-1.54.0-win32-x64\jre\21.0.10-win32-x86_64\bin\server\jvm.dll
0x00007ffc36ac0000 - 0x00007ffc36b76000 	C:\WINDOWS\System32\ADVAPI32.dll
0x00007ffc37de0000 - 0x00007ffc37e87000 	C:\WINDOWS\System32\sechost.dll
0x00007ffc37350000 - 0x00007ffc37468000 	C:\WINDOWS\System32\RPCRT4.dll
0x00007ffc36f90000 - 0x00007ffc37010000 	C:\WINDOWS\System32\WS2_32.dll
0x00007ffc2ac80000 - 0x00007ffc2acb6000 	C:\WINDOWS\SYSTEM32\WINMM.dll
0x00007ffc2d650000 - 0x00007ffc2d65b000 	C:\WINDOWS\SYSTEM32\VERSION.dll
0x00007ffc34b30000 - 0x00007ffc34b8e000 	C:\WINDOWS\SYSTEM32\POWRPROF.dll
0x00007ffc34b10000 - 0x00007ffc34b24000 	C:\WINDOWS\SYSTEM32\UMPDC.dll
0x00007ffc33a20000 - 0x00007ffc33a3b000 	C:\WINDOWS\SYSTEM32\kernel.appcore.dll
0x00007ffbb5ee0000 - 0x00007ffbb5eea000 	C:\Users\LENOVO\.vscode\extensions\redhat.java-1.54.0-win32-x64\jre\21.0.10-win32-x86_64\bin\jimage.dll
0x00007ffc32b00000 - 0x00007ffc32d42000 	C:\WINDOWS\SYSTEM32\DBGHELP.DLL
0x00007ffc37a50000 - 0x00007ffc37dd3000 	C:\WINDOWS\System32\combase.dll
0x00007ffc37060000 - 0x00007ffc37139000 	C:\WINDOWS\System32\OLEAUT32.dll
0x00007ffbf26a0000 - 0x00007ffbf26db000 	C:\WINDOWS\SYSTEM32\dbgcore.DLL
0x00007ffc359a0000 - 0x00007ffc35a48000 	C:\WINDOWS\System32\bcryptPrimitives.dll
0x00007ffbb0f00000 - 0x00007ffbb0f0f000 	C:\Users\LENOVO\.vscode\extensions\redhat.java-1.54.0-win32-x64\jre\21.0.10-win32-x86_64\bin\instrument.dll
0x00007ffba3590000 - 0x00007ffba35b0000 	C:\Users\LENOVO\.vscode\extensions\redhat.java-1.54.0-win32-x64\jre\21.0.10-win32-x86_64\bin\java.dll
0x00007ffc36340000 - 0x00007ffc36aae000 	C:\WINDOWS\System32\SHELL32.dll
0x00007ffc34eb0000 - 0x00007ffc3571c000 	C:\WINDOWS\System32\windows.storage.dll
0x00007ffc374b0000 - 0x00007ffc375a6000 	C:\WINDOWS\System32\SHCORE.dll
0x00007ffc372e0000 - 0x00007ffc37346000 	C:\WINDOWS\System32\shlwapi.dll
0x00007ffc34bd0000 - 0x00007ffc34bf9000 	C:\WINDOWS\SYSTEM32\profapi.dll
0x00007ffba3570000 - 0x00007ffba3588000 	C:\Users\LENOVO\.vscode\extensions\redhat.java-1.54.0-win32-x64\jre\21.0.10-win32-x86_64\bin\zip.dll
0x00007ffbb3f00000 - 0x00007ffbb3f10000 	C:\Users\LENOVO\.vscode\extensions\redhat.java-1.54.0-win32-x64\jre\21.0.10-win32-x86_64\bin\net.dll
0x00007ffc2e870000 - 0x00007ffc2e999000 	C:\WINDOWS\SYSTEM32\WINHTTP.dll
0x00007ffc33fb0000 - 0x00007ffc3401c000 	C:\WINDOWS\system32\mswsock.dll
0x00007ffba3500000 - 0x00007ffba3516000 	C:\Users\LENOVO\.vscode\extensions\redhat.java-1.54.0-win32-x64\jre\21.0.10-win32-x86_64\bin\nio.dll
0x00007ffbef780000 - 0x00007ffbef790000 	C:\Users\LENOVO\.vscode\extensions\redhat.java-1.54.0-win32-x64\jre\21.0.10-win32-x86_64\bin\verify.dll
0x00007ffc26370000 - 0x00007ffc26397000 	C:\Users\LENOVO\.gradle\native\1def1411415f61bf3af743bc5b6707747c0891f09f0c88961ee8f79bc544acac\windows-amd64\native-platform.dll
0x00007ffb93940000 - 0x00007ffb939b8000 	C:\Users\LENOVO\.gradle\native\0.2.7\x86_64-windows-gnu\gradle-fileevents.dll
0x00007ffc26360000 - 0x00007ffc2636a000 	C:\Users\LENOVO\.vscode\extensions\redhat.java-1.54.0-win32-x64\jre\21.0.10-win32-x86_64\bin\management.dll
0x00007ffbb1e00000 - 0x00007ffbb1e0c000 	C:\Users\LENOVO\.vscode\extensions\redhat.java-1.54.0-win32-x64\jre\21.0.10-win32-x86_64\bin\management_ext.dll
0x00007ffc36330000 - 0x00007ffc36338000 	C:\WINDOWS\System32\PSAPI.DLL
0x00007ffc33400000 - 0x00007ffc33432000 	C:\WINDOWS\SYSTEM32\IPHLPAPI.DLL
0x00007ffc36bd0000 - 0x00007ffc36bda000 	C:\WINDOWS\System32\NSI.dll
0x00007ffc26f10000 - 0x00007ffc26f19000 	C:\Users\LENOVO\.vscode\extensions\redhat.java-1.54.0-win32-x64\jre\21.0.10-win32-x86_64\bin\extnet.dll
0x00007ffc34290000 - 0x00007ffc342ab000 	C:\WINDOWS\SYSTEM32\CRYPTSP.dll
0x00007ffc33980000 - 0x00007ffc339b9000 	C:\WINDOWS\system32\rsaenh.dll
0x00007ffc34060000 - 0x00007ffc34093000 	C:\WINDOWS\SYSTEM32\USERENV.dll
0x00007ffc34ba0000 - 0x00007ffc34bca000 	C:\WINDOWS\SYSTEM32\bcrypt.dll
0x00007ffc342b0000 - 0x00007ffc342bc000 	C:\WINDOWS\SYSTEM32\CRYPTBASE.dll
0x00007ffc26f20000 - 0x00007ffc26f2e000 	C:\Users\LENOVO\.vscode\extensions\redhat.java-1.54.0-win32-x64\jre\21.0.10-win32-x86_64\bin\sunmscapi.dll
0x00007ffc35a50000 - 0x00007ffc35bc8000 	C:\WINDOWS\System32\CRYPT32.dll
0x00007ffc344b0000 - 0x00007ffc344e0000 	C:\WINDOWS\SYSTEM32\ncrypt.dll
0x00007ffc34460000 - 0x00007ffc3449f000 	C:\WINDOWS\SYSTEM32\NTASN1.dll
0x00007ffbf5990000 - 0x00007ffbf5998000 	C:\WINDOWS\system32\wshunix.dll

JVMTI agents:
C:\Users\LENOVO\.gradle\wrapper\dists\gradle-8.14-all\c2qonpi39x1mddn7hk5gh9iqj\gradle-8.14\lib\agents\gradle-instrumentation-agent-8.14.jar path:C:\Users\LENOVO\.vscode\extensions\redhat.java-1.54.0-win32-x64\jre\21.0.10-win32-x86_64\bin\instrument.dll, loaded, initialized, instrumentlib options:none

dbghelp: loaded successfully - version: 4.0.5 - missing functions: none
symbol engine: initialized successfully - sym options: 0x614 - pdb path: .;C:\Users\LENOVO\.vscode\extensions\redhat.java-1.54.0-win32-x64\jre\21.0.10-win32-x86_64\bin;C:\WINDOWS\SYSTEM32;C:\WINDOWS\WinSxS\amd64_microsoft.windows.common-controls_6595b64144ccf1df_6.0.26100.8457_none_3e0b2faee331e92d;C:\Users\LENOVO\.vscode\extensions\redhat.java-1.54.0-win32-x64\jre\21.0.10-win32-x86_64\bin\server;C:\Users\LENOVO\.gradle\native\1def1411415f61bf3af743bc5b6707747c0891f09f0c88961ee8f79bc544acac\windows-amd64;C:\Users\LENOVO\.gradle\native\0.2.7\x86_64-windows-gnu

VM Arguments:
jvm_args: --add-opens=java.base/java.lang=ALL-UNNAMED --add-opens=java.base/java.lang.invoke=ALL-UNNAMED --add-opens=java.base/java.util=ALL-UNNAMED --add-opens=java.prefs/java.util.prefs=ALL-UNNAMED --add-exports=jdk.compiler/com.sun.tools.javac.api=ALL-UNNAMED --add-exports=jdk.compiler/com.sun.tools.javac.util=ALL-UNNAMED --add-opens=java.base/java.util=ALL-UNNAMED --add-opens=java.prefs/java.util.prefs=ALL-UNNAMED --add-opens=java.base/java.nio.charset=ALL-UNNAMED --add-opens=java.base/java.net=ALL-UNNAMED --add-opens=java.base/java.util.concurrent.atomic=ALL-UNNAMED --add-opens=java.xml/javax.xml.namespace=ALL-UNNAMED -XX:MaxMetaspaceSize=4G -XX:ReservedCodeCacheSize=512m -XX:+HeapDumpOnOutOfMemoryError -Xmx8G -Dfile.encoding=UTF-8 -Duser.country=US -Duser.language=en -Duser.variant -javaagent:C:\Users\LENOVO\.gradle\wrapper\dists\gradle-8.14-all\c2qonpi39x1mddn7hk5gh9iqj\gradle-8.14\lib\agents\gradle-instrumentation-agent-8.14.jar -Dsun.java2d.d3d=false -Dsun.java2d.opengl=false 
java_command: org.gradle.launcher.daemon.bootstrap.GradleDaemon 8.14
java_class_path (initial): C:\Users\LENOVO\.gradle\wrapper\dists\gradle-8.14-all\c2qonpi39x1mddn7hk5gh9iqj\gradle-8.14\lib\gradle-daemon-main-8.14.jar
Launcher Type: SUN_STANDARD

[Global flags]
     intx CICompilerCount                          = 4                                         {product} {ergonomic}
     uint ConcGCThreads                            = 3                                         {product} {ergonomic}
     uint G1ConcRefinementThreads                  = 10                                        {product} {ergonomic}
   size_t G1HeapRegionSize                         = 4194304                                   {product} {ergonomic}
    uintx GCDrainStackTargetSize                   = 64                                        {product} {ergonomic}
     bool HeapDumpOnOutOfMemoryError               = true                                   {manageable} {command line}
   size_t InitialHeapSize                          = 100663296                                 {product} {ergonomic}
   size_t MarkStackSize                            = 4194304                                   {product} {ergonomic}
   size_t MaxHeapSize                              = 8589934592                                {product} {command line}
   size_t MaxMetaspaceSize                         = 4294967296                                {product} {command line}
   size_t MaxNewSize                               = 5150605312                                {product} {ergonomic}
   size_t MinHeapDeltaBytes                        = 4194304                                   {product} {ergonomic}
   size_t MinHeapSize                              = 8388608                                   {product} {ergonomic}
    uintx NonNMethodCodeHeapSize                   = 5839372                                {pd product} {ergonomic}
    uintx NonProfiledCodeHeapSize                  = 265515770                              {pd product} {ergonomic}
    uintx ProfiledCodeHeapSize                     = 265515770                              {pd product} {ergonomic}
    uintx ReservedCodeCacheSize                    = 536870912                              {pd product} {command line}
     bool SegmentedCodeCache                       = true                                      {product} {ergonomic}
   size_t SoftMaxHeapSize                          = 8589934592                             {manageable} {ergonomic}
     bool UseCompressedOops                        = true                           {product lp64_product} {ergonomic}
     bool UseG1GC                                  = true                                      {product} {ergonomic}
     bool UseLargePagesIndividualAllocation        = false                                  {pd product} {ergonomic}

Logging:
Log output configuration:
 #0: stdout all=warning uptime,level,tags foldmultilines=false
 #1: stderr all=off uptime,level,tags foldmultilines=false

Release file:
JAVA_VERSION="21.0.10" 
MODULES="java.base java.compiler java.datatransfer java.xml java.prefs java.desktop java.instrument java.logging java.management java.security.sasl java.naming java.rmi java.management.rmi java.net.http java.scripting java.security.jgss java.transaction.xa java.sql java.sql.rowset java.xml.crypto java.se java.smartcardio jdk.accessibility jdk.internal.jvmstat jdk.attach jdk.charsets jdk.internal.opt jdk.zipfs jdk.compiler jdk.crypto.ec jdk.crypto.cryptoki jdk.crypto.mscapi jdk.dynalink jdk.internal.ed jdk.editpad jdk.hotspot.agent jdk.httpserver jdk.internal.le jdk.internal.vm.ci jdk.internal.vm.compiler jdk.internal.vm.compiler.management jdk.jartool jdk.javadoc jdk.jcmd jdk.management jdk.management.agent jdk.jconsole jdk.jdeps jdk.jdwp.agent jdk.jdi jdk.jfr jdk.jshell jdk.jsobject jdk.jstatd jdk.localedata jdk.management.jfr jdk.naming.dns jdk.naming.rmi jdk.net jdk.nio.mapmode jdk.random jdk.sctp jdk.security.auth jdk.security.jgss jdk.unsupported jdk.unsupported.desktop jdk.xml.dom" 

Environment Variables:
JAVA_HOME=C:\Program Files\Eclipse Adoptium\jdk-17.0.17.10-hotspot
_JAVA_OPTIONS=-Dsun.java2d.d3d=false -Dsun.java2d.opengl=false
PATH=C:\Users\LENOVO\AppData\Local\Programs\Python\Python314\Scripts\;C:\Users\LENOVO\AppData\Local\Programs\Python\Python314\;C:\Program Files\Eclipse Adoptium\jdk-17.0.17.10-hotspot\bin;C:\Program Files (x86)\VMware\VMware Workstation\bin\;C:\Program Files\Common Files\Oracle\Java\javapath;C:\WINDOWS\system32;C:\WINDOWS;C:\WINDOWS\System32\Wbem;C:\WINDOWS\System32\WindowsPowerShell\v1.0\;C:\WINDOWS\System32\OpenSSH\;C:\Program Files\dotnet\;C:\Program Files (x86)\Windows Kits\10\Windows Performance Toolkit\;C:\Program Files (x86)\HP\Common\HPDestPlgIn\;C:\Program Files (x86)\Microsoft SQL Server\160\Tools\Binn\;C:\Program Files\Microsoft SQL Server\160\Tools\Binn\;C:\Program Files\Microsoft SQL Server\Client SDK\ODBC\170\Tools\Binn\;C:\Program Files\Microsoft SQL Server\160\DTS\Binn\;C:\Program Files (x86)\Microsoft SQL Server\160\DTS\Binn\;C:\Program Files\Microsoft SQL Server\150\Tools\Binn\;C:\Git\Git_App\cmd;C:\ProgramData\chocolatey\bin;C:\Users\LENOVO\AppData\Local\nvm;C:\nvm4w\nodejs;%JAVA_HOME%\bin;C:\Program Files\Arduino PLC IDE Tools\;C:\Program Files\Git\cmd;C:\Program Files (x86)\Microsoft SQL Server\170\Tools\Binn\;C:\Program Files\Microsoft SQL Server\170\Tools\Binn\;C:\Program Files\Microsoft SQL Server\Client SDK\ODBC\180\Tools\Binn\;C:\Program Files\Microsoft SQL Server\170\DTS\Binn\;C:\Program Files\nodejs\;C:\Program Files\Docker\Docker\resources\bin;C:\Program Files\Git\bin;C:\Program Files\Git\cmd;C:\Visual Studio Code\Microsoft VS Code\bin;C:\Program Files\Eclipse Adoptium\jdk-17.0.17.10-hotspot\bin;C:\JMeter\apache-jmeter-5.6.3\apache-jmeter-5.6.3\bin;C:\Users\LENOVO\AppData\Local\Python\bin;C:\development\flutter\bin;C:\Users\LENOVO\AppData\Roaming\npm;C:\Users\LENOVO\AppData\Local\Android\Sdk\platform-tools;
USERNAME=LENOVO
OS=Windows_NT
PROCESSOR_IDENTIFIER=AMD64 Family 25 Model 80 Stepping 0, AuthenticAMD
TMP=C:\Users\LENOVO\AppData\Local\Temp
TEMP=C:\Users\LENOVO\AppData\Local\Temp




Periodic native trim disabled

---------------  S Y S T E M  ---------------

OS:
 Windows 11 , 64 bit Build 26100 (10.0.26100.8328)
OS uptime: 1 days 22:25 hours
Hyper-V role detected

CPU: total 12 (initial active 12) (12 cores per cpu, 2 threads per core) family 25 model 80 stepping 0 microcode 0xa50000c, cx8, cmov, fxsr, ht, mmx, 3dnowpref, sse, sse2, sse3, ssse3, sse4a, sse4.1, sse4.2, popcnt, lzcnt, tsc, tscinvbit, avx, avx2, aes, erms, clmul, bmi1, bmi2, adx, sha, fma, vzeroupper, clflush, clflushopt, hv, rdtscp, rdpid, fsrm, f16c, cet_ss
Processor Information for processor 0
  Max Mhz: 2301, Current Mhz: 1990, Mhz Limit: 2301
Processor Information for processor 1
  Max Mhz: 2301, Current Mhz: 2301, Mhz Limit: 2301
Processor Information for processor 2
  Max Mhz: 2301, Current Mhz: 1990, Mhz Limit: 2301
Processor Information for processor 3
  Max Mhz: 2301, Current Mhz: 2301, Mhz Limit: 2301
Processor Information for processor 4
  Max Mhz: 2301, Current Mhz: 2301, Mhz Limit: 2301
Processor Information for processor 5
  Max Mhz: 2301, Current Mhz: 2301, Mhz Limit: 2301
Processor Information for processor 6
  Max Mhz: 2301, Current Mhz: 2301, Mhz Limit: 2301
Processor Information for processor 7
  Max Mhz: 2301, Current Mhz: 1990, Mhz Limit: 2301
Processor Information for processor 8
  Max Mhz: 2301, Current Mhz: 2301, Mhz Limit: 2301
Processor Information for processor 9
  Max Mhz: 2301, Current Mhz: 1990, Mhz Limit: 2301
Processor Information for processor 10
  Max Mhz: 2301, Current Mhz: 2301, Mhz Limit: 2301
Processor Information for processor 11
  Max Mhz: 2301, Current Mhz: 2301, Mhz Limit: 2301

Memory: 4k page, system-wide physical 5996M (78M free)
TotalPageFile size 24428M (AvailPageFile size 6M)
current process WorkingSet (physical memory assigned to process): 169M, peak: 171M
current process commit charge ("private bytes"): 239M, peak: 243M

vm_info: OpenJDK 64-Bit Server VM (21.0.10+7-LTS) for windows-amd64 JRE (21.0.10+7-LTS), built on 2026-01-20T00:00:00Z by "admin" with MS VC++ 17.12 (VS2022)

END.
